Copyright 1986-2022 Xilinx, Inc. All Rights Reserved. Copyright 2022-2024 Advanced Micro Devices, Inc. All Rights Reserved.
---------------------------------------------------------------------------------------------------------------------------------------------
| Tool Version : Vivado v.2024.1 (win64) Build 5076996 Wed May 22 18:37:14 MDT 2024
| Date         : Sun Aug 11 22:39:06 2024
| Host         : Naboo running 64-bit major release  (build 9200)
| Command      : report_design_analysis -file ./report/my_adder_ip_design_analysis_routed.rpt
| Design       : bd_0_wrapper
| Device       : xc7z020
| Design State : Routed
---------------------------------------------------------------------------------------------------------------------------------------------

Report Design Analysis

Table of Contents
-----------------
1. Setup Path Characteristics 1-1
2. Logic Level Distribution
3. Placer Final Level Congestion Reporting
4. Initial Estimated Router Congestion Reporting
5. SLR Net Crossing Reporting

1. Setup Path Characteristics 1-1
---------------------------------

+---------------------------+------------------------------------------------------------------------------------+
|      Characteristics      |                                       Path #1                                      |
+---------------------------+------------------------------------------------------------------------------------+
| Requirement               | inf                                                                                |
| Path Delay                | 3.490                                                                              |
| Logic Delay               | 2.286(66%)                                                                         |
| Net Delay                 | 1.204(34%)                                                                         |
| Clock Skew                | 0.000                                                                              |
| Slack                     | inf                                                                                |
| Clock Uncertainty         | 0.000                                                                              |
| Clock Relationship        | Safely Timed                                                                       |
| Clock Delay Group         | Same Clock                                                                         |
| Logic Levels              | 10                                                                                 |
| Routes                    | 8                                                                                  |
| Logical Path              | FDRE/C-(4)-LUT2-(1)-CARRY4-CARRY4-CARRY4-CARRY4-CARRY4-CARRY4-CARRY4-CARRY4-FDRE/D |
| Start Point Clock         |                                                                                    |
| End Point Clock           |                                                                                    |
| DSP Block                 | None                                                                               |
| RAM Registers             | None-None                                                                          |
| IO Crossings              | 0                                                                                  |
| Config Crossings          | 0                                                                                  |
| SLR Crossings             | 0                                                                                  |
| PBlocks                   | 0                                                                                  |
| High Fanout               | 4                                                                                  |
| Dont Touch                | 0                                                                                  |
| Mark Debug                | 0                                                                                  |
| Start Point Pin Primitive | FDRE/C                                                                             |
| End Point Pin Primitive   | FDRE/D                                                                             |
| Start Point Pin           | int_b_reg[1]/C                                                                     |
| End Point Pin             | int_c_reg[29]/D                                                                    |
+---------------------------+------------------------------------------------------------------------------------+
* Bounding box calculated as % of dimensions for the target device (308, 299)


2. Logic Level Distribution
---------------------------

+-----------------+-------------+---+-----+-----+----+---+---+---+---+---+---+----+
| End Point Clock | Requirement | 0 |  1  |  2  |  3 | 4 | 5 | 6 | 7 | 8 | 9 | 10 |
+-----------------+-------------+---+-----+-----+----+---+---+---+---+---+---+----+
| (none)          | 0.000ns     | 4 | 186 | 225 | 15 | 5 | 4 | 4 | 4 | 4 | 4 |  4 |
+-----------------+-------------+---+-----+-----+----+---+---+---+---+---+---+----+
* Columns represent the logic levels per end point clock
** Distribution is for top worst 459 paths


3. Placer Final Level Congestion Reporting
------------------------------------------

+-----------+------+-------+------------+--------+---------------+---------------+-----+--------+------+------+------+-----+-------+-----+------------+
| Direction | Type | Level | Congestion | Window | Combined LUTs | Avg LUT Input | LUT | LUTRAM | Flop | MUXF | RAMB | DSP | CARRY | SRL | Cell Names |
+-----------+------+-------+------------+--------+---------------+---------------+-----+--------+------+------+------+-----+-------+-----+------------+
* No congestion windows are found above level 5


4. Initial Estimated Router Congestion Reporting
------------------------------------------------

+-----------+------+-------+------------------+--------+---------------+---------------+-----+--------+------+------+------+-----+-------+-----+------------+
| Direction | Type | Level | Percentage Tiles | Window | Combined LUTs | Avg LUT Input | LUT | LUTRAM | Flop | MUXF | RAMB | DSP | CARRY | SRL | Cell Names |
+-----------+------+-------+------------------+--------+---------------+---------------+-----+--------+------+------+------+-----+-------+-----+------------+
* No router congested regions found.
** No initial estimated congestion windows are found above level 5


5. SLR Net Crossing Reporting
-----------------------------

+------------+-----------------------------+
| Cell Names | Number of Nets crossing SLR |
+------------+-----------------------------+
* The current part is not an SSI device


