Copyright 1986-2023 Xilinx, Inc. All Rights Reserved.
------------------------------------------------------------------------------------------------------
| Tool Version : Vivado v.2022.2.2 (win64) Build 3788238 Tue Feb 21 20:00:34 MST 2023
| Date         : Sat May 27 20:01:50 2023
| Host         : Naboo running 64-bit major release  (build 9200)
| Command      : report_design_analysis -file ./report/fetching_decoding_ip_design_analysis_synth.rpt
| Design       : bd_0_wrapper
| Device       : xc7z020
| Design State : Synthesized
------------------------------------------------------------------------------------------------------

Report Design Analysis

Table of Contents
-----------------
1. Setup Path Characteristics 1-1
2. Logic Level Distribution
3. Placer Final Level Congestion Reporting
4. SLR Net Crossing Reporting

1. Setup Path Characteristics 1-1
---------------------------------

+---------------------------+--------------------------------------------------------------------+
|      Characteristics      |                               Path #1                              |
+---------------------------+--------------------------------------------------------------------+
| Requirement               | 10.000                                                             |
| Path Delay                | 5.971                                                              |
| Logic Delay               | 3.695(62%)                                                         |
| Net Delay                 | 2.276(38%)                                                         |
| Clock Skew                | -0.049                                                             |
| Slack                     | 4.022                                                              |
| Clock Uncertainty         | 0.035                                                              |
| Clock Relationship        | Safely Timed                                                       |
| Clock Delay Group         | Same Clock                                                         |
| Logic Levels              | 4                                                                  |
| Routes                    | NA                                                                 |
| Logical Path              | RAMB36E1/CLKBWRCLK-(1)-RAMB36E1-LUT5-(20)-LUT6-(1)-LUT6-(1)-FDRE/D |
| Start Point Clock         | ap_clk                                                             |
| End Point Clock           | ap_clk                                                             |
| DSP Block                 | None                                                               |
| RAM Registers             | DO_REG(0)-None                                                     |
| IO Crossings              | 0                                                                  |
| Config Crossings          | 0                                                                  |
| SLR Crossings             | 0                                                                  |
| PBlocks                   | 0                                                                  |
| High Fanout               | 20                                                                 |
| Dont Touch                | 0                                                                  |
| Mark Debug                | 0                                                                  |
| Start Point Pin Primitive | RAMB36E1/CLKBWRCLK                                                 |
| End Point Pin Primitive   | FDRE/D                                                             |
| Start Point Pin           | mem_reg_0_0_6/CLKBWRCLK                                            |
| End Point Pin             | trunc_ln34_reg_187_reg[1]/D                                        |
+---------------------------+--------------------------------------------------------------------+
* Bounding box calculated as % of dimensions for the target device (308, 299)


2. Logic Level Distribution
---------------------------

+-----------------+-------------+-----+----+----+----+----+----+---+
| End Point Clock | Requirement |  1  |  2 |  3 |  4 |  5 |  6 | 8 |
+-----------------+-------------+-----+----+----+----+----+----+---+
| ap_clk          | 10.000ns    | 843 | 63 | 17 | 47 | 17 | 12 | 1 |
+-----------------+-------------+-----+----+----+----+----+----+---+
* Columns represent the logic levels per end point clock
** Distribution is for top worst 1000 paths


3. Placer Final Level Congestion Reporting
------------------------------------------

+-----------+------+-------+------------+--------+---------------+---------------+-----+--------+------+------+------+-----+-------+-----+------------+
| Direction | Type | Level | Congestion | Window | Combined LUTs | Avg LUT Input | LUT | LUTRAM | Flop | MUXF | RAMB | DSP | CARRY | SRL | Cell Names |
+-----------+------+-------+------------+--------+---------------+---------------+-----+--------+------+------+------+-----+-------+-----+------------+
* The design has not been placed, hence congestion data is not available. The command report_design_analysis -congestion should be run only after place_design has completed.


4. SLR Net Crossing Reporting
-----------------------------

+------------+-----------------------------+
| Cell Names | Number of Nets crossing SLR |
+------------+-----------------------------+
* The current part is not an SSI device


