Copyright 1986-2023 Xilinx, Inc. All Rights Reserved.
-----------------------------------------------------------------------------------------------------------------------------------------------
| Tool Version : Vivado v.2022.2.2 (win64) Build 3788238 Tue Feb 21 20:00:34 MST 2023
| Date         : Sat May 27 20:01:14 2023
| Host         : Naboo running 64-bit major release  (build 9200)
| Command      : report_utilization -hierarchical -hierarchical_depth 6 -file ./report/fetching_decoding_ip_utilization_hierarchical_synth.rpt
| Design       : bd_0_wrapper
| Device       : xc7z020clg400-1
| Speed File   : -1
| Design State : Synthesized
-----------------------------------------------------------------------------------------------------------------------------------------------

Utilization Design Information

Table of Contents
-----------------
1. Utilization by Hierarchy

1. Utilization by Hierarchy
---------------------------

+-------------------------------+--------------------------------------------------------+------------+------------+---------+------+-----+--------+--------+------------+
|            Instance           |                         Module                         | Total LUTs | Logic LUTs | LUTRAMs | SRLs | FFs | RAMB36 | RAMB18 | DSP Blocks |
+-------------------------------+--------------------------------------------------------+------------+------------+---------+------+-----+--------+--------+------------+
| bd_0_wrapper                  |                                                  (top) |       1384 |       1384 |       0 |    0 | 293 |     64 |      0 |          0 |
|   bd_0_i                      |                                                   bd_0 |       1384 |       1384 |       0 |    0 | 293 |     64 |      0 |          0 |
|     hls_inst                  |                                        bd_0_hls_inst_0 |       1384 |       1384 |       0 |    0 | 293 |     64 |      0 |          0 |
|       (hls_inst)              |                                        bd_0_hls_inst_0 |          0 |          0 |       0 |    0 |   0 |      0 |      0 |          0 |
|       inst                    |                   bd_0_hls_inst_0_fetching_decoding_ip |       1384 |       1384 |       0 |    0 | 293 |     64 |      0 |          0 |
|         (inst)                |                   bd_0_hls_inst_0_fetching_decoding_ip |          5 |          5 |       0 |    0 | 156 |      0 |      0 |          0 |
|         control_s_axi_U       |     bd_0_hls_inst_0_fetching_decoding_ip_control_s_axi |       1305 |       1305 |       0 |    0 | 135 |     64 |      0 |          0 |
|           (control_s_axi_U)   |     bd_0_hls_inst_0_fetching_decoding_ip_control_s_axi |         81 |         81 |       0 |    0 | 135 |      0 |      0 |          0 |
|           int_code_ram        | bd_0_hls_inst_0_fetching_decoding_ip_control_s_axi_ram |       1224 |       1224 |       0 |    0 |   0 |     64 |      0 |          0 |
|         grp_fetch_fu_87       |             bd_0_hls_inst_0_fetching_decoding_ip_fetch |         66 |         66 |       0 |    0 |   2 |      0 |      0 |          0 |
|         pc_V_1_execute_fu_106 |           bd_0_hls_inst_0_fetching_decoding_ip_execute |          8 |          8 |       0 |    0 |   0 |      0 |      0 |          0 |
+-------------------------------+--------------------------------------------------------+------------+------------+---------+------+-----+--------+--------+------------+


