remark: C:/Xilinx/Vitis_HLS/2022.2/common/technology/autopilot\ap_int_base.h:215:76: Inlining function 'ssdm_int<16, false>::ssdm_int(unsigned short)' into 'ap_int_base<16, false>::ap_int_base(unsigned int)'
remark: <unknown>:0:0: Inlining function 'ap_int_base<16, false>::ap_int_base(unsigned int)' into 'ap_uint<16>::ap_uint(unsigned int)'
remark: src/fetch.cpp:17:26: Inlining function 'ap_int_base<16, false>::operator unsigned long long() const' into 'fetch(ap_uint<16>, unsigned int*, unsigned int*)'
remark: C:/Xilinx/Vitis_HLS/2022.2/common/technology/autopilot\ap_int_base.h:214:67: Inlining function 'ssdm_int<32, true>::ssdm_int(int)' into 'ap_int_base<32, true>::ap_int_base(int)'
remark: C:/Xilinx/Vitis_HLS/2022.2/common/technology/autopilot\ap_int_base.h:185:106: Inlining function '_ZN8ssdm_intILi33ELb1EEC2EDq33_i' into 'ap_int_base<33, true>::ap_int_base<16, false>(ap_int_base<16, false> const&)'
remark: C:/Xilinx/Vitis_HLS/2022.2/common/technology/autopilot\ap_int_base.h:185:106: Inlining function '_ZN8ssdm_intILi33ELb1EEC2EDq33_i' into 'ap_int_base<33, true>::ap_int_base<32, true>(ap_int_base<32, true> const&)'
remark: C:/Xilinx/Vitis_HLS/2022.2/common/technology/autopilot\ap_int_base.h:214:67: Inlining function '_ZN8ssdm_intILi33ELb1EEC2EDq33_i' into 'ap_int_base<33, true>::ap_int_base(int)'
remark: C:/Xilinx/Vitis_HLS/2022.2/common/technology/autopilot\ap_int_base.h:1495:339: Inlining function 'ap_int_base<33, true>::ap_int_base<16, false>(ap_int_base<16, false> const&)' into 'ap_int_base<16, false>::RType<32, true>::plus operator+<16, false, 32, true>(ap_int_base<16, false> const&, ap_int_base<32, true> const&)'
remark: C:/Xilinx/Vitis_HLS/2022.2/common/technology/autopilot\ap_int_base.h:1495:516: Inlining function 'ap_int_base<33, true>::ap_int_base(int)' into 'ap_int_base<16, false>::RType<32, true>::plus operator+<16, false, 32, true>(ap_int_base<16, false> const&, ap_int_base<32, true> const&)'
remark: C:/Xilinx/Vitis_HLS/2022.2/common/technology/autopilot\ap_int_base.h:1495:427: Inlining function 'ap_int_base<33, true>::ap_int_base<32, true>(ap_int_base<32, true> const&)' into 'ap_int_base<16, false>::RType<32, true>::plus operator+<16, false, 32, true>(ap_int_base<16, false> const&, ap_int_base<32, true> const&)'
remark: C:/Xilinx/Vitis_HLS/2022.2/common/technology/autopilot\ap_int_base.h:1633:1006: Inlining function 'ap_int_base<32, true>::ap_int_base(int)' into 'ap_int_base<16, false>::RType<($_0)32, true>::plus operator+<16, false>(ap_int_base<16, false> const&, int)'
remark: C:/Xilinx/Vitis_HLS/2022.2/common/technology/autopilot\ap_int_base.h:1633:1004: Inlining function 'ap_int_base<16, false>::RType<32, true>::plus operator+<16, false, 32, true>(ap_int_base<16, false> const&, ap_int_base<32, true> const&)' into 'ap_int_base<16, false>::RType<($_0)32, true>::plus operator+<16, false>(ap_int_base<16, false> const&, int)'
remark: C:/Xilinx/Vitis_HLS/2022.2/common/technology/autopilot\ap_int_base.h:185:106: Inlining function 'ssdm_int<16, false>::ssdm_int(unsigned short)' into 'ap_int_base<16, false>::ap_int_base<33, true>(ap_int_base<33, true> const&)'
remark: <unknown>:0:0: Inlining function 'ap_int_base<16, false>::ap_int_base<33, true>(ap_int_base<33, true> const&)' into 'ap_uint<16>::ap_uint<33>(ap_int<33> const&)'
remark: src/execute.cpp:8:29: Inlining function 'ap_int_base<16, false>::RType<($_0)32, true>::plus operator+<16, false>(ap_int_base<16, false> const&, int)' into 'compute_next_pc(ap_uint<16>)'
remark: src/execute.cpp:17:13: Inlining function 'compute_next_pc(ap_uint<16>)' into 'execute(ap_uint<16>, ap_uint<16>*)'
remark: C:/Xilinx/Vitis_HLS/2022.2/common/technology/autopilot\ap_int_base.h:208:68: Inlining function '_ZN8ssdm_intILi1ELb0EEC2EDq1_j' into 'ap_int_base<1, false>::ap_int_base(bool)'
remark: <unknown>:0:0: Inlining function 'ap_int_base<1, false>::ap_int_base(bool)' into 'ap_uint<1>::ap_uint(bool)'
remark: src/fetching_ip.cpp:25:12: Inlining function 'ap_int_base<1, false>::operator unsigned long long() const' into 'fetching_ip(unsigned int, unsigned int*)'
remark: src/fetching_ip.cpp:20:20: Could not analyze the loop bounds _XLX_SEP_ VITIS_LOOP_20_1 src/fetching_ip.cpp:20:20 fetching_ip(unsigned int, unsigned int*) 
