C:\Users\monde\Documents\GitHub\nasa-CPU\HLS\fetching_ip\solution1\.autopilot\db\fetching_ip.pp.0.cpp:1324:7: warning: Added loop label VITIS_LOOP_1211_1:   [xilinx-label-all-loops]
      for (i = 0; i < __N - 1; ++i) {
      ^~~
      VITIS_LOOP_1211_1: 
C:\Users\monde\Documents\GitHub\nasa-CPU\HLS\fetching_ip\solution1\.autopilot\db\fetching_ip.pp.0.cpp:1324:7: note: FIX-IT applied suggested code changes
C:\Users\monde\Documents\GitHub\nasa-CPU\HLS\fetching_ip\solution1\.autopilot\db\fetching_ip.pp.0.cpp:2298:5: warning: Added loop label VITIS_LOOP_676_1:   [xilinx-label-all-loops]
    for (unsigned i = low; i != high; ++i) {
    ^~~
    VITIS_LOOP_676_1: 
C:\Users\monde\Documents\GitHub\nasa-CPU\HLS\fetching_ip\solution1\.autopilot\db\fetching_ip.pp.0.cpp:2298:5: note: FIX-IT applied suggested code changes
C:\Users\monde\Documents\GitHub\nasa-CPU\HLS\fetching_ip\solution1\.autopilot\db\fetching_ip.pp.0.cpp:2312:5: warning: Added loop label VITIS_LOOP_690_1:   [xilinx-label-all-loops]
    for (unsigned i = low; i != high; ++i) {
    ^~~
    VITIS_LOOP_690_1: 
C:\Users\monde\Documents\GitHub\nasa-CPU\HLS\fetching_ip\solution1\.autopilot\db\fetching_ip.pp.0.cpp:2312:5: note: FIX-IT applied suggested code changes
C:\Users\monde\Documents\GitHub\nasa-CPU\HLS\fetching_ip\solution1\.autopilot\db\fetching_ip.pp.0.cpp:2326:5: warning: Added loop label VITIS_LOOP_704_1:   [xilinx-label-all-loops]
    for (unsigned i = low; i != high; ++i) {
    ^~~
    VITIS_LOOP_704_1: 
C:\Users\monde\Documents\GitHub\nasa-CPU\HLS\fetching_ip\solution1\.autopilot\db\fetching_ip.pp.0.cpp:2326:5: note: FIX-IT applied suggested code changes
C:\Users\monde\Documents\GitHub\nasa-CPU\HLS\fetching_ip\solution1\.autopilot\db\fetching_ip.pp.0.cpp:3937:7: warning: Added loop label VITIS_LOOP_1245_1:   [xilinx-label-all-loops]
      for (i = 0; i < __N - 1; ++i) {
      ^~~
      VITIS_LOOP_1245_1: 
C:\Users\monde\Documents\GitHub\nasa-CPU\HLS\fetching_ip\solution1\.autopilot\db\fetching_ip.pp.0.cpp:3937:7: note: FIX-IT applied suggested code changes
C:\Users\monde\Documents\GitHub\nasa-CPU\HLS\fetching_ip\solution1\.autopilot\db\fetching_ip.pp.0.cpp:5775:3: warning: Added loop label VITIS_LOOP_20_1:   [xilinx-label-all-loops]
  do{
  ^~
  VITIS_LOOP_20_1: 
C:\Users\monde\Documents\GitHub\nasa-CPU\HLS\fetching_ip\solution1\.autopilot\db\fetching_ip.pp.0.cpp:5775:3: note: FIX-IT applied suggested code changes
