C:\Users\monde\Documents\GitHub\nasa-CPU\HLS\fetching_ip\solution1\.autopilot\db\running_cond_update.pp.0.cpp:1328:7: warning: Added loop label VITIS_LOOP_1211_1:   [xilinx-label-all-loops]
      for (i = 0; i < __N - 1; ++i) {
      ^~~
      VITIS_LOOP_1211_1: 
C:\Users\monde\Documents\GitHub\nasa-CPU\HLS\fetching_ip\solution1\.autopilot\db\running_cond_update.pp.0.cpp:1328:7: note: FIX-IT applied suggested code changes
C:\Users\monde\Documents\GitHub\nasa-CPU\HLS\fetching_ip\solution1\.autopilot\db\running_cond_update.pp.0.cpp:2302:5: warning: Added loop label VITIS_LOOP_676_1:   [xilinx-label-all-loops]
    for (unsigned i = low; i != high; ++i) {
    ^~~
    VITIS_LOOP_676_1: 
C:\Users\monde\Documents\GitHub\nasa-CPU\HLS\fetching_ip\solution1\.autopilot\db\running_cond_update.pp.0.cpp:2302:5: note: FIX-IT applied suggested code changes
C:\Users\monde\Documents\GitHub\nasa-CPU\HLS\fetching_ip\solution1\.autopilot\db\running_cond_update.pp.0.cpp:2316:5: warning: Added loop label VITIS_LOOP_690_1:   [xilinx-label-all-loops]
    for (unsigned i = low; i != high; ++i) {
    ^~~
    VITIS_LOOP_690_1: 
C:\Users\monde\Documents\GitHub\nasa-CPU\HLS\fetching_ip\solution1\.autopilot\db\running_cond_update.pp.0.cpp:2316:5: note: FIX-IT applied suggested code changes
C:\Users\monde\Documents\GitHub\nasa-CPU\HLS\fetching_ip\solution1\.autopilot\db\running_cond_update.pp.0.cpp:2330:5: warning: Added loop label VITIS_LOOP_704_1:   [xilinx-label-all-loops]
    for (unsigned i = low; i != high; ++i) {
    ^~~
    VITIS_LOOP_704_1: 
C:\Users\monde\Documents\GitHub\nasa-CPU\HLS\fetching_ip\solution1\.autopilot\db\running_cond_update.pp.0.cpp:2330:5: note: FIX-IT applied suggested code changes
C:\Users\monde\Documents\GitHub\nasa-CPU\HLS\fetching_ip\solution1\.autopilot\db\running_cond_update.pp.0.cpp:3941:7: warning: Added loop label VITIS_LOOP_1245_1:   [xilinx-label-all-loops]
      for (i = 0; i < __N - 1; ++i) {
      ^~~
      VITIS_LOOP_1245_1: 
C:\Users\monde\Documents\GitHub\nasa-CPU\HLS\fetching_ip\solution1\.autopilot\db\running_cond_update.pp.0.cpp:3941:7: note: FIX-IT applied suggested code changes
