Copyright 1986-2022 Xilinx, Inc. All Rights Reserved. Copyright 2022-2023 Advanced Micro Devices, Inc. All Rights Reserved.
---------------------------------------------------------------------------------------------------------------------------------------------
| Tool Version : Vivado v.2023.2 (win64) Build 4029153 Fri Oct 13 20:14:34 MDT 2023
| Date         : Tue Nov 21 22:02:36 2023
| Host         : Naboo running 64-bit major release  (build 9200)
| Command      : report_design_analysis -file ./report/fetching_decoding_ip_design_analysis_synth.rpt
| Design       : bd_0_wrapper
| Device       : xc7z020
| Design State : Synthesized
---------------------------------------------------------------------------------------------------------------------------------------------

Report Design Analysis

Table of Contents
-----------------
1. Setup Path Characteristics 1-1
2. Logic Level Distribution
3. Placer Final Level Congestion Reporting
4. SLR Net Crossing Reporting

1. Setup Path Characteristics 1-1
---------------------------------

+---------------------------+-------------------------------------------------------------------+
|      Characteristics      |                              Path #1                              |
+---------------------------+-------------------------------------------------------------------+
| Requirement               | 10.000                                                            |
| Path Delay                | 6.338                                                             |
| Logic Delay               | 3.669(58%)                                                        |
| Net Delay                 | 2.669(42%)                                                        |
| Clock Skew                | -0.049                                                            |
| Slack                     | 3.655                                                             |
| Clock Uncertainty         | 0.035                                                             |
| Clock Relationship        | Safely Timed                                                      |
| Clock Delay Group         | Same Clock                                                        |
| Logic Levels              | 4                                                                 |
| Routes                    | NA                                                                |
| Logical Path              | RAMB36E1/CLKBWRCLK-(1)-RAMB36E1-LUT4-(1)-LUT6-(1)-LUT6-(1)-FDRE/D |
| Start Point Clock         | ap_clk                                                            |
| End Point Clock           | ap_clk                                                            |
| DSP Block                 | None                                                              |
| RAM Registers             | DO_REG(0)-None                                                    |
| IO Crossings              | 0                                                                 |
| Config Crossings          | 0                                                                 |
| SLR Crossings             | 0                                                                 |
| PBlocks                   | 0                                                                 |
| High Fanout               | 1                                                                 |
| Dont Touch                | 0                                                                 |
| Mark Debug                | 0                                                                 |
| Start Point Pin Primitive | RAMB36E1/CLKBWRCLK                                                |
| End Point Pin Primitive   | FDRE/D                                                            |
| Start Point Pin           | mem_reg_2_0_3/CLKBWRCLK                                           |
| End Point Pin             | ap_enable_reg_pp0_iter0_reg/D                                     |
+---------------------------+-------------------------------------------------------------------+
* Bounding box calculated as % of dimensions for the target device (308, 299)


2. Logic Level Distribution
---------------------------

+-----------------+-------------+-----+----+-----+-----+-----+-----+
| End Point Clock | Requirement |  1  |  2 |  3  |  4  |  5  |  6  |
+-----------------+-------------+-----+----+-----+-----+-----+-----+
| ap_clk          | 10.000ns    | 190 | 47 | 132 | 231 | 202 | 198 |
+-----------------+-------------+-----+----+-----+-----+-----+-----+
* Columns represent the logic levels per end point clock
** Distribution is for top worst 1000 paths


3. Placer Final Level Congestion Reporting
------------------------------------------

+-----------+------+-------+------------+--------+---------------+---------------+-----+--------+------+------+------+-----+-------+-----+------------+
| Direction | Type | Level | Congestion | Window | Combined LUTs | Avg LUT Input | LUT | LUTRAM | Flop | MUXF | RAMB | DSP | CARRY | SRL | Cell Names |
+-----------+------+-------+------------+--------+---------------+---------------+-----+--------+------+------+------+-----+-------+-----+------------+
* The design has not been placed, hence congestion data is not available. The command report_design_analysis -congestion should be run only after place_design has completed.


4. SLR Net Crossing Reporting
-----------------------------

+------------+-----------------------------+
| Cell Names | Number of Nets crossing SLR |
+------------+-----------------------------+
* The current part is not an SSI device


