Copyright 1986-2022 Xilinx, Inc. All Rights Reserved. Copyright 2022-2023 Advanced Micro Devices, Inc. All Rights Reserved.
---------------------------------------------------------------------------------------------------------------------------------------------
| Tool Version : Vivado v.2023.2 (win64) Build 4029153 Fri Oct 13 20:14:34 MDT 2023
| Date         : Mon Nov 20 22:31:03 2023
| Host         : Naboo running 64-bit major release  (build 9200)
| Command      : report_utilization -hierarchical -hierarchical_depth 6 -file ./report/fetching_ip_utilization_hierarchical_synth.rpt
| Design       : bd_0_wrapper
| Device       : xc7z020clg400-1
| Speed File   : -1
| Design State : Synthesized
---------------------------------------------------------------------------------------------------------------------------------------------

Utilization Design Information

Table of Contents
-----------------
1. Utilization by Hierarchy

1. Utilization by Hierarchy
---------------------------

+-----------------------------+-----------------------------------------------+------------+------------+---------+------+-----+--------+--------+------------+
|           Instance          |                     Module                    | Total LUTs | Logic LUTs | LUTRAMs | SRLs | FFs | RAMB36 | RAMB18 | DSP Blocks |
+-----------------------------+-----------------------------------------------+------------+------------+---------+------+-----+--------+--------+------------+
| bd_0_wrapper                |                                         (top) |        262 |        262 |       0 |    0 | 204 |     64 |      0 |          0 |
|   bd_0_i                    |                                          bd_0 |        262 |        262 |       0 |    0 | 204 |     64 |      0 |          0 |
|     hls_inst                |                               bd_0_hls_inst_0 |        262 |        262 |       0 |    0 | 204 |     64 |      0 |          0 |
|       (hls_inst)            |                               bd_0_hls_inst_0 |          0 |          0 |       0 |    0 |   0 |      0 |      0 |          0 |
|       inst                  |                   bd_0_hls_inst_0_fetching_ip |        262 |        262 |       0 |    0 | 204 |     64 |      0 |          0 |
|         (inst)              |                   bd_0_hls_inst_0_fetching_ip |          0 |          0 |       0 |    0 |  68 |      0 |      0 |          0 |
|         control_s_axi_U     |     bd_0_hls_inst_0_fetching_ip_control_s_axi |        225 |        225 |       0 |    0 | 102 |     64 |      0 |          0 |
|           (control_s_axi_U) |     bd_0_hls_inst_0_fetching_ip_control_s_axi |         74 |         74 |       0 |    0 | 102 |      0 |      0 |          0 |
|           int_code_ram      | bd_0_hls_inst_0_fetching_ip_control_s_axi_ram |        151 |        151 |       0 |    0 |   0 |     64 |      0 |          0 |
|         grp_fetch_fu_62     |             bd_0_hls_inst_0_fetching_ip_fetch |         37 |         37 |       0 |    0 |  34 |      0 |      0 |          0 |
+-----------------------------+-----------------------------------------------+------------+------------+---------+------+-----+--------+--------+------------+


