

================================================================
== Vitis HLS Report for 'execute'
================================================================
* Date:           Fri Jun  2 20:35:44 2023

* Version:        2023.1 (Build 3854077 on May  4 2023)
* Project:        fetching_decoding_ip
* Solution:       solution1 (Vivado IP Flow Target)
* Product family: zynq
* Target device:  xc7z020-clg400-1


================================================================
== Performance Estimates
================================================================
+ Timing: 
    * Summary: 
    +--------+----------+----------+------------+
    |  Clock |  Target  | Estimated| Uncertainty|
    +--------+----------+----------+------------+
    |ap_clk  |  10.00 ns|  4.705 ns|     2.70 ns|
    +--------+----------+----------+------------+

+ Latency: 
    * Summary: 
    +---------+---------+----------+----------+-----+-----+---------+
    |  Latency (cycles) |  Latency (absolute) |  Interval | Pipeline|
    |   min   |   max   |    min   |    max   | min | max |   Type  |
    +---------+---------+----------+----------+-----+-----+---------+
    |        0|        0|      0 ns|      0 ns|    1|    1|      yes|
    +---------+---------+----------+----------+-----+-----+---------+

    + Detail: 
        * Instance: 
        N/A

        * Loop: 
        N/A

============================================================
+ Verbose Summary: Synthesis Manager
============================================================
InlineROM: 1
ExposeGlobal: 0
============================================================
+ Verbose Summary: CDFG Model
============================================================
IsTopModel: 0
ResetActiveHigh: 1
IsCombinational: 0
IsDatapathOnly: 0
HasWiredReturn: 1
HasMFsm: 2
HasVarLatency: 0
IsPipeline: 1
IsRtlPipelined: 0
IsInstanceOverlapped: 0
IsDontTouch: 0
HasImplIP: 0
IsGatedGlobalClock: 0

+ Individual pipeline summary: 
  * Pipeline-0: initiation interval (II) = 1, depth = 1


============================================================
+ Verbose Summary: Schedule
============================================================
* Number of FSM states : 1
* Pipeline : 1
  Pipeline-0 : II = 1, D = 1, States = { 1 }
* Dataflow Pipeline: 0

* FSM state transitions: 
1 --> 

* FSM state operations: 

State 1 <SV = 0> <Delay = 4.70>
ST_1 : Operation 2 [1/1] (0.00ns)   --->   "%d_i_imm_val_read = read i17 @_ssdm_op_Read.ap_auto.i17, i17 %d_i_imm_val" [fetching_decoding_ip/src/execute.cpp:5->fetching_decoding_ip/src/execute.cpp:39]   --->   Operation 2 'read' 'd_i_imm_val_read' <Predicate = true> <Delay = 0.00>
ST_1 : Operation 3 [1/1] (0.00ns)   --->   "%d_i_type_val_read = read i3 @_ssdm_op_Read.ap_auto.i3, i3 %d_i_type_val" [fetching_decoding_ip/src/execute.cpp:5->fetching_decoding_ip/src/execute.cpp:39]   --->   Operation 3 'read' 'd_i_type_val_read' <Predicate = true> <Delay = 0.00>
ST_1 : Operation 4 [1/1] (0.00ns)   --->   "%pc_val_read = read i16 @_ssdm_op_Read.ap_auto.i16, i16 %pc_val" [fetching_decoding_ip/src/execute.cpp:5->fetching_decoding_ip/src/execute.cpp:39]   --->   Operation 4 'read' 'pc_val_read' <Predicate = true> <Delay = 0.00>
ST_1 : Operation 5 [1/1] (0.00ns) (grouped into LUT with out node select_ln8_1)   --->   "%trunc_ln = partselect i16 @_ssdm_op_PartSelect.i16.i17.i32.i32, i17 %d_i_imm_val_read, i32 1, i32 16" [fetching_decoding_ip/src/execute.cpp:25->fetching_decoding_ip/src/execute.cpp:39]   --->   Operation 5 'partselect' 'trunc_ln' <Predicate = (!icmp_ln8_1 & or_ln8_2 & !or_ln8_3)> <Delay = 0.00>
ST_1 : Operation 6 [1/1] (1.65ns)   --->   "%icmp_ln8 = icmp_eq  i3 %d_i_type_val_read, i3 6" [fetching_decoding_ip/src/execute.cpp:8->fetching_decoding_ip/src/execute.cpp:39]   --->   Operation 6 'icmp' 'icmp_ln8' <Predicate = (!or_ln8_3)> <Delay = 1.65> <CoreInst = "Cmp">   --->   Core 9 'Cmp' <Latency = 0> <II = 1> <Delay = 1.65> <FuncUnit> <Opcode : 'icmp'> <InPorts = 2> <OutPorts = 1>
ST_1 : Operation 7 [1/1] (1.65ns)   --->   "%icmp_ln8_1 = icmp_eq  i3 %d_i_type_val_read, i3 5" [fetching_decoding_ip/src/execute.cpp:8->fetching_decoding_ip/src/execute.cpp:39]   --->   Operation 7 'icmp' 'icmp_ln8_1' <Predicate = (!or_ln8_3)> <Delay = 1.65> <CoreInst = "Cmp">   --->   Core 9 'Cmp' <Latency = 0> <II = 1> <Delay = 1.65> <FuncUnit> <Opcode : 'icmp'> <InPorts = 2> <OutPorts = 1>
ST_1 : Operation 8 [1/1] (1.65ns)   --->   "%icmp_ln8_2 = icmp_eq  i3 %d_i_type_val_read, i3 4" [fetching_decoding_ip/src/execute.cpp:8->fetching_decoding_ip/src/execute.cpp:39]   --->   Operation 8 'icmp' 'icmp_ln8_2' <Predicate = true> <Delay = 1.65> <CoreInst = "Cmp">   --->   Core 9 'Cmp' <Latency = 0> <II = 1> <Delay = 1.65> <FuncUnit> <Opcode : 'icmp'> <InPorts = 2> <OutPorts = 1>
ST_1 : Operation 9 [1/1] (1.65ns)   --->   "%icmp_ln8_3 = icmp_eq  i3 %d_i_type_val_read, i3 3" [fetching_decoding_ip/src/execute.cpp:8->fetching_decoding_ip/src/execute.cpp:39]   --->   Operation 9 'icmp' 'icmp_ln8_3' <Predicate = true> <Delay = 1.65> <CoreInst = "Cmp">   --->   Core 9 'Cmp' <Latency = 0> <II = 1> <Delay = 1.65> <FuncUnit> <Opcode : 'icmp'> <InPorts = 2> <OutPorts = 1>
ST_1 : Operation 10 [1/1] (1.65ns)   --->   "%icmp_ln8_4 = icmp_eq  i3 %d_i_type_val_read, i3 2" [fetching_decoding_ip/src/execute.cpp:8->fetching_decoding_ip/src/execute.cpp:39]   --->   Operation 10 'icmp' 'icmp_ln8_4' <Predicate = true> <Delay = 1.65> <CoreInst = "Cmp">   --->   Core 9 'Cmp' <Latency = 0> <II = 1> <Delay = 1.65> <FuncUnit> <Opcode : 'icmp'> <InPorts = 2> <OutPorts = 1>
ST_1 : Operation 11 [1/1] (1.65ns)   --->   "%icmp_ln8_5 = icmp_eq  i3 %d_i_type_val_read, i3 1" [fetching_decoding_ip/src/execute.cpp:8->fetching_decoding_ip/src/execute.cpp:39]   --->   Operation 11 'icmp' 'icmp_ln8_5' <Predicate = true> <Delay = 1.65> <CoreInst = "Cmp">   --->   Core 9 'Cmp' <Latency = 0> <II = 1> <Delay = 1.65> <FuncUnit> <Opcode : 'icmp'> <InPorts = 2> <OutPorts = 1>
ST_1 : Operation 12 [1/1] (0.00ns) (grouped into LUT with out node next_pc)   --->   "%or_ln8 = or i1 %icmp_ln8_5, i1 %icmp_ln8_4" [fetching_decoding_ip/src/execute.cpp:8->fetching_decoding_ip/src/execute.cpp:39]   --->   Operation 12 'or' 'or_ln8' <Predicate = true> <Delay = 0.00> <CoreInst = "LogicGate">   --->   Core 74 'LogicGate' <Latency = 0> <II = 1> <Delay = 0.97> <FuncUnit> <Opcode : 'and' 'or' 'xor'> <InPorts = 2> <OutPorts = 1>
ST_1 : Operation 13 [1/1] (0.00ns) (grouped into LUT with out node next_pc)   --->   "%or_ln8_1 = or i1 %icmp_ln8_3, i1 %icmp_ln8_2" [fetching_decoding_ip/src/execute.cpp:8->fetching_decoding_ip/src/execute.cpp:39]   --->   Operation 13 'or' 'or_ln8_1' <Predicate = true> <Delay = 0.00> <CoreInst = "LogicGate">   --->   Core 74 'LogicGate' <Latency = 0> <II = 1> <Delay = 0.97> <FuncUnit> <Opcode : 'and' 'or' 'xor'> <InPorts = 2> <OutPorts = 1>
ST_1 : Operation 14 [1/1] (0.00ns) (grouped into LUT with out node select_ln8_1)   --->   "%select_ln8 = select i1 %icmp_ln8_1, i16 1, i16 %trunc_ln" [fetching_decoding_ip/src/execute.cpp:8->fetching_decoding_ip/src/execute.cpp:39]   --->   Operation 14 'select' 'select_ln8' <Predicate = (or_ln8_2 & !or_ln8_3)> <Delay = 0.00> <CoreInst = "Sel">   --->   Core 73 'Sel' <Latency = 0> <II = 1> <Delay = 0.80> <FuncUnit> <Opcode : 'select'> <InPorts = 3> <OutPorts = 1>
ST_1 : Operation 15 [1/1] (0.00ns) (grouped into LUT with out node select_ln8_1)   --->   "%or_ln8_2 = or i1 %icmp_ln8_1, i1 %icmp_ln8" [fetching_decoding_ip/src/execute.cpp:8->fetching_decoding_ip/src/execute.cpp:39]   --->   Operation 15 'or' 'or_ln8_2' <Predicate = (!or_ln8_3)> <Delay = 0.00> <CoreInst = "LogicGate">   --->   Core 74 'LogicGate' <Latency = 0> <II = 1> <Delay = 0.97> <FuncUnit> <Opcode : 'and' 'or' 'xor'> <InPorts = 2> <OutPorts = 1>
ST_1 : Operation 16 [1/1] (0.00ns) (grouped into LUT with out node next_pc)   --->   "%or_ln8_3 = or i1 %or_ln8, i1 %or_ln8_1" [fetching_decoding_ip/src/execute.cpp:8->fetching_decoding_ip/src/execute.cpp:39]   --->   Operation 16 'or' 'or_ln8_3' <Predicate = true> <Delay = 0.00> <CoreInst = "LogicGate">   --->   Core 74 'LogicGate' <Latency = 0> <II = 1> <Delay = 0.97> <FuncUnit> <Opcode : 'and' 'or' 'xor'> <InPorts = 2> <OutPorts = 1>
ST_1 : Operation 17 [1/1] (0.97ns) (out node of the LUT)   --->   "%select_ln8_1 = select i1 %or_ln8_2, i16 %select_ln8, i16 1" [fetching_decoding_ip/src/execute.cpp:8->fetching_decoding_ip/src/execute.cpp:39]   --->   Operation 17 'select' 'select_ln8_1' <Predicate = (!or_ln8_3)> <Delay = 0.97> <CoreInst = "Sel">   --->   Core 73 'Sel' <Latency = 0> <II = 1> <Delay = 0.80> <FuncUnit> <Opcode : 'select'> <InPorts = 3> <OutPorts = 1>
ST_1 : Operation 18 [1/1] (0.00ns) (grouped into LUT with out node next_pc)   --->   "%select_ln8_2 = select i1 %or_ln8_3, i16 1, i16 %select_ln8_1" [fetching_decoding_ip/src/execute.cpp:8->fetching_decoding_ip/src/execute.cpp:39]   --->   Operation 18 'select' 'select_ln8_2' <Predicate = true> <Delay = 0.00> <CoreInst = "Sel">   --->   Core 73 'Sel' <Latency = 0> <II = 1> <Delay = 0.80> <FuncUnit> <Opcode : 'select'> <InPorts = 3> <OutPorts = 1>
ST_1 : Operation 19 [1/1] (2.07ns) (out node of the LUT)   --->   "%next_pc = add i16 %select_ln8_2, i16 %pc_val_read" [fetching_decoding_ip/src/execute.cpp:8->fetching_decoding_ip/src/execute.cpp:39]   --->   Operation 19 'add' 'next_pc' <Predicate = true> <Delay = 2.07> <CoreInst = "Adder">   --->   Core 1 'Adder' <Latency = 0> <II = 1> <Delay = 2.07> <FuncUnit> <Opcode : 'add' 'sub'> <InPorts = 2> <OutPorts = 1>
ST_1 : Operation 20 [1/1] (0.00ns)   --->   "%ret_ln40 = ret i16 %next_pc" [fetching_decoding_ip/src/execute.cpp:40]   --->   Operation 20 'ret' 'ret_ln40' <Predicate = true> <Delay = 0.00>


============================================================
+ Verbose Summary: Timing violations
============================================================
Target clock period: 10.000ns, clock uncertainty: 2.700ns.

 <State 1>: 4.705ns
The critical path consists of the following:
	wire read operation ('d_i_type_val_read', fetching_decoding_ip/src/execute.cpp:5->fetching_decoding_ip/src/execute.cpp:39) on port 'd_i_type_val' (fetching_decoding_ip/src/execute.cpp:5->fetching_decoding_ip/src/execute.cpp:39) [5]  (0.000 ns)
	'icmp' operation ('icmp_ln8', fetching_decoding_ip/src/execute.cpp:8->fetching_decoding_ip/src/execute.cpp:39) [8]  (1.650 ns)
	'or' operation ('or_ln8_2', fetching_decoding_ip/src/execute.cpp:8->fetching_decoding_ip/src/execute.cpp:39) [17]  (0.000 ns)
	'select' operation ('select_ln8_1', fetching_decoding_ip/src/execute.cpp:8->fetching_decoding_ip/src/execute.cpp:39) [19]  (0.978 ns)
	'select' operation ('select_ln8_2', fetching_decoding_ip/src/execute.cpp:8->fetching_decoding_ip/src/execute.cpp:39) [20]  (0.000 ns)
	'add' operation ('next_pc', fetching_decoding_ip/src/execute.cpp:8->fetching_decoding_ip/src/execute.cpp:39) [21]  (2.077 ns)


============================================================
+ Verbose Summary: Binding
============================================================
N/A
* FSMD analyzer results:
  - Output states:
 - Input state : 
  - Chain level:
	State 1


============================================================
+ Verbose Summary: Datapath Resource usage 
============================================================
N/A
