

================================================================
== Vitis HLS Report for 'fetch'
================================================================
* Date:           Fri Jun  2 20:35:44 2023

* Version:        2023.1 (Build 3854077 on May  4 2023)
* Project:        fetching_decoding_ip
* Solution:       solution1 (Vivado IP Flow Target)
* Product family: zynq
* Target device:  xc7z020-clg400-1


================================================================
== Performance Estimates
================================================================
+ Timing: 
    * Summary: 
    +--------+----------+----------+------------+
    |  Clock |  Target  | Estimated| Uncertainty|
    +--------+----------+----------+------------+
    |ap_clk  |  10.00 ns|  3.254 ns|     2.70 ns|
    +--------+----------+----------+------------+

+ Latency: 
    * Summary: 
    +---------+---------+-----------+-----------+-----+-----+---------+
    |  Latency (cycles) |   Latency (absolute)  |  Interval | Pipeline|
    |   min   |   max   |    min    |    max    | min | max |   Type  |
    +---------+---------+-----------+-----------+-----+-----+---------+
    |        1|        1|  10.000 ns|  10.000 ns|    2|    2|      yes|
    +---------+---------+-----------+-----------+-----+-----+---------+

    + Detail: 
        * Instance: 
        N/A

        * Loop: 
        N/A

============================================================
+ Verbose Summary: Synthesis Manager
============================================================
InlineROM: 1
ExposeGlobal: 0
============================================================
+ Verbose Summary: CDFG Model
============================================================
IsTopModel: 0
ResetActiveHigh: 1
IsCombinational: 0
IsDatapathOnly: 0
HasWiredReturn: 1
HasMFsm: 2
HasVarLatency: 0
IsPipeline: 1
IsRtlPipelined: 0
IsInstanceOverlapped: 0
IsDontTouch: 0
HasImplIP: 0
IsGatedGlobalClock: 0

+ Individual pipeline summary: 
  * Pipeline-0: initiation interval (II) = 2, depth = 2


============================================================
+ Verbose Summary: Schedule
============================================================
* Number of FSM states : 2
* Pipeline : 1
  Pipeline-0 : II = 2, D = 2, States = { 1 2 }
* Dataflow Pipeline: 0

* FSM state transitions: 
1 --> 2 
2 --> 

* FSM state operations: 

State 1 <SV = 0> <Delay = 3.25>
ST_1 : Operation 3 [1/1] (0.00ns)   --->   "%pc_val_read = read i16 @_ssdm_op_Read.ap_auto.i16, i16 %pc_val" [fetching_decoding_ip/src/fetch.cpp:16]   --->   Operation 3 'read' 'pc_val_read' <Predicate = true> <Delay = 0.00>
ST_1 : Operation 4 [1/1] (0.00ns)   --->   "%zext_ln16 = zext i16 %pc_val_read" [fetching_decoding_ip/src/fetch.cpp:16]   --->   Operation 4 'zext' 'zext_ln16' <Predicate = true> <Delay = 0.00>
ST_1 : Operation 5 [1/1] (0.00ns)   --->   "%code_ram_addr = getelementptr i32 %code_ram, i64 0, i64 %zext_ln16" [fetching_decoding_ip/src/fetch.cpp:16]   --->   Operation 5 'getelementptr' 'code_ram_addr' <Predicate = true> <Delay = 0.00>
ST_1 : Operation 6 [2/2] (3.25ns)   --->   "%code_ram_load = load i16 %code_ram_addr" [fetching_decoding_ip/src/fetch.cpp:16]   --->   Operation 6 'load' 'code_ram_load' <Predicate = true> <Delay = 3.25> <CoreInst = "RAM_1P">   --->   Core 86 'RAM_1P' <Latency = 1> <II = 1> <Delay = 3.25> <Storage> <Opcode : 'load' 'store'> <Ports = 1> <Width = 32> <Depth = 65536> <RAM>

State 2 <SV = 1> <Delay = 3.25>
ST_2 : Operation 7 [1/1] (0.00ns)   --->   "%specmemcore_ln0 = specmemcore void @_ssdm_op_SpecMemCore, i32 %code_ram, i64 666, i64 207, i64 1"   --->   Operation 7 'specmemcore' 'specmemcore_ln0' <Predicate = true> <Delay = 0.00>
ST_2 : Operation 8 [1/1] (0.00ns)   --->   "%specinterface_ln0 = specinterface void @_ssdm_op_SpecInterface, i32 %code_ram, void @empty_5, i32 0, i32 0, void @empty_0, i32 1, i32 0, void @empty_0, void @empty_0, void @empty_0, i32 0, i32 0, i32 0, i32 0, void @empty_0, void @empty_0, i32 4294967295, i32 0"   --->   Operation 8 'specinterface' 'specinterface_ln0' <Predicate = true> <Delay = 0.00>
ST_2 : Operation 9 [1/2] (3.25ns)   --->   "%code_ram_load = load i16 %code_ram_addr" [fetching_decoding_ip/src/fetch.cpp:16]   --->   Operation 9 'load' 'code_ram_load' <Predicate = true> <Delay = 3.25> <CoreInst = "RAM_1P">   --->   Core 86 'RAM_1P' <Latency = 1> <II = 1> <Delay = 3.25> <Storage> <Opcode : 'load' 'store'> <Ports = 1> <Width = 32> <Depth = 65536> <RAM>
ST_2 : Operation 10 [1/1] (0.00ns)   --->   "%ret_ln24 = ret i32 %code_ram_load" [fetching_decoding_ip/src/fetch.cpp:24]   --->   Operation 10 'ret' 'ret_ln24' <Predicate = true> <Delay = 0.00>


============================================================
+ Verbose Summary: Timing violations
============================================================
Target clock period: 10.000ns, clock uncertainty: 2.700ns.

 <State 1>: 3.254ns
The critical path consists of the following:
	wire read operation ('pc_val_read', fetching_decoding_ip/src/fetch.cpp:16) on port 'pc_val' (fetching_decoding_ip/src/fetch.cpp:16) [5]  (0.000 ns)
	'getelementptr' operation ('code_ram_addr', fetching_decoding_ip/src/fetch.cpp:16) [7]  (0.000 ns)
	'load' operation ('code_ram_load', fetching_decoding_ip/src/fetch.cpp:16) on array 'code_ram' [8]  (3.254 ns)

 <State 2>: 3.254ns
The critical path consists of the following:
	'load' operation ('code_ram_load', fetching_decoding_ip/src/fetch.cpp:16) on array 'code_ram' [8]  (3.254 ns)


============================================================
+ Verbose Summary: Binding
============================================================
N/A
* FSMD analyzer results:
  - Output states:
 - Input state : 
  - Chain level:
	State 1
	State 2


============================================================
+ Verbose Summary: Datapath Resource usage 
============================================================
N/A
