================================================================
== Design Size Report
================================================================

* Total Instructions per Compilation Phase
+---------------+-----------------------------+--------------+----------------------------------------------------------------------------------------+
| Phase         | Step                        | Instructions | Description                                                                            |
+---------------+-----------------------------+--------------+----------------------------------------------------------------------------------------+
| Compile/Link  |                             | 8,345        | After all functions are compiled and linked into a single design                       |
|               |                             |              |                                                                                        |
| Unroll/Inline |                             |              | After user unroll and inline pragmas are applied                                       |
|               | (1) unroll                  |   582        | user unroll pragmas are applied                                                        |
|               | (2) simplification          |   463        | simplification of applied user unroll pragmas                                          |
|               | (3) inline                  |   458        | user inline pragmas are applied                                                        |
|               | (4) simplification          |   455        | simplification of applied user inline pragmas                                          |
|               |                             |              |                                                                                        |
| Array/Struct  |                             |              | After user array partition and struct aggregate/disaggregate pragmas are applied       |
|               | (1) array partition         |   680        | user array partition pragmas are applied                                               |
|               | (2) simplification          |   640        | simplification of applied user array partition & struct aggregate/disaggregate pragmas |
|               | (3) aggregate/disaggregate  |   640        | user struct aggregate/disaggregate pragmas are applied                                 |
|               | (4) array reshape           |   638        | apply array reshape pragmas                                                            |
|               | (5) access patterns         |   537        | array access pattern optmizations                                                      |
|               |                             |              |                                                                                        |
| Performance   |                             |              | After transformations are applied to meet performance pragma targets                   |
|               | (1) loop simplification     |   536        | loop and instruction simplification                                                    |
|               | (2) parallelization         |   536        | loops are unrolled or pipelined to meet performance targets                            |
|               | (3) array partition         |   536        | arrays are partitioned to meet performance targets                                     |
|               | (4) simplification          |   536        | simplification of design after performance transformations                             |
|               |                             |              |                                                                                        |
| HW Transforms |                             |              | After hardware transfomations                                                          |
|               | (1) lowering                |   566        | initial conversion to HW specific instructions                                         |
|               | (2) optimizations           |   553        | high level synthesis optimizations                                                     |
+---------------+-----------------------------+--------------+----------------------------------------------------------------------------------------+

* Instructions per Function for each Compilation Phase
+----------------------------+---------------------+----------------+---------------+--------------+-------------+---------------+
| Function                   | Location            | Compile/Link   | Unroll/Inline | Array/Struct | Performance | HW Transforms |
+----------------------------+---------------------+----------------+---------------+--------------+-------------+---------------+
| + rv32i_npp_ip             | rv32i_npp_ip.cpp:20 | 8,345          | 455           | 537          | 536         | 553           |
|    fetch                   | fetch.cpp:8         |   11           |               |              |             |               |
|  + decode                  | decode.cpp:150      | 4,780          |               |              |             |               |
|   + decode_instruction     | decode.cpp:107      | 1,464          |               |              |             |               |
|    + type                  | decode.cpp:62       |  892           |               |              |             |               |
|       type_00              | decode.cpp:10       |  180           |               |              |             |               |
|       type_01              | decode.cpp:23       |  180           |               |              |             |               |
|       type_10              | decode.cpp:36       |  180           |               |              |             |               |
|       type_11              | decode.cpp:49       |  180           |               |              |             |               |
|   + decode_immediate       | decode.cpp:127      | 3,313          |               |              |             |               |
|      i_immediate           | decode.cpp:74       |  504           |               |              |             |               |
|      s_immediate           | decode.cpp:80       |  504           |               |              |             |               |
|      b_immediate           | decode.cpp:86       |  504           |               |              |             |               |
|      u_immediate           | decode.cpp:92       |  658           |               |              |             |               |
|      j_immediate           | decode.cpp:99       |  658           |               |              |             |               |
|  + execute                 | execute.cpp:248     | 3,384          |               |              |             |               |
|     read_reg               | execute.cpp:4       |   21           |               |              |             |               |
|   + compute_result         | execute.cpp:69      | 1,043          |               |              |             |               |
|      compute_op_result     | execute.cpp:31      |  444 (2 calls) |               |              |             |               |
|      compute_branch_result | execute.cpp:14      |  155           |               |              |             |               |
|     mem_store              | execute.cpp:115     |  222           |               |              |             |               |
|     mem_load               | execute.cpp:141     |  589           |               |              |             |               |
|     write_reg              | execute.cpp:201     |   63           |               |              |             |               |
|     compute_next_pc        | execute.cpp:211     | 1,287          |               |              |             |               |
|    statistic_update        | rv32i_npp_ip.cpp:15 |    4           |               |              |             |               |
|    running_cond_update     | rv32i_npp_ip.cpp:8  |   57           |               |              |             |               |
+----------------------------+---------------------+----------------+---------------+--------------+-------------+---------------+

* Design Size Message Settings
+---------------------------------------------+--------+------------------------------------------------------------------+
| Message Setting                             | Value  | Description                                                      |
+---------------------------------------------+--------+------------------------------------------------------------------+
| config_compile -design_size_maximum_warning | 100000 | Show a warning when total design instructions exceeds this value |
+---------------------------------------------+--------+------------------------------------------------------------------+


