

================================================================
== Vitis HLS Report for 'rv32i_npp_ip'
================================================================
* Date:           Sun Dec 31 10:48:30 2023

* Version:        2023.2.1 (Build 4070103 on Dec 13 2023)
* Project:        rv32i_npp_ip
* Solution:       hls (Vivado IP Flow Target)
* Product family: zynq
* Target device:  xc7z020-clg400-1


================================================================
== Performance Estimates
================================================================
+ Timing: 
    * Summary: 
    +--------+----------+----------+------------+
    |  Clock |  Target  | Estimated| Uncertainty|
    +--------+----------+----------+------------+
    |ap_clk  |  10.00 ns|  9.688 ns|     2.70 ns|
    +--------+----------+----------+------------+

+ Latency: 
    * Summary: 
    +---------+---------+----------+----------+-----+-----+---------+
    |  Latency (cycles) |  Latency (absolute) |  Interval | Pipeline|
    |   min   |   max   |    min   |    max   | min | max |   Type  |
    +---------+---------+----------+----------+-----+-----+---------+
    |        ?|        ?|         ?|         ?|    ?|    ?|       no|
    +---------+---------+----------+----------+-----+-----+---------+

    + Detail: 
        * Instance: 
        N/A

        * Loop: 
        +-------------------+---------+---------+----------+-----------+-----------+------+----------+
        |                   |  Latency (cycles) | Iteration|  Initiation Interval  | Trip |          |
        |     Loop Name     |   min   |   max   |  Latency |  achieved |   target  | Count| Pipelined|
        +-------------------+---------+---------+----------+-----------+-----------+------+----------+
        |- VITIS_LOOP_41_2  |        ?|        ?|         7|          7|          7|     ?|       yes|
        +-------------------+---------+---------+----------+-----------+-----------+------+----------+



================================================================
== Utilization Estimates
================================================================
* Summary: 
+-----------------+---------+-----+--------+-------+-----+
|       Name      | BRAM_18K| DSP |   FF   |  LUT  | URAM|
+-----------------+---------+-----+--------+-------+-----+
|DSP              |        -|    -|       -|      -|    -|
|Expression       |        -|    -|       0|   2243|    -|
|FIFO             |        -|    -|       -|      -|    -|
|Instance         |      256|    -|     272|    592|    -|
|Memory           |        -|    -|       -|      -|    -|
|Multiplexer      |        -|    -|       -|    827|    -|
|Register         |        -|    -|    1748|      -|    -|
+-----------------+---------+-----+--------+-------+-----+
|Total            |      256|    0|    2020|   3662|    0|
+-----------------+---------+-----+--------+-------+-----+
|Available        |      280|  220|  106400|  53200|    0|
+-----------------+---------+-----+--------+-------+-----+
|Utilization (%)  |       91|    0|       1|      6|    0|
+-----------------+---------+-----+--------+-------+-----+

+ Detail: 
    * Instance: 
    +--------------------------+-----------------------+---------+----+-----+-----+-----+
    |         Instance         |         Module        | BRAM_18K| DSP|  FF | LUT | URAM|
    +--------------------------+-----------------------+---------+----+-----+-----+-----+
    |control_s_axi_U           |control_s_axi          |      256|   0|  272|  308|    0|
    |sparsemux_65_5_32_1_1_U1  |sparsemux_65_5_32_1_1  |        0|   0|    0|  142|    0|
    |sparsemux_65_5_32_1_1_U2  |sparsemux_65_5_32_1_1  |        0|   0|    0|  142|    0|
    +--------------------------+-----------------------+---------+----+-----+-----+-----+
    |Total                     |                       |      256|   0|  272|  592|    0|
    +--------------------------+-----------------------+---------+----+-----+-----+-----+

    * DSP: 
    N/A

    * Memory: 
    N/A

    * FIFO: 
    N/A

    * Expression: 
    +-----------------------------+----------+----+---+-----+------------+------------+
    |        Variable Name        | Operation| DSP| FF| LUT | Bitwidth P0| Bitwidth P1|
    +-----------------------------+----------+----+---+-----+------------+------------+
    |add_ln224_fu_2285_p2         |         +|   0|  0|   25|          18|          18|
    |add_ln233_fu_2270_p2         |         +|   0|  0|   23|          16|          16|
    |add_ln239_fu_2237_p2         |         +|   0|  0|   23|          16|          16|
    |add_ln36_fu_2340_p2          |         +|   0|  0|   39|          32|           1|
    |grp_fu_619_p2                |         +|   0|  0|   39|          32|          32|
    |grp_fu_640_p2                |         +|   0|  0|   23|          16|           1|
    |npc4_fu_1465_p2              |         +|   0|  0|   23|          16|           3|
    |result_2_fu_1475_p2          |         +|   0|  0|   39|          32|          32|
    |result_6_fu_1774_p2          |         +|   0|  0|   39|          32|          32|
    |result_18_fu_1687_p2         |         -|   0|  0|   39|          32|          32|
    |result_5_fu_1770_p2          |         -|   0|  0|   39|          32|          32|
    |and_ln18_fu_1609_p2          |       and|   0|  0|    2|           1|           1|
    |and_ln205_fu_2057_p2         |       and|   0|  0|    2|           1|           1|
    |and_ln43_1_fu_1682_p2        |       and|   0|  0|    2|           1|           1|
    |and_ln43_fu_1765_p2          |       and|   0|  0|    2|           1|           1|
    |ap_predicate_pred373_state5  |       and|   0|  0|    2|           1|           1|
    |ap_predicate_pred382_state5  |       and|   0|  0|    2|           1|           1|
    |ap_predicate_pred388_state5  |       and|   0|  0|    2|           1|           1|
    |ap_predicate_pred393_state5  |       and|   0|  0|    2|           1|           1|
    |ap_predicate_pred398_state5  |       and|   0|  0|    2|           1|           1|
    |ap_predicate_pred404_state5  |       and|   0|  0|    2|           1|           1|
    |ap_predicate_pred414_state5  |       and|   0|  0|    2|           1|           1|
    |ap_predicate_pred66_state5   |       and|   0|  0|    2|           1|           1|
    |result_17_fu_1700_p2         |       and|   0|  0|   32|          32|          32|
    |result_1_fu_1615_p2          |       and|   0|  0|    2|           1|           1|
    |result_4_fu_1786_p2          |       and|   0|  0|   32|          32|          32|
    |result_12_fu_1726_p2         |      ashr|   0|  0|  100|          32|          32|
    |result_25_fu_1640_p2         |      ashr|   0|  0|  100|          32|          32|
    |d_i_is_jalr_fu_998_p2        |      icmp|   0|  0|   13|           5|           4|
    |d_i_is_load_fu_986_p2        |      icmp|   0|  0|   13|           5|           1|
    |d_i_is_lui_fu_1004_p2        |      icmp|   0|  0|   13|           5|           4|
    |d_i_is_op_imm_fu_1010_p2     |      icmp|   0|  0|   13|           5|           3|
    |d_i_is_r_type_fu_1036_p2     |      icmp|   0|  0|   11|           3|           1|
    |d_i_is_store_fu_992_p2       |      icmp|   0|  0|   13|           5|           4|
    |grp_fu_611_p2                |      icmp|   0|  0|   39|          32|          32|
    |grp_fu_615_p2                |      icmp|   0|  0|   39|          32|          32|
    |icmp_ln12_1_fu_2326_p2       |      icmp|   0|  0|   23|          16|           1|
    |icmp_ln12_fu_2321_p2         |      icmp|   0|  0|   39|          32|          16|
    |icmp_ln168_1_fu_1991_p2      |      icmp|   0|  0|   10|           2|           1|
    |icmp_ln168_2_fu_2004_p2      |      icmp|   0|  0|   10|           2|           1|
    |icmp_ln168_fu_1978_p2        |      icmp|   0|  0|   11|           2|           3|
    |icmp_ln18_1_fu_1521_p2       |      icmp|   0|  0|   11|           3|           3|
    |icmp_ln18_2_fu_1526_p2       |      icmp|   0|  0|   13|           3|           4|
    |icmp_ln18_3_fu_1531_p2       |      icmp|   0|  0|   11|           3|           1|
    |icmp_ln18_4_fu_1536_p2       |      icmp|   0|  0|   11|           3|           1|
    |icmp_ln18_5_fu_1599_p2       |      icmp|   0|  0|   11|           3|           2|
    |icmp_ln18_6_fu_1604_p2       |      icmp|   0|  0|   11|           3|           2|
    |icmp_ln18_fu_1516_p2         |      icmp|   0|  0|   11|           3|           3|
    |icmp_ln19_fu_1494_p2         |      icmp|   0|  0|   39|          32|          32|
    |icmp_ln205_1_fu_2051_p2      |      icmp|   0|  0|   13|           5|           5|
    |icmp_ln205_fu_2041_p2        |      icmp|   0|  0|   13|           5|           1|
    |icmp_ln20_fu_1498_p2         |      icmp|   0|  0|   39|          32|          32|
    |icmp_ln24_fu_1502_p2         |      icmp|   0|  0|   39|          32|          32|
    |icmp_ln25_fu_1512_p2         |      icmp|   0|  0|   39|          32|          32|
    |result_22_fu_1668_p2         |      icmp|   0|  0|   39|          32|          32|
    |result_23_fu_1663_p2         |      icmp|   0|  0|   39|          32|          32|
    |result_13_fu_1731_p2         |      lshr|   0|  0|  100|          32|          32|
    |result_26_fu_1645_p2         |      lshr|   0|  0|  100|          32|          32|
    |or_ln12_fu_2332_p2           |        or|   0|  0|    2|           1|           1|
    |or_ln18_1_fu_1563_p2         |        or|   0|  0|    2|           1|           1|
    |or_ln18_2_fu_1585_p2         |        or|   0|  0|    2|           1|           1|
    |or_ln18_fu_1549_p2           |        or|   0|  0|    2|           1|           1|
    |or_ln205_fu_2046_p2          |        or|   0|  0|    6|           5|           6|
    |result_15_fu_1718_p2         |        or|   0|  0|   32|          32|          32|
    |result_28_fu_1631_p2         |        or|   0|  0|   32|          32|          32|
    |b_4_fu_1983_p3               |    select|   0|  0|    8|           1|           8|
    |b_5_fu_1996_p3               |    select|   0|  0|    8|           1|           8|
    |b_fu_2009_p3                 |    select|   0|  0|    8|           1|           8|
    |h_fu_2025_p3                 |    select|   0|  0|   16|           1|          16|
    |result_14_fu_1736_p3         |    select|   0|  0|   32|           1|          32|
    |result_20_fu_1692_p3         |    select|   0|  0|   32|           1|          32|
    |result_27_fu_1650_p3         |    select|   0|  0|   32|           1|          32|
    |result_7_fu_1778_p3          |    select|   0|  0|   32|           1|          32|
    |select_ln100_fu_1481_p3      |    select|   0|  0|   32|           1|          32|
    |select_ln18_1_fu_1555_p3     |    select|   0|  0|    2|           1|           1|
    |select_ln18_2_fu_1569_p3     |    select|   0|  0|    2|           1|           1|
    |select_ln18_3_fu_1577_p3     |    select|   0|  0|    2|           1|           1|
    |select_ln18_4_fu_1591_p3     |    select|   0|  0|    2|           1|           1|
    |select_ln18_fu_1541_p3       |    select|   0|  0|    2|           1|           1|
    |select_ln222_fu_2299_p3      |    select|   0|  0|   16|           1|          16|
    |select_ln264_fu_2262_p3      |    select|   0|  0|   16|           1|          16|
    |shift_1_fu_1712_p3           |    select|   0|  0|    5|           1|           5|
    |shift_3_fu_1625_p3           |    select|   0|  0|    5|           1|           5|
    |result_21_fu_1677_p2         |       shl|   0|  0|  100|          32|          32|
    |result_8_fu_1760_p2          |       shl|   0|  0|  100|          32|          32|
    |shl_ln128_2_fu_1901_p2       |       shl|   0|  0|  100|          32|          32|
    |shl_ln128_fu_1882_p2         |       shl|   0|  0|    9|           1|           4|
    |shl_ln131_2_fu_1868_p2       |       shl|   0|  0|  100|          32|          32|
    |shl_ln131_fu_1850_p2         |       shl|   0|  0|    9|           2|           4|
    |result_11_fu_1744_p2         |       xor|   0|  0|   32|          32|          32|
    |result_24_fu_1658_p2         |       xor|   0|  0|   32|          32|          32|
    |xor_ln24_fu_1506_p2          |       xor|   0|  0|    2|           1|           2|
    |xor_ln26_fu_1488_p2          |       xor|   0|  0|    2|           1|           2|
    +-----------------------------+----------+----+---+-----+------------+------------+
    |Total                        |          |   0|  0| 2243|        1136|        1262|
    +-----------------------------+----------+----+---+-----+------------+------------+

    * Multiplexer: 
    +-------------------------------------+-----+-----------+-----+-----------+
    |                 Name                | LUT | Input Size| Bits| Total Bits|
    +-------------------------------------+-----+-----------+-----+-----------+
    |ap_NS_fsm                            |   53|         10|    1|         10|
    |ap_phi_mux_d_i_imm_5_phi_fu_511_p12  |   31|          6|   20|        120|
    |ap_phi_mux_d_i_type_phi_fu_465_p26   |   42|          8|    3|         24|
    |ap_phi_mux_result_29_phi_fu_531_p48  |   59|         11|   32|        352|
    |ap_phi_mux_result_34_phi_fu_587_p16  |   37|          7|   32|        224|
    |d_i_imm_5_reg_507                    |   31|          6|   20|        120|
    |d_i_type_reg_462                     |   37|          7|    3|         21|
    |data_ram_address0                    |   25|          5|   16|         80|
    |data_ram_d0                          |   20|          4|   32|        128|
    |data_ram_we0                         |   20|          4|    4|         16|
    |nbi_fu_266                           |    9|          2|   32|         64|
    |pc_fu_270                            |   25|          5|   16|         80|
    |reg_file_10_fu_314                   |    9|          2|   32|         64|
    |reg_file_11_fu_318                   |    9|          2|   32|         64|
    |reg_file_12_fu_322                   |    9|          2|   32|         64|
    |reg_file_13_fu_326                   |    9|          2|   32|         64|
    |reg_file_14_fu_330                   |    9|          2|   32|         64|
    |reg_file_15_fu_334                   |    9|          2|   32|         64|
    |reg_file_16_fu_338                   |    9|          2|   32|         64|
    |reg_file_17_fu_342                   |    9|          2|   32|         64|
    |reg_file_18_fu_346                   |    9|          2|   32|         64|
    |reg_file_19_fu_350                   |    9|          2|   32|         64|
    |reg_file_1_fu_278                    |    9|          2|   32|         64|
    |reg_file_20_fu_354                   |    9|          2|   32|         64|
    |reg_file_21_fu_358                   |    9|          2|   32|         64|
    |reg_file_22_fu_362                   |    9|          2|   32|         64|
    |reg_file_23_fu_366                   |    9|          2|   32|         64|
    |reg_file_24_fu_370                   |    9|          2|   32|         64|
    |reg_file_25_fu_374                   |    9|          2|   32|         64|
    |reg_file_26_fu_378                   |    9|          2|   32|         64|
    |reg_file_27_fu_382                   |    9|          2|   32|         64|
    |reg_file_28_fu_386                   |    9|          2|   32|         64|
    |reg_file_29_fu_390                   |    9|          2|   32|         64|
    |reg_file_2_fu_282                    |    9|          2|   32|         64|
    |reg_file_30_fu_394                   |    9|          2|   32|         64|
    |reg_file_31_fu_398                   |    9|          2|   32|         64|
    |reg_file_3_fu_286                    |    9|          2|   32|         64|
    |reg_file_4_fu_290                    |    9|          2|   32|         64|
    |reg_file_5_fu_294                    |    9|          2|   32|         64|
    |reg_file_6_fu_298                    |    9|          2|   32|         64|
    |reg_file_7_fu_302                    |    9|          2|   32|         64|
    |reg_file_8_fu_306                    |    9|          2|   32|         64|
    |reg_file_9_fu_310                    |    9|          2|   32|         64|
    |reg_file_fu_274                      |    9|          2|   32|         64|
    |result_29_reg_527                    |  113|         22|   32|        704|
    |result_34_reg_584                    |   37|          7|   32|        224|
    +-------------------------------------+-----+-----------+-----+-----------+
    |Total                                |  827|        168| 1299|       4215|
    +-------------------------------------+-----+-----------+-----+-----------+

    * Register: 
    +-----------------------------+----+----+-----+-----------+
    |             Name            | FF | LUT| Bits| Const Bits|
    +-----------------------------+----+----+-----+-----------+
    |a01_reg_2870                 |   2|   0|    2|          0|
    |a1_reg_2881                  |  16|   0|   16|          0|
    |ap_CS_fsm                    |   9|   0|    9|          0|
    |ap_predicate_pred373_state5  |   1|   0|    1|          0|
    |ap_predicate_pred382_state5  |   1|   0|    1|          0|
    |ap_predicate_pred388_state5  |   1|   0|    1|          0|
    |ap_predicate_pred393_state5  |   1|   0|    1|          0|
    |ap_predicate_pred398_state5  |   1|   0|    1|          0|
    |ap_predicate_pred404_state5  |   1|   0|    1|          0|
    |ap_predicate_pred414_state5  |   1|   0|    1|          0|
    |ap_predicate_pred66_state5   |   1|   0|    1|          0|
    |d_i_func3_reg_2642           |   3|   0|    3|          0|
    |d_i_imm_5_reg_507            |  20|   0|   20|          0|
    |d_i_is_jalr_reg_2667         |   1|   0|    1|          0|
    |d_i_is_load_reg_2659         |   1|   0|    1|          0|
    |d_i_is_lui_reg_2672          |   1|   0|    1|          0|
    |d_i_is_op_imm_reg_2677       |   1|   0|    1|          0|
    |d_i_is_r_type_reg_2689       |   1|   0|    1|          0|
    |d_i_is_store_reg_2663        |   1|   0|    1|          0|
    |d_i_opcode_reg_2626          |   5|   0|    5|          0|
    |d_i_rd_reg_2631              |   5|   0|    5|          0|
    |d_i_rs2_reg_2653             |   5|   0|    5|          0|
    |d_i_type_reg_462             |   3|   0|    3|          0|
    |d_imm_inst_11_8_reg_2703     |   4|   0|    4|          0|
    |d_imm_inst_19_12_reg_2637    |   8|   0|    8|          0|
    |d_imm_inst_31_reg_2697       |   1|   0|    1|          0|
    |d_imm_inst_7_reg_2708        |   1|   0|    1|          0|
    |icmp_ln12_reg_2954           |   1|   0|    1|          0|
    |instruction_reg_2613         |  32|   0|   32|          0|
    |msize_reg_2877               |   2|   0|    2|          0|
    |nbi_fu_266                   |  32|   0|   32|          0|
    |pc_1_reg_2600                |  16|   0|   16|          0|
    |pc_fu_270                    |  16|   0|   16|          0|
    |reg_645                      |  32|   0|   32|          0|
    |reg_file_10_fu_314           |  32|   0|   32|          0|
    |reg_file_11_fu_318           |  32|   0|   32|          0|
    |reg_file_12_fu_322           |  32|   0|   32|          0|
    |reg_file_13_fu_326           |  32|   0|   32|          0|
    |reg_file_14_fu_330           |  32|   0|   32|          0|
    |reg_file_15_fu_334           |  32|   0|   32|          0|
    |reg_file_16_fu_338           |  32|   0|   32|          0|
    |reg_file_17_fu_342           |  32|   0|   32|          0|
    |reg_file_18_fu_346           |  32|   0|   32|          0|
    |reg_file_19_fu_350           |  32|   0|   32|          0|
    |reg_file_1_fu_278            |  32|   0|   32|          0|
    |reg_file_20_fu_354           |  32|   0|   32|          0|
    |reg_file_21_fu_358           |  32|   0|   32|          0|
    |reg_file_22_fu_362           |  32|   0|   32|          0|
    |reg_file_23_fu_366           |  32|   0|   32|          0|
    |reg_file_24_fu_370           |  32|   0|   32|          0|
    |reg_file_25_fu_374           |  32|   0|   32|          0|
    |reg_file_26_fu_378           |  32|   0|   32|          0|
    |reg_file_27_fu_382           |  32|   0|   32|          0|
    |reg_file_28_fu_386           |  32|   0|   32|          0|
    |reg_file_29_fu_390           |  32|   0|   32|          0|
    |reg_file_2_fu_282            |  32|   0|   32|          0|
    |reg_file_30_fu_394           |  32|   0|   32|          0|
    |reg_file_31_fu_398           |  32|   0|   32|          0|
    |reg_file_3_fu_286            |  32|   0|   32|          0|
    |reg_file_4_fu_290            |  32|   0|   32|          0|
    |reg_file_5_fu_294            |  32|   0|   32|          0|
    |reg_file_6_fu_298            |  32|   0|   32|          0|
    |reg_file_7_fu_302            |  32|   0|   32|          0|
    |reg_file_8_fu_306            |  32|   0|   32|          0|
    |reg_file_9_fu_310            |  32|   0|   32|          0|
    |reg_file_fu_274              |  32|   0|   32|          0|
    |result_14_reg_2835           |  32|   0|   32|          0|
    |result_1_reg_2780            |   1|   0|    1|          0|
    |result_20_reg_2815           |  32|   0|   32|          0|
    |result_21_reg_2810           |  32|   0|   32|          0|
    |result_22_reg_2805           |   1|   0|    1|          0|
    |result_23_reg_2800           |   1|   0|    1|          0|
    |result_27_reg_2790           |  32|   0|   32|          0|
    |result_29_reg_527            |  32|   0|   32|          0|
    |result_34_reg_584            |  32|   0|   32|          0|
    |result_8_reg_2855            |  32|   0|   32|          0|
    |rv1_reg_2713                 |  32|   0|   32|          0|
    |rv2_reg_2746                 |  32|   0|   32|          0|
    |select_ln100_reg_2775        |  30|   0|   32|          2|
    |sext_ln175_reg_2931          |  32|   0|   32|          0|
    |sext_ln179_reg_2941          |  32|   0|   32|          0|
    |shl_ln131_2_reg_2896         |  32|   0|   32|          0|
    |shl_ln131_reg_2891           |   4|   0|    4|          0|
    |trunc_ln254_reg_2741         |  18|   0|   18|          0|
    |trunc_ln74_reg_2765          |  18|   0|   18|          0|
    |w_reg_2926                   |  32|   0|   32|          0|
    |zext_ln176_reg_2936          |   8|   0|   32|         24|
    +-----------------------------+----+----+-----+-----------+
    |Total                        |1748|   0| 1774|         26|
    +-----------------------------+----+----+-----+-----------+



================================================================
== Interface
================================================================
* Summary: 
+-----------------------+-----+-----+------------+--------------+--------------+
|       RTL Ports       | Dir | Bits|  Protocol  | Source Object|    C Type    |
+-----------------------+-----+-----+------------+--------------+--------------+
|s_axi_control_AWVALID  |   in|    1|       s_axi|       control|         array|
|s_axi_control_AWREADY  |  out|    1|       s_axi|       control|         array|
|s_axi_control_AWADDR   |   in|   20|       s_axi|       control|         array|
|s_axi_control_WVALID   |   in|    1|       s_axi|       control|         array|
|s_axi_control_WREADY   |  out|    1|       s_axi|       control|         array|
|s_axi_control_WDATA    |   in|   32|       s_axi|       control|         array|
|s_axi_control_WSTRB    |   in|    4|       s_axi|       control|         array|
|s_axi_control_ARVALID  |   in|    1|       s_axi|       control|         array|
|s_axi_control_ARREADY  |  out|    1|       s_axi|       control|         array|
|s_axi_control_ARADDR   |   in|   20|       s_axi|       control|         array|
|s_axi_control_RVALID   |  out|    1|       s_axi|       control|         array|
|s_axi_control_RREADY   |   in|    1|       s_axi|       control|         array|
|s_axi_control_RDATA    |  out|   32|       s_axi|       control|         array|
|s_axi_control_RRESP    |  out|    2|       s_axi|       control|         array|
|s_axi_control_BVALID   |  out|    1|       s_axi|       control|         array|
|s_axi_control_BREADY   |   in|    1|       s_axi|       control|         array|
|s_axi_control_BRESP    |  out|    2|       s_axi|       control|         array|
|ap_clk                 |   in|    1|  ap_ctrl_hs|  rv32i_npp_ip|  return value|
|ap_rst_n               |   in|    1|  ap_ctrl_hs|  rv32i_npp_ip|  return value|
|interrupt              |  out|    1|  ap_ctrl_hs|  rv32i_npp_ip|  return value|
+-----------------------+-----+-----+------------+--------------+--------------+

