

================================================================
== Synthesis Summary Report of 'fetching_decoding_ip'
================================================================
+ General Information: 
    * Date:           Sun Sep  1 13:07:10 2024
    * Version:        2024.1 (Build 5069499 on May 21 2024)
    * Project:        fetching_decoding_ip
    * Solution:       hls (Vivado IP Flow Target)
    * Product family: zynq
    * Target device:  xc7z020-clg400-1
    

+ Performance & Resource Estimates: 
    
    PS: '+' for module; 'o' for loop; '*' for dataflow
    +-------------------------+------+------+---------+--------+----------+---------+------+----------+-----------+----+-----------+-----------+-----+
    |         Modules         | Issue|      | Latency | Latency| Iteration|         | Trip |          |           |    |           |           |     |
    |         & Loops         | Type | Slack| (cycles)|  (ns)  |  Latency | Interval| Count| Pipelined|   BRAM    | DSP|     FF    |    LUT    | URAM|
    +-------------------------+------+------+---------+--------+----------+---------+------+----------+-----------+----+-----------+-----------+-----+
    |+ fetching_decoding_ip   |     -|  1.57|        -|       -|         -|        -|     -|        no|  128 (45%)|   -|  341 (~0%)|   599 (1%)|    -|
    | o VITIS_LOOP_31_1       |     -|  7.30|        -|       -|         7|        -|     -|        no|          -|   -|          -|          -|    -|
    |  + fetch                |     -|  4.05|        1|  10.000|         -|        1|     -|        no|          -|   -|   34 (~0%)|   23 (~0%)|    -|
    |  + decode               |     -|  2.93|        1|  10.000|         -|        1|     -|        no|          -|   -|   38 (~0%)|  108 (~0%)|    -|
    |  + running_cond_update  |     -|  4.75|        0|   0.000|         -|        0|     -|        no|          -|   -|          -|   39 (~0%)|    -|
    |  + execute              |     -|  3.16|        0|   0.000|         -|        0|     -|        no|          -|   -|          -|  145 (~0%)|    -|
    +-------------------------+------+------+---------+--------+----------+---------+------+----------+-----------+----+-----------+-----------+-----+


================================================================
== HW Interfaces
================================================================
* S_AXILITE Interfaces
+---------------+------------+---------------+--------+----------+-------------------+
| Interface     | Data Width | Address Width | Offset | Register | Resource Estimate |
+---------------+------------+---------------+--------+----------+-------------------+
| s_axi_control | 32         | 19            | 16     | 0        | BRAM=128          |
+---------------+------------+---------------+--------+----------+-------------------+

* S_AXILITE Registers
+---------------+---------------------+--------+-------+--------+----------------------------------+----------------------------------------------------------------------+
| Interface     | Register            | Offset | Width | Access | Description                      | Bit Fields                                                           |
+---------------+---------------------+--------+-------+--------+----------------------------------+----------------------------------------------------------------------+
| s_axi_control | CTRL                | 0x00   | 32    | RW     | Control signals                  | 0=AP_START 1=AP_DONE 2=AP_IDLE 3=AP_READY 7=AUTO_RESTART 9=INTERRUPT |
| s_axi_control | GIER                | 0x04   | 32    | RW     | Global Interrupt Enable Register | 0=Enable                                                             |
| s_axi_control | IP_IER              | 0x08   | 32    | RW     | IP Interrupt Enable Register     | 0=CHAN0_INT_EN 1=CHAN1_INT_EN                                        |
| s_axi_control | IP_ISR              | 0x0c   | 32    | RW     | IP Interrupt Status Register     | 0=CHAN0_INT_ST 1=CHAN1_INT_ST                                        |
| s_axi_control | start_pc            | 0x10   | 32    | W      | Data signal of start_pc          |                                                                      |
| s_axi_control | nb_instruction      | 0x18   | 32    | R      | Data signal of nb_instruction    |                                                                      |
| s_axi_control | nb_instruction_ctrl | 0x1c   | 32    | R      | Control signal of nb_instruction | 0=nb_instruction_ap_vld                                              |
+---------------+---------------------+--------+-------+--------+----------------------------------+----------------------------------------------------------------------+

* TOP LEVEL CONTROL
+-----------+------------+-----------+
| Interface | Type       | Ports     |
+-----------+------------+-----------+
| ap_clk    | clock      | ap_clk    |
| ap_rst_n  | reset      | ap_rst_n  |
| interrupt | interrupt  | interrupt |
| ap_ctrl   | ap_ctrl_hs |           |
+-----------+------------+-----------+


================================================================
== SW I/O Information
================================================================
* Top Function Arguments
+----------------+-----------+---------------+
| Argument       | Direction | Datatype      |
+----------------+-----------+---------------+
| start_pc       | in        | unsigned int  |
| code_ram       | in        | unsigned int* |
| nb_instruction | out       | unsigned int* |
+----------------+-----------+---------------+

* SW-to-HW Mapping
+----------------+---------------+----------+-----------------------------------------------+
| Argument       | HW Interface  | HW Type  | HW Info                                       |
+----------------+---------------+----------+-----------------------------------------------+
| start_pc       | s_axi_control | register | name=start_pc offset=0x10 range=32            |
| code_ram       | s_axi_control | memory   | name=code_ram offset=262144 range=262144      |
| nb_instruction | s_axi_control | register | name=nb_instruction offset=0x18 range=32      |
| nb_instruction | s_axi_control | register | name=nb_instruction_ctrl offset=0x1c range=32 |
+----------------+---------------+----------+-----------------------------------------------+


================================================================
== M_AXI Burst Information
================================================================
 Note: All burst requests might be further partitioned into multiple requests during RTL generation based on max_read_burst_length or max_write_burst_length settings.


================================================================
== Bind Op Report
================================================================
+-----------------------------+-----+--------+------------+-----------+--------+---------+
| Name                        | DSP | Pragma | Variable   | Op        | Impl   | Latency |
+-----------------------------+-----+--------+------------+-----------+--------+---------+
| + fetching_decoding_ip      | 0   |        |            |           |        |         |
|  + running_cond_update      | 0   |        |            |           |        |         |
|    ap_return                |     |        | icmp_ln9   | setne     | auto   | 0       |
|  + execute                  | 0   |        |            |           |        |         |
|    add_ln27_fu_70_p2        |     |        | add_ln27   | add       | fabric | 0       |
|    next_pc_fu_144_p2        |     |        | add_ln24   | add       | fabric | 0       |
|    icmp_ln7_fu_92_p2        |     |        | icmp_ln7   | seteq     | auto   | 0       |
|    icmp_ln7_1_fu_98_p2      |     |        | icmp_ln7_1 | seteq     | auto   | 0       |
|    icmp_ln7_2_fu_104_p2     |     |        | icmp_ln7_2 | seteq     | auto   | 0       |
|    icmp_ln7_3_fu_110_p2     |     |        | icmp_ln7_3 | seteq     | auto   | 0       |
|    icmp_ln7_4_fu_116_p2     |     |        | icmp_ln7_4 | seteq     | auto   | 0       |
|    icmp_ln7_5_fu_122_p2     |     |        | icmp_ln7_5 | seteq     | auto   | 0       |
|    sparsemux_15_6_16_1_1_U4 |     |        | next_pc    | sparsemux | auto   | 0       |
+-----------------------------+-----+--------+------------+-----------+--------+---------+


================================================================
== Storage Report
================================================================
+------------------------+-----------+-----------+------+------+--------+----------+------+---------+------------------+
| Name                   | Usage     | Type      | BRAM | URAM | Pragma | Variable | Impl | Latency | Bitwidth, Depth, |
|                        |           |           |      |      |        |          |      |         | Banks            |
+------------------------+-----------+-----------+------+------+--------+----------+------+---------+------------------+
| + fetching_decoding_ip |           |           | 128  | 0    |        |          |      |         |                  |
|   control_s_axi_U      | interface | s_axilite | 128  |      |        |          |      |         |                  |
+------------------------+-----------+-----------+------+------+--------+----------+------+---------+------------------+


================================================================
== Pragma Report
================================================================
* Valid Pragma Syntax
+-----------+-------------------------------+------------------------------------------------------------------------------------------------------------------------------------+
| Type      | Options                       | Location                                                                                                                           |
+-----------+-------------------------------+------------------------------------------------------------------------------------------------------------------------------------+
| inline    |                               | ../../../goossens-book-ip-projects/2022.1/fetching_decoding_ip/decode.cpp:13 in decode_instruction                                 |
| inline    |                               | ../../../goossens-book-ip-projects/2022.1/fetching_decoding_ip/decode.cpp:25 in decode_immediate                                   |
| inline    | off                           | ../../../goossens-book-ip-projects/2022.1/fetching_decoding_ip/decode.cpp:48 in decode                                             |
| inline    |                               | ../../../goossens-book-ip-projects/2022.1/fetching_decoding_ip/execute.cpp:5 in compute_next_pc                                    |
| inline    | off                           | ../../../goossens-book-ip-projects/2022.1/fetching_decoding_ip/execute.cpp:36 in execute                                           |
| inline    | off                           | ../../../goossens-book-ip-projects/2022.1/fetching_decoding_ip/fetch.cpp:12 in fetch                                               |
| inline    | off                           | ../../../goossens-book-ip-projects/2022.1/fetching_decoding_ip/fetching_decoding_ip.cpp:8 in running_cond_update                   |
| inline    | off                           | ../../../goossens-book-ip-projects/2022.1/fetching_decoding_ip/fetching_decoding_ip.cpp:13 in statistic_update                     |
| interface | s_axilite port=start_pc       | ../../../goossens-book-ip-projects/2022.1/fetching_decoding_ip/fetching_decoding_ip.cpp:20 in fetching_decoding_ip, start_pc       |
| interface | s_axilite port=code_ram       | ../../../goossens-book-ip-projects/2022.1/fetching_decoding_ip/fetching_decoding_ip.cpp:21 in fetching_decoding_ip, code_ram       |
| interface | s_axilite port=nb_instruction | ../../../goossens-book-ip-projects/2022.1/fetching_decoding_ip/fetching_decoding_ip.cpp:22 in fetching_decoding_ip, nb_instruction |
| interface | s_axilite port=return         | ../../../goossens-book-ip-projects/2022.1/fetching_decoding_ip/fetching_decoding_ip.cpp:23 in fetching_decoding_ip, return         |
| pipeline  | II=3 off                      | ../../../goossens-book-ip-projects/2022.1/fetching_decoding_ip/fetching_decoding_ip.cpp:32 in fetching_decoding_ip                 |
| inline    |                               | ../../../goossens-book-ip-projects/2022.1/fetching_decoding_ip/immediate.cpp:3 in i_immediate                                      |
| inline    |                               | ../../../goossens-book-ip-projects/2022.1/fetching_decoding_ip/immediate.cpp:10 in s_immediate                                     |
| inline    |                               | ../../../goossens-book-ip-projects/2022.1/fetching_decoding_ip/immediate.cpp:17 in b_immediate                                     |
| inline    |                               | ../../../goossens-book-ip-projects/2022.1/fetching_decoding_ip/immediate.cpp:24 in u_immediate                                     |
| inline    |                               | ../../../goossens-book-ip-projects/2022.1/fetching_decoding_ip/immediate.cpp:32 in j_immediate                                     |
| inline    |                               | ../../../goossens-book-ip-projects/2022.1/fetching_decoding_ip/type.cpp:4 in type_00                                               |
| inline    |                               | ../../../goossens-book-ip-projects/2022.1/fetching_decoding_ip/type.cpp:18 in type_01                                              |
| inline    |                               | ../../../goossens-book-ip-projects/2022.1/fetching_decoding_ip/type.cpp:32 in type_10                                              |
| inline    |                               | ../../../goossens-book-ip-projects/2022.1/fetching_decoding_ip/type.cpp:46 in type_11                                              |
| inline    |                               | ../../../goossens-book-ip-projects/2022.1/fetching_decoding_ip/type.cpp:60 in type                                                 |
+-----------+-------------------------------+------------------------------------------------------------------------------------------------------------------------------------+


