Copyright 1986-2022 Xilinx, Inc. All Rights Reserved. Copyright 2022-2023 Advanced Micro Devices, Inc. All Rights Reserved.
---------------------------------------------------------------------------------------------------------------------------------------------
| Tool Version : Vivado v.2023.2 (win64) Build 4029153 Fri Oct 13 20:14:34 MDT 2023
| Date         : Tue Nov 21 22:03:26 2023
| Host         : Naboo running 64-bit major release  (build 9200)
| Command      : report_control_sets -verbose -file bd_0_wrapper_control_sets_placed.rpt
| Design       : bd_0_wrapper
| Device       : xc7z020
---------------------------------------------------------------------------------------------------------------------------------------------

Control Set Information

Table of Contents
-----------------
1. Summary
2. Histogram
3. Flip-Flop Distribution
4. Detailed Control Set Information

1. Summary
----------

+----------------------------------------------------------+-------+
|                          Status                          | Count |
+----------------------------------------------------------+-------+
| Total control sets                                       |     8 |
|    Minimum number of control sets                        |     8 |
|    Addition due to synthesis replication                 |     0 |
|    Addition due to physical synthesis replication        |     0 |
| Unused register locations in slices containing registers |    12 |
+----------------------------------------------------------+-------+
* Control sets can be merged at opt_design using control_set_merge or merge_equivalent_drivers
** Run report_qor_suggestions for automated merging and remapping suggestions


2. Histogram
------------

+--------------------+-------+
|       Fanout       | Count |
+--------------------+-------+
| Total control sets |     8 |
| >= 0 to < 4        |     0 |
| >= 4 to < 6        |     0 |
| >= 6 to < 8        |     0 |
| >= 8 to < 10       |     0 |
| >= 10 to < 12      |     0 |
| >= 12 to < 14      |     1 |
| >= 14 to < 16      |     0 |
| >= 16              |     7 |
+--------------------+-------+
* Control sets can be remapped at either synth_design or opt_design


3. Flip-Flop Distribution
-------------------------

+--------------+-----------------------+------------------------+-----------------+--------------+
| Clock Enable | Synchronous Set/Reset | Asynchronous Set/Reset | Total Registers | Total Slices |
+--------------+-----------------------+------------------------+-----------------+--------------+
| No           | No                    | No                     |              13 |           12 |
| No           | No                    | Yes                    |               0 |            0 |
| No           | Yes                   | No                     |              32 |           14 |
| Yes          | No                    | No                     |             879 |          321 |
| Yes          | No                    | Yes                    |               0 |            0 |
| Yes          | Yes                   | No                     |              32 |           15 |
+--------------+-----------------------+------------------------+-----------------+--------------+


4. Detailed Control Set Information
-----------------------------------

+--------------+---------------------------------------------------------------+---------------------------------------------------+------------------+----------------+--------------+
| Clock Signal |                         Enable Signal                         |                  Set/Reset Signal                 | Slice Load Count | Bel Load Count | Bels / Slice |
+--------------+---------------------------------------------------------------+---------------------------------------------------+------------------+----------------+--------------+
|  ap_clk      |                                                               |                                                   |               12 |             13 |         1.08 |
|  ap_clk      | bd_0_i/hls_inst/inst/ap_CS_fsm_pp0_stage1                     |                                                   |                3 |             16 |         5.33 |
|  ap_clk      | bd_0_i/hls_inst/inst/grp_decode_fu_89/ap_CS_fsm_state1        |                                                   |                7 |             16 |         2.29 |
|  ap_clk      | bd_0_i/hls_inst/inst/control_s_axi_U/aw_hs                    |                                                   |                8 |             19 |         2.38 |
|  ap_clk      |                                                               | bd_0_i/hls_inst/inst/control_s_axi_U/ap_rst_n_inv |               14 |             32 |         2.29 |
|  ap_clk      | bd_0_i/hls_inst/inst/control_s_axi_U/int_start_pc[31]_i_1_n_0 | bd_0_i/hls_inst/inst/control_s_axi_U/ap_rst_n_inv |               15 |             32 |         2.13 |
|  ap_clk      | bd_0_i/hls_inst/inst/control_s_axi_U/rdata[31]_i_1_n_0        |                                                   |               22 |             32 |         1.45 |
|  ap_clk      | bd_0_i/hls_inst/inst/control_s_axi_U/ap_CS_fsm_reg[1]         |                                                   |              281 |            796 |         2.83 |
+--------------+---------------------------------------------------------------+---------------------------------------------------+------------------+----------------+--------------+


