================================================================
== Design Size Report
================================================================

* Total Instructions per Compilation Phase
+---------------+-----------------------------+--------------+----------------------------------------------------------------------------------------+
| Phase         | Step                        | Instructions | Description                                                                            |
+---------------+-----------------------------+--------------+----------------------------------------------------------------------------------------+
| Compile/Link  |                             | 5,578        | After all functions are compiled and linked into a single design                       |
|               |                             |              |                                                                                        |
| Unroll/Inline |                             |              | After user unroll and inline pragmas are applied                                       |
|               | (1) unroll                  |   315        | user unroll pragmas are applied                                                        |
|               | (2) simplification          |   270        | simplification of applied user unroll pragmas                                          |
|               | (3) inline                  |   268        | user inline pragmas are applied                                                        |
|               | (4) simplification          |   268        | simplification of applied user inline pragmas                                          |
|               |                             |              |                                                                                        |
| Array/Struct  |                             |              | After user array partition and struct aggregate/disaggregate pragmas are applied       |
|               | (1) array partition         |   251        | user array partition pragmas are applied                                               |
|               | (2) simplification          |   251        | simplification of applied user array partition & struct aggregate/disaggregate pragmas |
|               | (3) aggregate/disaggregate  |   251        | user struct aggregate/disaggregate pragmas are applied                                 |
|               | (4) array reshape           |   251        | apply array reshape pragmas                                                            |
|               | (5) access patterns         |   251        | array access pattern optmizations                                                      |
|               |                             |              |                                                                                        |
| Performance   |                             |              | After transformations are applied to meet performance pragma targets                   |
|               | (1) loop simplification     |   239        | loop and instruction simplification                                                    |
|               | (2) parallelization         |   239        | loops are unrolled or pipelined to meet performance targets                            |
|               | (3) array partition         |   239        | arrays are partitioned to meet performance targets                                     |
|               | (4) simplification          |   239        | simplification of design after performance transformations                             |
|               |                             |              |                                                                                        |
| HW Transforms |                             |              | After hardware transfomations                                                          |
|               | (1) lowering                |   251        | initial conversion to HW specific instructions                                         |
|               | (2) optimizations           |   244        | high level synthesis optimizations                                                     |
+---------------+-----------------------------+--------------+----------------------------------------------------------------------------------------+

* Instructions per Function for each Compilation Phase
+------------------------+----------------------------+--------------+---------------+--------------+-------------+---------------+
| Function               | Location                   | Compile/Link | Unroll/Inline | Array/Struct | Performance | HW Transforms |
+------------------------+----------------------------+--------------+---------------+--------------+-------------+---------------+
| + fetching_decoding_ip | fetching_decoding_ip.cpp:8 | 5,578        | 268           | 251          | 239         | 244           |
|    fetch               | fetch.cpp:10               |   11         |   6           |   6          |   5         |   6           |
|  + decode              | decode.cpp:49              | 4,388        | 152           | 152          | 152         | 153           |
|   + decode_instruction | decode.cpp:12              | 1,072        |               |              |             |               |
|    + type              | type.cpp:64                |  896         |               |              |             |               |
|       type_00          | type.cpp:4                 |  180         |               |              |             |               |
|       type_01          | type.cpp:19                |  180         |               |              |             |               |
|       type_10          | type.cpp:34                |  180         |               |              |             |               |
|       type_11          | type.cpp:49                |  180         |               |              |             |               |
|   + decode_immediate   | decode.cpp:25              | 3,313        |               |              |             |               |
|      i_immediate       | immediate.cpp:3            |  504         |               |              |             |               |
|      s_immediate       | immediate.cpp:11           |  504         |               |              |             |               |
|      b_immediate       | immediate.cpp:19           |  504         |               |              |             |               |
|      u_immediate       | immediate.cpp:27           |  658         |               |              |             |               |
|      j_immediate       | immediate.cpp:35           |  658         |               |              |             |               |
|  + execute             | execute.cpp:34             | 1,064        |  51           |  51          |  48         |  41           |
|     compute_next_pc    | execute.cpp:3              | 1,049        |               |              |             |               |
|    statistic_update    | statistic_update.cpp:5     |    4         |               |              |             |               |
|    running_cond_update | running_cond_update.cpp:4  |   25         |   3           |   3          |   3         |   4           |
+------------------------+----------------------------+--------------+---------------+--------------+-------------+---------------+

* Design Size Message Settings
+---------------------------------------------+--------+------------------------------------------------------------------+
| Message Setting                             | Value  | Description                                                      |
+---------------------------------------------+--------+------------------------------------------------------------------+
| config_compile -design_size_maximum_warning | 100000 | Show a warning when total design instructions exceeds this value |
+---------------------------------------------+--------+------------------------------------------------------------------+


