

================================================================
== Vitis HLS Report for 'execute'
================================================================
* Date:           Tue Nov 21 21:07:25 2023

* Version:        2023.2 (Build 4023990 on Oct 11 2023)
* Project:        fetching_decoding_ip
* Solution:       hls (Vivado IP Flow Target)
* Product family: zynq
* Target device:  xc7z020-clg400-1


================================================================
== Performance Estimates
================================================================
+ Timing: 
    * Summary: 
    +--------+----------+----------+------------+
    |  Clock |  Target  | Estimated| Uncertainty|
    +--------+----------+----------+------------+
    |ap_clk  |  10.00 ns|  4.705 ns|     2.70 ns|
    +--------+----------+----------+------------+

+ Latency: 
    * Summary: 
    +---------+---------+----------+----------+-----+-----+---------+
    |  Latency (cycles) |  Latency (absolute) |  Interval | Pipeline|
    |   min   |   max   |    min   |    max   | min | max |   Type  |
    +---------+---------+----------+----------+-----+-----+---------+
    |        0|        0|      0 ns|      0 ns|    1|    1|      yes|
    +---------+---------+----------+----------+-----+-----+---------+

    + Detail: 
        * Instance: 
        N/A

        * Loop: 
        N/A



================================================================
== Utilization Estimates
================================================================
* Summary: 
+-----------------+---------+-----+--------+-------+-----+
|       Name      | BRAM_18K| DSP |   FF   |  LUT  | URAM|
+-----------------+---------+-----+--------+-------+-----+
|DSP              |        -|    -|       -|      -|    -|
|Expression       |        -|    -|       0|    147|    -|
|FIFO             |        -|    -|       -|      -|    -|
|Instance         |        -|    -|       -|      -|    -|
|Memory           |        -|    -|       -|      -|    -|
|Multiplexer      |        -|    -|       -|      -|    -|
|Register         |        -|    -|       -|      -|    -|
+-----------------+---------+-----+--------+-------+-----+
|Total            |        0|    0|       0|    147|    0|
+-----------------+---------+-----+--------+-------+-----+
|Available        |      280|  220|  106400|  53200|    0|
+-----------------+---------+-----+--------+-------+-----+
|Utilization (%)  |        0|    0|       0|     ~0|    0|
+-----------------+---------+-----+--------+-------+-----+

+ Detail: 
    * Instance: 
    N/A

    * DSP: 
    N/A

    * Memory: 
    N/A

    * FIFO: 
    N/A

    * Expression: 
    +------------------------+----------+----+---+----+------------+------------+
    |      Variable Name     | Operation| DSP| FF| LUT| Bitwidth P0| Bitwidth P1|
    +------------------------+----------+----+---+----+------------+------------+
    |ap_return               |         +|   0|  0|  23|          16|          16|
    |icmp_ln8_1_fu_66_p2     |      icmp|   0|  0|  11|           3|           3|
    |icmp_ln8_2_fu_72_p2     |      icmp|   0|  0|  13|           3|           4|
    |icmp_ln8_3_fu_78_p2     |      icmp|   0|  0|  11|           3|           2|
    |icmp_ln8_4_fu_84_p2     |      icmp|   0|  0|  11|           3|           2|
    |icmp_ln8_5_fu_90_p2     |      icmp|   0|  0|  11|           3|           1|
    |icmp_ln8_fu_60_p2       |      icmp|   0|  0|  11|           3|           3|
    |or_ln8_1_fu_102_p2      |        or|   0|  0|   2|           1|           1|
    |or_ln8_2_fu_116_p2      |        or|   0|  0|   2|           1|           1|
    |or_ln8_3_fu_122_p2      |        or|   0|  0|   2|           1|           1|
    |or_ln8_fu_96_p2         |        or|   0|  0|   2|           1|           1|
    |select_ln8_1_fu_128_p3  |    select|   0|  0|  16|           1|          16|
    |select_ln8_2_fu_136_p3  |    select|   0|  0|  16|           1|           1|
    |select_ln8_fu_108_p3    |    select|   0|  0|  16|           1|           1|
    +------------------------+----------+----+---+----+------------+------------+
    |Total                   |          |   0|  0| 147|          41|          53|
    +------------------------+----------+----+---+----+------------+------------+

    * Multiplexer: 
    N/A

    * Register: 
    N/A



================================================================
== Interface
================================================================
* Summary: 
+--------------+-----+-----+------------+--------------+--------------+
|   RTL Ports  | Dir | Bits|  Protocol  | Source Object|    C Type    |
+--------------+-----+-----+------------+--------------+--------------+
|ap_ready      |  out|    1|  ap_ctrl_hs|       execute|  return value|
|ap_return     |  out|   16|  ap_ctrl_hs|       execute|  return value|
|pc_val        |   in|   16|     ap_none|        pc_val|        scalar|
|d_i_type_val  |   in|    3|     ap_none|  d_i_type_val|        scalar|
|d_i_imm_val   |   in|   17|     ap_none|   d_i_imm_val|        scalar|
+--------------+-----+-----+------------+--------------+--------------+

