

================================================================
== Vitis HLS Report for 'fetching_decoding_ip'
================================================================
* Date:           Tue Nov 21 21:07:25 2023

* Version:        2023.2 (Build 4023990 on Oct 11 2023)
* Project:        fetching_decoding_ip
* Solution:       hls (Vivado IP Flow Target)
* Product family: zynq
* Target device:  xc7z020-clg400-1


================================================================
== Performance Estimates
================================================================
+ Timing: 
    * Summary: 
    +--------+----------+-----------+------------+
    |  Clock |  Target  | Estimated | Uncertainty|
    +--------+----------+-----------+------------+
    |ap_clk  |  10.00 ns|  10.423 ns|     2.70 ns|
    +--------+----------+-----------+------------+

+ Latency: 
    * Summary: 
    +---------+---------+----------+----------+-----+-----+---------+
    |  Latency (cycles) |  Latency (absolute) |  Interval | Pipeline|
    |   min   |   max   |    min   |    max   | min | max |   Type  |
    +---------+---------+----------+----------+-----+-----+---------+
    |        ?|        ?|         ?|         ?|    ?|    ?|       no|
    +---------+---------+----------+----------+-----+-----+---------+

    + Detail: 
        * Instance: 
        +--------------------------------------+---------------------+---------+---------+-----------+-----------+-----+-----+---------+
        |                                      |                     |  Latency (cycles) |   Latency (absolute)  |  Interval | Pipeline|
        |               Instance               |        Module       |   min   |   max   |    min    |    max    | min | max |   Type  |
        +--------------------------------------+---------------------+---------+---------+-----------+-----------+-----+-----+---------+
        |grp_fetch_fu_82                       |fetch                |        1|        1|  10.000 ns|  10.000 ns|    2|    2|      yes|
        |grp_decode_fu_89                      |decode               |        1|        1|  10.000 ns|  10.000 ns|    2|    2|      yes|
        |is_running_running_cond_update_fu_95  |running_cond_update  |        0|        0|       0 ns|       0 ns|    1|    1|      yes|
        |pc_1_execute_fu_101                   |execute              |        0|        0|       0 ns|       0 ns|    1|    1|      yes|
        +--------------------------------------+---------------------+---------+---------+-----------+-----------+-----+-----+---------+

        * Loop: 
        +-------------------+---------+---------+----------+-----------+-----------+------+----------+
        |                   |  Latency (cycles) | Iteration|  Initiation Interval  | Trip |          |
        |     Loop Name     |   min   |   max   |  Latency |  achieved |   target  | Count| Pipelined|
        +-------------------+---------+---------+----------+-----------+-----------+------+----------+
        |- VITIS_LOOP_29_1  |        ?|        ?|         4|          3|          3|     ?|       yes|
        +-------------------+---------+---------+----------+-----------+-----------+------+----------+



================================================================
== Utilization Estimates
================================================================
* Summary: 
+-----------------+---------+-----+--------+-------+-----+
|       Name      | BRAM_18K| DSP |   FF   |  LUT  | URAM|
+-----------------+---------+-----+--------+-------+-----+
|DSP              |        -|    -|       -|      -|    -|
|Expression       |        -|    -|       0|      2|    -|
|FIFO             |        -|    -|       -|      -|    -|
|Instance         |      128|    -|     241|    528|    -|
|Memory           |        -|    -|       -|      -|    -|
|Multiplexer      |        -|    -|       -|     49|    -|
|Register         |        -|    -|      41|      -|    -|
+-----------------+---------+-----+--------+-------+-----+
|Total            |      128|    0|     282|    579|    0|
+-----------------+---------+-----+--------+-------+-----+
|Available        |      280|  220|  106400|  53200|    0|
+-----------------+---------+-----+--------+-------+-----+
|Utilization (%)  |       45|    0|      ~0|      1|    0|
+-----------------+---------+-----+--------+-------+-----+

+ Detail: 
    * Instance: 
    +--------------------------------------+---------------------+---------+----+-----+-----+-----+
    |               Instance               |        Module       | BRAM_18K| DSP|  FF | LUT | URAM|
    +--------------------------------------+---------------------+---------+----+-----+-----+-----+
    |control_s_axi_U                       |control_s_axi        |      128|   0|  192|  238|    0|
    |grp_decode_fu_89                      |decode               |        0|   0|   47|   90|    0|
    |pc_1_execute_fu_101                   |execute              |        0|   0|    0|  147|    0|
    |grp_fetch_fu_82                       |fetch                |        0|   0|    2|   14|    0|
    |is_running_running_cond_update_fu_95  |running_cond_update  |        0|   0|    0|   39|    0|
    +--------------------------------------+---------------------+---------+----+-----+-----+-----+
    |Total                                 |                     |      128|   0|  241|  528|    0|
    +--------------------------------------+---------------------+---------+----+-----+-----+-----+

    * DSP: 
    N/A

    * Memory: 
    N/A

    * FIFO: 
    N/A

    * Expression: 
    +---------------+----------+----+---+----+------------+------------+
    | Variable Name | Operation| DSP| FF| LUT| Bitwidth P0| Bitwidth P1|
    +---------------+----------+----+---+----+------------+------------+
    |ap_enable_pp0  |       xor|   0|  0|   2|           1|           2|
    +---------------+----------+----+---+----+------------+------------+
    |Total          |          |   0|  0|   2|           1|           2|
    +---------------+----------+----+---+----+------------+------------+

    * Multiplexer: 
    +-------------------------+----+-----------+-----+-----------+
    |           Name          | LUT| Input Size| Bits| Total Bits|
    +-------------------------+----+-----------+-----+-----------+
    |ap_NS_fsm                |  31|          6|    1|          6|
    |ap_enable_reg_pp0_iter1  |   9|          2|    1|          2|
    |pc_0_fu_64               |   9|          2|   16|         32|
    +-------------------------+----+-----------+-----+-----------+
    |Total                    |  49|         10|   18|         40|
    +-------------------------+----+-----------+-----+-----------+

    * Register: 
    +-------------------------------+----+----+-----+-----------+
    |              Name             | FF | LUT| Bits| Const Bits|
    +-------------------------------+----+----+-----+-----------+
    |ap_CS_fsm                      |   5|   0|    5|          0|
    |ap_enable_reg_pp0_iter0        |   1|   0|    1|          0|
    |ap_enable_reg_pp0_iter1        |   1|   0|    1|          0|
    |grp_decode_fu_89_ap_start_reg  |   1|   0|    1|          0|
    |grp_fetch_fu_82_ap_start_reg   |   1|   0|    1|          0|
    |pc_0_fu_64                     |  16|   0|   16|          0|
    |pc_0_load_reg_147              |  16|   0|   16|          0|
    +-------------------------------+----+----+-----+-----------+
    |Total                          |  41|   0|   41|          0|
    +-------------------------------+----+----+-----+-----------+



================================================================
== Interface
================================================================
* Summary: 
+-----------------------+-----+-----+------------+----------------------+--------------+
|       RTL Ports       | Dir | Bits|  Protocol  |     Source Object    |    C Type    |
+-----------------------+-----+-----+------------+----------------------+--------------+
|s_axi_control_AWVALID  |   in|    1|       s_axi|               control|         array|
|s_axi_control_AWREADY  |  out|    1|       s_axi|               control|         array|
|s_axi_control_AWADDR   |   in|   19|       s_axi|               control|         array|
|s_axi_control_WVALID   |   in|    1|       s_axi|               control|         array|
|s_axi_control_WREADY   |  out|    1|       s_axi|               control|         array|
|s_axi_control_WDATA    |   in|   32|       s_axi|               control|         array|
|s_axi_control_WSTRB    |   in|    4|       s_axi|               control|         array|
|s_axi_control_ARVALID  |   in|    1|       s_axi|               control|         array|
|s_axi_control_ARREADY  |  out|    1|       s_axi|               control|         array|
|s_axi_control_ARADDR   |   in|   19|       s_axi|               control|         array|
|s_axi_control_RVALID   |  out|    1|       s_axi|               control|         array|
|s_axi_control_RREADY   |   in|    1|       s_axi|               control|         array|
|s_axi_control_RDATA    |  out|   32|       s_axi|               control|         array|
|s_axi_control_RRESP    |  out|    2|       s_axi|               control|         array|
|s_axi_control_BVALID   |  out|    1|       s_axi|               control|         array|
|s_axi_control_BREADY   |   in|    1|       s_axi|               control|         array|
|s_axi_control_BRESP    |  out|    2|       s_axi|               control|         array|
|ap_clk                 |   in|    1|  ap_ctrl_hs|  fetching_decoding_ip|  return value|
|ap_rst_n               |   in|    1|  ap_ctrl_hs|  fetching_decoding_ip|  return value|
|interrupt              |  out|    1|  ap_ctrl_hs|  fetching_decoding_ip|  return value|
+-----------------------+-----+-----+------------+----------------------+--------------+

