================================================================
== Vivado Place & Route Results
================================================================
+ General Information:
    * Date:            Tue Nov 21 22:04:03 +0800 2023
    * Version:         2023.2 (Build 4023990 on Oct 11 2023)
    * Project:         fetching_decoding_ip
    * Solution:        hls (Vivado IP Flow Target)
    * Product family:  zynq
    * Target device:   xc7z020-clg400-1


================================================================
== Run Constraints & Options
================================================================
+ Design Constraints & Options:
    * Place & Route target clock:  10 ns
    * C-Synthesis uncertainty:     27%

+ RTL Synthesis Options:
    * config_export -vivado_synth_strategy:     default
    * config_export -vivado_synth_design_args:  -directive sdx_optimization_effort_high

+ Place & Route Options:
    * config_export -vivado_impl_strategy:  default
    * config_export -vivado_phys_opt:       none

+ Reporting Options:
    * config_export -vivado_report_level:      2
    * config_export -vivado_max_timing_paths:  10


================================================================
== Place & Route Resource Summary
================================================================
LUT:              289
FF:               956
DSP:              0
BRAM:             128
URAM:             0
SRL:              0


================================================================
== Place & Route Timing Summary
================================================================
* Timing was met
+----------------+-------------+
| Timing         | Period (ns) |
+----------------+-------------+
| Target         | 10.000      |
| Post-Synthesis | 6.345       |
| Post-Route     | 7.582       |
+----------------+-------------+


================================================================
== Place & Route Resources
================================================================
+--------------------+-----+-----+-----+------+------+-----+--------+------+---------+----------+--------+
| Name               | LUT | FF  | DSP | BRAM | URAM | SRL | Pragma | Impl | Latency | Variable | Source |
+--------------------+-----+-----+-----+------+------+-----+--------+------+---------+----------+--------+
| inst               | 289 | 956 |     | 128  |      |     |        |      |         |          |        |
|   (inst)           | 1   | 821 |     |      |      |     |        |      |         |          |        |
|   control_s_axi_U  | 274 | 112 |     | 128  |      |     |        |      |         |          |        |
|   grp_decode_fu_89 | 10  | 21  |     |      |      |     |        |      |         |          |        |
|   grp_fetch_fu_82  | 6   | 2   |     |      |      |     |        |      |         |          |        |
+--------------------+-----+-----+-----+------+------+-----+--------+------+---------+----------+--------+


================================================================
== Place & Route Fail Fast
================================================================
+-----------------------------------------------------------+-----------+--------+--------+
| Criteria                                                  | Guideline | Actual | Status |
+-----------------------------------------------------------+-----------+--------+--------+
| LUT                                                       | 70%       | 0.54%  | OK     |
| FD                                                        | 50%       | 0.90%  | OK     |
| LUTRAM+SRL                                                | 25%       | 0.00%  | OK     |
| MUXF7                                                     | 15%       | 0.00%  | OK     |
| DSP                                                       | 80%       | 0.00%  | OK     |
| RAMB/FIFO                                                 | 80%       | 45.71% | OK     |
| DSP+RAMB+URAM (Avg)                                       | 70%       | 45.71% | OK     |
| BUFGCE* + BUFGCTRL                                        | 24        | 0      | OK     |
| DONT_TOUCH (cells/nets)                                   | 0         | 0      | OK     |
| MARK_DEBUG (nets)                                         | 0         | 0      | OK     |
| Control Sets                                              | 998       | 8      | OK     |
| Average Fanout for modules > 100k cells                   | 4         | 3.62   | OK     |
| Max Average Fanout for modules > 100k cells               | 4         | 0      | OK     |
| Non-FD high fanout nets > 10k loads                       | 0         | 0      | OK     |
+-----------------------------------------------------------+-----------+--------+--------+
| TIMING-6 (No common primary clock between related clocks) | 0         | 0      | OK     |
| TIMING-7 (No common node between related clocks)          | 0         | 0      | OK     |
| TIMING-8 (No common period between related clocks)        | 0         | 0      | OK     |
| TIMING-14 (LUT on the clock tree)                         | 0         | 0      | OK     |
| TIMING-35 (No common node in paths with the same clock)   | 0         | 0      | OK     |
+-----------------------------------------------------------+-----------+--------+--------+
| Number of paths above max LUT budgeting (0.575ns)         | 0         | 0      | OK     |
| Number of paths above max Net budgeting (0.403ns)         | 0         | 0      | OK     |
+-----------------------------------------------------------+-----------+--------+--------+


================================================================
== Place & Route Timing Paths
================================================================
* Timing was met
+-------+-------+------------------------------------------------------+-----------------------------------------------------------+--------------+------------+----------------+----------------+--------------+
| Path  | SLACK | STARTPOINT PIN                                       | ENDPOINT PIN                                              | LOGIC LEVELS | MAX FANOUT | DATAPATH DELAY | DATAPATH LOGIC | DATAPATH NET |
|       |       |                                                      |                                                           |              |            |                |          DELAY |        DELAY |
+-------+-------+------------------------------------------------------+-----------------------------------------------------------+--------------+------------+----------------+----------------+--------------+
| Path1 | 2.418 | control_s_axi_U/FSM_onehot_rstate_reg[1]/C           | control_s_axi_U/int_code_ram/mem_reg_3_1_2/ADDRARDADDR[1] |            1 |        165 |          6.701 |          0.668 |        6.033 |
| Path2 | 2.477 | control_s_axi_U/FSM_onehot_rstate_reg[1]/C           | control_s_axi_U/int_code_ram/mem_reg_0_1_6/WEA[0]         |            1 |        165 |          6.907 |          0.642 |        6.265 |
| Path3 | 2.491 | control_s_axi_U/FSM_onehot_rstate_reg[1]/C           | control_s_axi_U/int_code_ram/mem_reg_0_0_6/WEA[0]         |            1 |        165 |          6.893 |          0.642 |        6.251 |
| Path4 | 2.531 | control_s_axi_U/int_code_ram/mem_reg_0_0_6/CLKBWRCLK | grp_decode_fu_89/d_i_type_write_assign_reg_92_reg[0]/D    |            4 |          8 |          7.414 |          3.669 |        3.745 |
| Path5 | 2.550 | control_s_axi_U/FSM_onehot_rstate_reg[1]/C           | control_s_axi_U/int_code_ram/mem_reg_0_1_0/WEA[0]         |            1 |        165 |          6.834 |          0.642 |        6.192 |
+-------+-------+------------------------------------------------------+-----------------------------------------------------------+--------------+------------+----------------+----------------+--------------+

    +-------------------------------------------------+----------------------+
    | Path1 Cells                                     | Primitive Type       |
    +-------------------------------------------------+----------------------+
    | control_s_axi_U/FSM_onehot_rstate_reg[1]        | FLOP_LATCH.flop.FDRE |
    | control_s_axi_U/int_code_ram/mem_reg_3_0_0_i_17 | LUT.others.LUT4      |
    | control_s_axi_U/int_code_ram/mem_reg_3_1_2      | BMEM.bram.RAMB36E1   |
    +-------------------------------------------------+----------------------+

    +------------------------------------------------+----------------------+
    | Path2 Cells                                    | Primitive Type       |
    +------------------------------------------------+----------------------+
    | control_s_axi_U/FSM_onehot_rstate_reg[1]       | FLOP_LATCH.flop.FDRE |
    | control_s_axi_U/int_code_ram/mem_reg_0_1_6_i_1 | LUT.others.LUT6      |
    | control_s_axi_U/int_code_ram/mem_reg_0_1_6     | BMEM.bram.RAMB36E1   |
    +------------------------------------------------+----------------------+

    +------------------------------------------------+----------------------+
    | Path3 Cells                                    | Primitive Type       |
    +------------------------------------------------+----------------------+
    | control_s_axi_U/FSM_onehot_rstate_reg[1]       | FLOP_LATCH.flop.FDRE |
    | control_s_axi_U/int_code_ram/mem_reg_0_0_6_i_1 | LUT.others.LUT6      |
    | control_s_axi_U/int_code_ram/mem_reg_0_0_6     | BMEM.bram.RAMB36E1   |
    +------------------------------------------------+----------------------+

    +------------------------------------------------------------------+----------------------+
    | Path4 Cells                                                      | Primitive Type       |
    +------------------------------------------------------------------+----------------------+
    | control_s_axi_U/int_code_ram/mem_reg_0_0_6                       | BMEM.bram.RAMB36E1   |
    | control_s_axi_U/int_code_ram/mem_reg_0_1_6                       | BMEM.bram.RAMB36E1   |
    | control_s_axi_U/int_code_ram/d_i_type_write_assign_reg_92[0]_i_6 | LUT.others.LUT6      |
    | control_s_axi_U/int_code_ram/d_i_type_write_assign_reg_92[0]_i_3 | LUT.others.LUT4      |
    | control_s_axi_U/int_code_ram/d_i_type_write_assign_reg_92[0]_i_1 | LUT.others.LUT6      |
    | grp_decode_fu_89/d_i_type_write_assign_reg_92_reg[0]             | FLOP_LATCH.flop.FDRE |
    +------------------------------------------------------------------+----------------------+

    +------------------------------------------------+----------------------+
    | Path5 Cells                                    | Primitive Type       |
    +------------------------------------------------+----------------------+
    | control_s_axi_U/FSM_onehot_rstate_reg[1]       | FLOP_LATCH.flop.FDRE |
    | control_s_axi_U/int_code_ram/mem_reg_0_1_0_i_1 | LUT.others.LUT6      |
    | control_s_axi_U/int_code_ram/mem_reg_0_1_0     | BMEM.bram.RAMB36E1   |
    +------------------------------------------------+----------------------+


================================================================
== Place & Route Vivado Reports
================================================================
+--------------------------+------------------------------------------------------------------------------+
| Report Type              | Report Location                                                              |
+--------------------------+------------------------------------------------------------------------------+
| design_analysis          | impl/verilog/report/fetching_decoding_ip_design_analysis_routed.rpt          |
| failfast                 | impl/verilog/report/fetching_decoding_ip_failfast_routed.rpt                 |
| status                   | impl/verilog/report/fetching_decoding_ip_status_routed.rpt                   |
| timing                   | impl/verilog/report/fetching_decoding_ip_timing_routed.rpt                   |
| timing_paths             | impl/verilog/report/fetching_decoding_ip_timing_paths_routed.rpt             |
| utilization              | impl/verilog/report/fetching_decoding_ip_utilization_routed.rpt              |
| utilization_hierarchical | impl/verilog/report/fetching_decoding_ip_utilization_hierarchical_routed.rpt |
+--------------------------+------------------------------------------------------------------------------+


