================================================================
== Design Size Report
================================================================

* Total Instructions per Compilation Phase
+---------------+-----------------------------+--------------+----------------------------------------------------------------------------------------+
| Phase         | Step                        | Instructions | Description                                                                            |
+---------------+-----------------------------+--------------+----------------------------------------------------------------------------------------+
| Compile/Link  |                             | 250          | After all functions are compiled and linked into a single design                       |
|               |                             |              |                                                                                        |
| Unroll/Inline |                             |              | After user unroll and inline pragmas are applied                                       |
|               | (1) unroll                  |  38          | user unroll pragmas are applied                                                        |
|               | (2) simplification          |  36          | simplification of applied user unroll pragmas                                          |
|               | (3) inline                  |  36          | user inline pragmas are applied                                                        |
|               | (4) simplification          |  36          | simplification of applied user inline pragmas                                          |
|               |                             |              |                                                                                        |
| Array/Struct  |                             |              | After user array partition and struct aggregate/disaggregate pragmas are applied       |
|               | (1) array partition         |  37          | user array partition pragmas are applied                                               |
|               | (2) simplification          |  37          | simplification of applied user array partition & struct aggregate/disaggregate pragmas |
|               | (3) aggregate/disaggregate  |  37          | user struct aggregate/disaggregate pragmas are applied                                 |
|               | (4) array reshape           |  37          | apply array reshape pragmas                                                            |
|               | (5) access patterns         |  37          | array access pattern optmizations                                                      |
|               |                             |              |                                                                                        |
| Performance   |                             |              | After transformations are applied to meet performance pragma targets                   |
|               | (1) loop simplification     |  31          | loop and instruction simplification                                                    |
|               | (2) parallelization         |  31          | loops are unrolled or pipelined to meet performance targets                            |
|               | (3) array partition         |  31          | arrays are partitioned to meet performance targets                                     |
|               | (4) simplification          |  31          | simplification of design after performance transformations                             |
|               |                             |              |                                                                                        |
| HW Transforms |                             |              | After hardware transfomations                                                          |
|               | (1) lowering                |  35          | initial conversion to HW specific instructions                                         |
|               | (2) optimizations           |  40          | high level synthesis optimizations                                                     |
+---------------+-----------------------------+--------------+----------------------------------------------------------------------------------------+

* Instructions per Function for each Compilation Phase
+------------------------+---------------------------+--------------+---------------+--------------+-------------+---------------+
| Function               | Location                  | Compile/Link | Unroll/Inline | Array/Struct | Performance | HW Transforms |
+------------------------+---------------------------+--------------+---------------+--------------+-------------+---------------+
| + fetching_ip          | fetching_ip.cpp:6         | 250          | 36            | 37           | 31          | 40            |
|    fetch               | fetch.cpp:11              |  11          |  6            |  6           |  5          |  6            |
|  + execute             | execute.cpp:12            | 148          |  6            |  6           |  5          |  6            |
|     compute_next_pc    | execute.cpp:4             | 136          |               |              |             |               |
|    running_cond_update | running_cond_update.cpp:4 |  25          |  3            |  3           |  3          |  4            |
+------------------------+---------------------------+--------------+---------------+--------------+-------------+---------------+

* Design Size Message Settings
+---------------------------------------------+--------+------------------------------------------------------------------+
| Message Setting                             | Value  | Description                                                      |
+---------------------------------------------+--------+------------------------------------------------------------------+
| config_compile -design_size_maximum_warning | 100000 | Show a warning when total design instructions exceeds this value |
+---------------------------------------------+--------+------------------------------------------------------------------+


