05/21/23 15:28:45: Running xcd server. This server was built by gradle.
05/21/23 15:28:45: Server was asked to start on port: '54745'
05/21/23 15:28:45: Server is using token UUID: '5739aa3f-7591-4d20-a115-88d4f3e64fb5'
05/21/23 15:28:45: SESSION_MGR: creating session with session uuid: '6d04a3e9-ade5-4ab9-8d63-1f78fcd2ec76' and name 'default'
05/21/23 15:28:45: Attempting to start server on port '54745'
05/21/23 15:28:45: Running Dispatch Server
05/21/23 15:28:45: Version 2.2.0
05/21/23 15:28:52: Dispatch Server: Accepted socket connection from client
05/21/23 15:28:52: Starting Socket connection
05/21/23 15:28:52: EXCHANGE_TOKEN received, server token: 5739aa3f-7591-4d20-a115-88d4f3e64fb5, passed token: 5739aa3f-7591-4d20-a115-88d4f3e64fb5
05/21/23 15:28:52: SESSION_MGR: creating session with session uuid: 'b8e50975-3625-468f-8171-8a465e345d7b' and name 'vitis_hls'
05/21/23 15:28:52: KERNEL_SVC: creating session with uuid: 'b8e50975-3625-468f-8171-8a465e345d7b' and name 'vitis_hls'
05/21/23 15:28:52: GUIDANCE_SMGR: creating guidance session with uuid: 'b8e50975-3625-468f-8171-8a465e345d7b' and name 'vitis_hls'
05/21/23 15:30:04: STOP_SERVER received, server token: 5739aa3f-7591-4d20-a115-88d4f3e64fb5, passed token: 5739aa3f-7591-4d20-a115-88d4f3e64fb5
05/21/23 15:30:04: Socket received request to stop server.
05/21/23 15:30:04: Dispatch Server: do_await_stop
05/21/23 15:30:04: SERVER: destructor for server bound to port 54745
05/21/23 15:30:04: Server exiting with status 0.
05/21/23 15:30:04: Closing log file.
05/21/23 16:01:38: Running xcd server. This server was built by gradle.
05/21/23 16:01:38: Server was asked to start on port: '54947'
05/21/23 16:01:38: Server is using token UUID: 'c349afce-c493-4574-8064-a23dfc970c0b'
05/21/23 16:01:38: SESSION_MGR: creating session with session uuid: '6d04a3e9-ade5-4ab9-8d63-1f78fcd2ec76' and name 'default'
05/21/23 16:01:38: Attempting to start server on port '54947'
05/21/23 16:01:38: Running Dispatch Server
05/21/23 16:01:38: Version 2.2.0
05/21/23 16:01:45: Dispatch Server: Accepted socket connection from client
05/21/23 16:01:45: Starting Socket connection
05/21/23 16:01:45: EXCHANGE_TOKEN received, server token: c349afce-c493-4574-8064-a23dfc970c0b, passed token: c349afce-c493-4574-8064-a23dfc970c0b
05/21/23 16:01:45: SESSION_MGR: creating session with session uuid: 'cd54e2a9-b7bd-49c4-91bb-4e22875b1e9f' and name 'vitis_hls'
05/21/23 16:01:45: KERNEL_SVC: creating session with uuid: 'cd54e2a9-b7bd-49c4-91bb-4e22875b1e9f' and name 'vitis_hls'
05/21/23 16:01:45: GUIDANCE_SMGR: creating guidance session with uuid: 'cd54e2a9-b7bd-49c4-91bb-4e22875b1e9f' and name 'vitis_hls'
05/21/23 16:03:12: STOP_SERVER received, server token: c349afce-c493-4574-8064-a23dfc970c0b, passed token: c349afce-c493-4574-8064-a23dfc970c0b
05/21/23 16:03:12: Socket received request to stop server.
05/21/23 16:03:12: Dispatch Server: do_await_stop
05/21/23 16:03:12: SERVER: destructor for server bound to port 54947
05/21/23 16:03:12: Server exiting with status 0.
05/21/23 16:03:12: Closing log file.
05/21/23 16:10:45: Running xcd server. This server was built by gradle.
05/21/23 16:10:45: Server was asked to start on port: '54988'
05/21/23 16:10:45: Server is using token UUID: '6e6dbffe-ec94-4cf4-86eb-2adcce4ff612'
05/21/23 16:10:45: SESSION_MGR: creating session with session uuid: '6d04a3e9-ade5-4ab9-8d63-1f78fcd2ec76' and name 'default'
05/21/23 16:10:45: Attempting to start server on port '54988'
05/21/23 16:10:45: Running Dispatch Server
05/21/23 16:10:45: Version 2.2.0
05/21/23 16:10:53: Dispatch Server: Accepted socket connection from client
05/21/23 16:10:53: Starting Socket connection
05/21/23 16:10:53: EXCHANGE_TOKEN received, server token: 6e6dbffe-ec94-4cf4-86eb-2adcce4ff612, passed token: 6e6dbffe-ec94-4cf4-86eb-2adcce4ff612
05/21/23 16:10:53: SESSION_MGR: creating session with session uuid: '81b47f71-4c48-44ad-917a-aa56c1707c09' and name 'vitis_hls'
05/21/23 16:10:53: KERNEL_SVC: creating session with uuid: '81b47f71-4c48-44ad-917a-aa56c1707c09' and name 'vitis_hls'
05/21/23 16:10:53: GUIDANCE_SMGR: creating guidance session with uuid: '81b47f71-4c48-44ad-917a-aa56c1707c09' and name 'vitis_hls'
05/21/23 16:10:53: STOP_SERVER received, server token: 6e6dbffe-ec94-4cf4-86eb-2adcce4ff612, passed token: 6e6dbffe-ec94-4cf4-86eb-2adcce4ff612
05/21/23 16:10:53: Socket received request to stop server.
05/21/23 16:10:53: Dispatch Server: do_await_stop
05/21/23 16:10:53: SERVER: destructor for server bound to port 54988
05/21/23 16:10:53: Server exiting with status 0.
05/21/23 16:10:53: Closing log file.
05/21/23 16:13:00: Running xcd server. This server was built by gradle.
05/21/23 16:13:00: Server was asked to start on port: '55041'
05/21/23 16:13:00: Server is using token UUID: 'fd45649f-a84b-4711-9fd1-9ec69be0b66c'
05/21/23 16:13:00: SESSION_MGR: creating session with session uuid: '6d04a3e9-ade5-4ab9-8d63-1f78fcd2ec76' and name 'default'
05/21/23 16:13:00: Attempting to start server on port '55041'
05/21/23 16:13:00: Running Dispatch Server
05/21/23 16:13:00: Version 2.2.0
05/21/23 16:13:07: Dispatch Server: Accepted socket connection from client
05/21/23 16:13:07: Starting Socket connection
05/21/23 16:13:07: EXCHANGE_TOKEN received, server token: fd45649f-a84b-4711-9fd1-9ec69be0b66c, passed token: fd45649f-a84b-4711-9fd1-9ec69be0b66c
05/21/23 16:13:07: SESSION_MGR: creating session with session uuid: '6e3bb32e-3e95-4041-9749-30290381d700' and name 'vitis_hls'
05/21/23 16:13:07: KERNEL_SVC: creating session with uuid: '6e3bb32e-3e95-4041-9749-30290381d700' and name 'vitis_hls'
05/21/23 16:13:07: GUIDANCE_SMGR: creating guidance session with uuid: '6e3bb32e-3e95-4041-9749-30290381d700' and name 'vitis_hls'
05/21/23 16:13:40: STOP_SERVER received, server token: fd45649f-a84b-4711-9fd1-9ec69be0b66c, passed token: fd45649f-a84b-4711-9fd1-9ec69be0b66c
05/21/23 16:13:40: Socket received request to stop server.
05/21/23 16:13:40: Dispatch Server: do_await_stop
05/21/23 16:13:40: SERVER: destructor for server bound to port 55041
05/21/23 16:13:40: Server exiting with status 0.
05/21/23 16:13:40: Closing log file.
