19:58:39 DEBUG : Logs will be stored at 'C:/Users/monde/Documents/GitHub/nasa-CPU/vitis_workspace_z2_fetching_ip/IDE.log'.
19:58:47 INFO  : Launching XSCT server: xsct.bat -n  -interactive C:\Users\monde\Documents\GitHub\nasa-CPU\vitis_workspace_z2_fetching_ip\temp_xsdb_launch_script.tcl
19:58:47 INFO  : Platform repository initialization has completed.
19:58:48 INFO  : Registering command handlers for Vitis TCF services
19:58:56 INFO  : XSCT server has started successfully.
19:59:05 INFO  : Successfully done setting XSCT server connection channel  
19:59:05 INFO  : plnx-install-location is set to ''
19:59:05 INFO  : Successfully done query RDI_DATADIR 
19:59:05 INFO  : Successfully done setting workspace for the tool. 
20:12:30 INFO  : Result from executing command 'getProjects': design_1_wrapper
20:12:31 INFO  : Result from executing command 'getPlatforms': 
20:12:31 WARN  : An unexpected exception occurred in the module 'platform project logging'
20:12:31 INFO  : Platform 'design_1_wrapper' is added to custom repositories.
20:13:09 INFO  : Platform 'design_1_wrapper' is added to custom repositories.
20:42:09 INFO  : Result from executing command 'getProjects': design_1_wrapper
20:42:09 INFO  : Result from executing command 'getPlatforms': design_1_wrapper|C:/Users/monde/Documents/GitHub/nasa-CPU/vitis_workspace_z2_fetching_ip/design_1_wrapper/export/design_1_wrapper/design_1_wrapper.xpfm
20:42:10 INFO  : Checking for BSP changes to sync application flags for project 'z2_fetching_ip_00'...
20:43:12 INFO  : Connected to target on host '127.0.0.1' and port '3121'.
20:43:13 INFO  : Jtag cable 'Xilinx TUL 1234-tulA' is selected.
20:43:13 INFO  : 'jtag frequency' command is executed.
20:43:13 INFO  : Context for 'APU' is selected.
20:43:13 INFO  : System reset is completed.
20:43:16 INFO  : 'after 3000' command is executed.
20:43:17 INFO  : 'targets -set -filter {jtag_cable_name =~ "Xilinx TUL 1234-tulA" && level==0 && jtag_device_ctx=="jsn-TUL-1234-tulA-23727093-0"}' command is executed.
20:43:19 INFO  : Device configured successfully with "C:/Users/monde/Documents/GitHub/nasa-CPU/vitis_workspace_z2_fetching_ip/z2_fetching_ip_00/_ide/bitstream/design_1_wrapper.bit"
20:43:20 INFO  : Context for 'APU' is selected.
20:43:20 INFO  : Hardware design and registers information is loaded from 'C:/Users/monde/Documents/GitHub/nasa-CPU/vitis_workspace_z2_fetching_ip/design_1_wrapper/export/design_1_wrapper/hw/design_1_wrapper.xsa'.
20:43:20 INFO  : 'configparams force-mem-access 1' command is executed.
20:43:20 INFO  : Context for 'APU' is selected.
20:43:20 INFO  : Sourcing of 'C:/Users/monde/Documents/GitHub/nasa-CPU/vitis_workspace_z2_fetching_ip/z2_fetching_ip_00/_ide/psinit/ps7_init.tcl' is done.
20:43:23 INFO  : 'ps7_init' command is executed.
20:43:23 INFO  : 'ps7_post_config' command is executed.
20:43:23 INFO  : Context for processor 'ps7_cortexa9_0' is selected.
20:43:23 INFO  : The application 'C:/Users/monde/Documents/GitHub/nasa-CPU/vitis_workspace_z2_fetching_ip/z2_fetching_ip_00/Debug/z2_fetching_ip_00.elf' is downloaded to processor 'ps7_cortexa9_0'.
20:43:23 INFO  : 'configparams force-mem-access 0' command is executed.
20:43:23 INFO  : ----------------XSDB Script----------------
connect -url tcp:127.0.0.1:3121
targets -set -nocase -filter {name =~"APU*"}
rst -system
after 3000
targets -set -filter {jtag_cable_name =~ "Xilinx TUL 1234-tulA" && level==0 && jtag_device_ctx=="jsn-TUL-1234-tulA-23727093-0"}
fpga -file C:/Users/monde/Documents/GitHub/nasa-CPU/vitis_workspace_z2_fetching_ip/z2_fetching_ip_00/_ide/bitstream/design_1_wrapper.bit
targets -set -nocase -filter {name =~"APU*"}
loadhw -hw C:/Users/monde/Documents/GitHub/nasa-CPU/vitis_workspace_z2_fetching_ip/design_1_wrapper/export/design_1_wrapper/hw/design_1_wrapper.xsa -mem-ranges [list {0x40000000 0xbfffffff}] -regs
configparams force-mem-access 1
targets -set -nocase -filter {name =~"APU*"}
source C:/Users/monde/Documents/GitHub/nasa-CPU/vitis_workspace_z2_fetching_ip/z2_fetching_ip_00/_ide/psinit/ps7_init.tcl
ps7_init
ps7_post_config
targets -set -nocase -filter {name =~ "*A9*#0"}
dow C:/Users/monde/Documents/GitHub/nasa-CPU/vitis_workspace_z2_fetching_ip/z2_fetching_ip_00/Debug/z2_fetching_ip_00.elf
configparams force-mem-access 0
----------------End of Script----------------

20:43:24 INFO  : Context for processor 'ps7_cortexa9_0' is selected.
20:43:24 INFO  : 'con' command is executed.
20:43:24 INFO  : ----------------XSDB Script (After Launch)----------------
targets -set -nocase -filter {name =~ "*A9*#0"}
con
----------------End of Script----------------

20:43:24 INFO  : Launch script is exported to file 'C:\Users\monde\Documents\GitHub\nasa-CPU\vitis_workspace_z2_fetching_ip\z2_fetching_ip_00_system\_ide\scripts\systemdebugger_z2_fetching_ip_00_system_standalone.tcl'
20:43:52 INFO  : Disconnected from the channel tcfchan#3.
20:43:52 INFO  : Connected to target on host '127.0.0.1' and port '3121'.
20:43:53 INFO  : Jtag cable 'Xilinx TUL 1234-tulA' is selected.
20:43:54 INFO  : 'jtag frequency' command is executed.
20:43:54 INFO  : Context for 'APU' is selected.
20:43:54 INFO  : System reset is completed.
20:43:57 INFO  : 'after 3000' command is executed.
20:43:57 INFO  : 'targets -set -filter {jtag_cable_name =~ "Xilinx TUL 1234-tulA" && level==0 && jtag_device_ctx=="jsn-TUL-1234-tulA-23727093-0"}' command is executed.
20:43:59 INFO  : Device configured successfully with "C:/Users/monde/Documents/GitHub/nasa-CPU/vitis_workspace_z2_fetching_ip/z2_fetching_ip_00/_ide/bitstream/design_1_wrapper.bit"
20:44:00 INFO  : Context for 'APU' is selected.
20:44:00 INFO  : Hardware design and registers information is loaded from 'C:/Users/monde/Documents/GitHub/nasa-CPU/vitis_workspace_z2_fetching_ip/design_1_wrapper/export/design_1_wrapper/hw/design_1_wrapper.xsa'.
20:44:00 INFO  : 'configparams force-mem-access 1' command is executed.
20:44:00 INFO  : Context for 'APU' is selected.
20:44:00 INFO  : Sourcing of 'C:/Users/monde/Documents/GitHub/nasa-CPU/vitis_workspace_z2_fetching_ip/z2_fetching_ip_00/_ide/psinit/ps7_init.tcl' is done.
20:44:02 INFO  : 'ps7_init' command is executed.
20:44:02 INFO  : 'ps7_post_config' command is executed.
20:44:02 INFO  : Context for processor 'ps7_cortexa9_0' is selected.
20:44:02 INFO  : The application 'C:/Users/monde/Documents/GitHub/nasa-CPU/vitis_workspace_z2_fetching_ip/z2_fetching_ip_00/Debug/z2_fetching_ip_00.elf' is downloaded to processor 'ps7_cortexa9_0'.
20:44:02 INFO  : 'configparams force-mem-access 0' command is executed.
20:44:02 INFO  : ----------------XSDB Script----------------
connect -url tcp:127.0.0.1:3121
targets -set -nocase -filter {name =~"APU*"}
rst -system
after 3000
targets -set -filter {jtag_cable_name =~ "Xilinx TUL 1234-tulA" && level==0 && jtag_device_ctx=="jsn-TUL-1234-tulA-23727093-0"}
fpga -file C:/Users/monde/Documents/GitHub/nasa-CPU/vitis_workspace_z2_fetching_ip/z2_fetching_ip_00/_ide/bitstream/design_1_wrapper.bit
targets -set -nocase -filter {name =~"APU*"}
loadhw -hw C:/Users/monde/Documents/GitHub/nasa-CPU/vitis_workspace_z2_fetching_ip/design_1_wrapper/export/design_1_wrapper/hw/design_1_wrapper.xsa -mem-ranges [list {0x40000000 0xbfffffff}] -regs
configparams force-mem-access 1
targets -set -nocase -filter {name =~"APU*"}
source C:/Users/monde/Documents/GitHub/nasa-CPU/vitis_workspace_z2_fetching_ip/z2_fetching_ip_00/_ide/psinit/ps7_init.tcl
ps7_init
ps7_post_config
targets -set -nocase -filter {name =~ "*A9*#0"}
dow C:/Users/monde/Documents/GitHub/nasa-CPU/vitis_workspace_z2_fetching_ip/z2_fetching_ip_00/Debug/z2_fetching_ip_00.elf
configparams force-mem-access 0
----------------End of Script----------------

20:44:03 INFO  : Context for processor 'ps7_cortexa9_0' is selected.
20:44:03 INFO  : 'con' command is executed.
20:44:03 INFO  : ----------------XSDB Script (After Launch)----------------
targets -set -nocase -filter {name =~ "*A9*#0"}
con
----------------End of Script----------------

20:44:03 INFO  : Launch script is exported to file 'C:\Users\monde\Documents\GitHub\nasa-CPU\vitis_workspace_z2_fetching_ip\z2_fetching_ip_00_system\_ide\scripts\systemdebugger_z2_fetching_ip_00_system_standalone.tcl'
20:46:09 INFO  : Disconnected from the channel tcfchan#4.
20:46:09 INFO  : Connected to target on host '127.0.0.1' and port '3121'.
20:46:10 INFO  : Jtag cable 'Xilinx TUL 1234-tulA' is selected.
20:46:10 INFO  : 'jtag frequency' command is executed.
20:46:10 INFO  : Context for 'APU' is selected.
20:46:10 INFO  : System reset is completed.
20:46:13 INFO  : 'after 3000' command is executed.
20:46:13 INFO  : 'targets -set -filter {jtag_cable_name =~ "Xilinx TUL 1234-tulA" && level==0 && jtag_device_ctx=="jsn-TUL-1234-tulA-23727093-0"}' command is executed.
20:46:16 INFO  : Device configured successfully with "C:/Users/monde/Documents/GitHub/nasa-CPU/vitis_workspace_z2_fetching_ip/z2_fetching_ip_00/_ide/bitstream/design_1_wrapper.bit"
20:46:16 INFO  : Context for 'APU' is selected.
20:46:16 INFO  : Hardware design and registers information is loaded from 'C:/Users/monde/Documents/GitHub/nasa-CPU/vitis_workspace_z2_fetching_ip/design_1_wrapper/export/design_1_wrapper/hw/design_1_wrapper.xsa'.
20:46:16 INFO  : 'configparams force-mem-access 1' command is executed.
20:46:16 INFO  : Context for 'APU' is selected.
20:46:16 INFO  : Sourcing of 'C:/Users/monde/Documents/GitHub/nasa-CPU/vitis_workspace_z2_fetching_ip/z2_fetching_ip_00/_ide/psinit/ps7_init.tcl' is done.
20:46:19 INFO  : 'ps7_init' command is executed.
20:46:19 INFO  : 'ps7_post_config' command is executed.
20:46:19 INFO  : Context for processor 'ps7_cortexa9_0' is selected.
20:46:20 INFO  : The application 'C:/Users/monde/Documents/GitHub/nasa-CPU/vitis_workspace_z2_fetching_ip/z2_fetching_ip_00/Debug/z2_fetching_ip_00.elf' is downloaded to processor 'ps7_cortexa9_0'.
20:46:20 INFO  : 'configparams force-mem-access 0' command is executed.
20:46:20 INFO  : ----------------XSDB Script----------------
connect -url tcp:127.0.0.1:3121
targets -set -nocase -filter {name =~"APU*"}
rst -system
after 3000
targets -set -filter {jtag_cable_name =~ "Xilinx TUL 1234-tulA" && level==0 && jtag_device_ctx=="jsn-TUL-1234-tulA-23727093-0"}
fpga -file C:/Users/monde/Documents/GitHub/nasa-CPU/vitis_workspace_z2_fetching_ip/z2_fetching_ip_00/_ide/bitstream/design_1_wrapper.bit
targets -set -nocase -filter {name =~"APU*"}
loadhw -hw C:/Users/monde/Documents/GitHub/nasa-CPU/vitis_workspace_z2_fetching_ip/design_1_wrapper/export/design_1_wrapper/hw/design_1_wrapper.xsa -mem-ranges [list {0x40000000 0xbfffffff}] -regs
configparams force-mem-access 1
targets -set -nocase -filter {name =~"APU*"}
source C:/Users/monde/Documents/GitHub/nasa-CPU/vitis_workspace_z2_fetching_ip/z2_fetching_ip_00/_ide/psinit/ps7_init.tcl
ps7_init
ps7_post_config
targets -set -nocase -filter {name =~ "*A9*#0"}
dow C:/Users/monde/Documents/GitHub/nasa-CPU/vitis_workspace_z2_fetching_ip/z2_fetching_ip_00/Debug/z2_fetching_ip_00.elf
configparams force-mem-access 0
----------------End of Script----------------

20:46:20 INFO  : Context for processor 'ps7_cortexa9_0' is selected.
20:46:20 INFO  : 'con' command is executed.
20:46:20 INFO  : ----------------XSDB Script (After Launch)----------------
targets -set -nocase -filter {name =~ "*A9*#0"}
con
----------------End of Script----------------

20:46:20 INFO  : Launch script is exported to file 'C:\Users\monde\Documents\GitHub\nasa-CPU\vitis_workspace_z2_fetching_ip\z2_fetching_ip_00_system\_ide\scripts\systemdebugger_z2_fetching_ip_00_system_standalone.tcl'
20:46:54 INFO  : Disconnected from the channel tcfchan#5.
20:46:54 INFO  : Connected to target on host '127.0.0.1' and port '3121'.
20:46:55 INFO  : Jtag cable 'Xilinx TUL 1234-tulA' is selected.
20:46:55 INFO  : 'jtag frequency' command is executed.
20:46:55 INFO  : Context for 'APU' is selected.
20:46:55 INFO  : System reset is completed.
20:46:58 INFO  : 'after 3000' command is executed.
20:46:58 INFO  : 'targets -set -filter {jtag_cable_name =~ "Xilinx TUL 1234-tulA" && level==0 && jtag_device_ctx=="jsn-TUL-1234-tulA-23727093-0"}' command is executed.
20:47:01 INFO  : Device configured successfully with "C:/Users/monde/Documents/GitHub/nasa-CPU/vitis_workspace_z2_fetching_ip/z2_fetching_ip_00/_ide/bitstream/design_1_wrapper.bit"
20:47:01 INFO  : Context for 'APU' is selected.
20:47:01 INFO  : Hardware design and registers information is loaded from 'C:/Users/monde/Documents/GitHub/nasa-CPU/vitis_workspace_z2_fetching_ip/design_1_wrapper/export/design_1_wrapper/hw/design_1_wrapper.xsa'.
20:47:01 INFO  : 'configparams force-mem-access 1' command is executed.
20:47:01 INFO  : Context for 'APU' is selected.
20:47:01 INFO  : Sourcing of 'C:/Users/monde/Documents/GitHub/nasa-CPU/vitis_workspace_z2_fetching_ip/z2_fetching_ip_00/_ide/psinit/ps7_init.tcl' is done.
20:47:03 INFO  : 'ps7_init' command is executed.
20:47:03 INFO  : 'ps7_post_config' command is executed.
20:47:03 INFO  : Context for processor 'ps7_cortexa9_0' is selected.
20:47:03 INFO  : The application 'C:/Users/monde/Documents/GitHub/nasa-CPU/vitis_workspace_z2_fetching_ip/z2_fetching_ip_00/Debug/z2_fetching_ip_00.elf' is downloaded to processor 'ps7_cortexa9_0'.
20:47:03 INFO  : 'configparams force-mem-access 0' command is executed.
20:47:03 INFO  : ----------------XSDB Script----------------
connect -url tcp:127.0.0.1:3121
targets -set -nocase -filter {name =~"APU*"}
rst -system
after 3000
targets -set -filter {jtag_cable_name =~ "Xilinx TUL 1234-tulA" && level==0 && jtag_device_ctx=="jsn-TUL-1234-tulA-23727093-0"}
fpga -file C:/Users/monde/Documents/GitHub/nasa-CPU/vitis_workspace_z2_fetching_ip/z2_fetching_ip_00/_ide/bitstream/design_1_wrapper.bit
targets -set -nocase -filter {name =~"APU*"}
loadhw -hw C:/Users/monde/Documents/GitHub/nasa-CPU/vitis_workspace_z2_fetching_ip/design_1_wrapper/export/design_1_wrapper/hw/design_1_wrapper.xsa -mem-ranges [list {0x40000000 0xbfffffff}] -regs
configparams force-mem-access 1
targets -set -nocase -filter {name =~"APU*"}
source C:/Users/monde/Documents/GitHub/nasa-CPU/vitis_workspace_z2_fetching_ip/z2_fetching_ip_00/_ide/psinit/ps7_init.tcl
ps7_init
ps7_post_config
targets -set -nocase -filter {name =~ "*A9*#0"}
dow C:/Users/monde/Documents/GitHub/nasa-CPU/vitis_workspace_z2_fetching_ip/z2_fetching_ip_00/Debug/z2_fetching_ip_00.elf
configparams force-mem-access 0
----------------End of Script----------------

20:47:04 INFO  : Context for processor 'ps7_cortexa9_0' is selected.
20:47:04 INFO  : 'con' command is executed.
20:47:04 INFO  : ----------------XSDB Script (After Launch)----------------
targets -set -nocase -filter {name =~ "*A9*#0"}
con
----------------End of Script----------------

20:47:04 INFO  : Launch script is exported to file 'C:\Users\monde\Documents\GitHub\nasa-CPU\vitis_workspace_z2_fetching_ip\z2_fetching_ip_00_system\_ide\scripts\systemdebugger_z2_fetching_ip_00_system_standalone.tcl'
20:47:25 INFO  : Checking for BSP changes to sync application flags for project 'z2_fetching_ip_00'...
