================================================================
== Vivado RTL Synthesis Results
================================================================
+ General Information:
    * Date:            Sun Aug 18 12:19:23 +0800 2024
    * Version:         2024.1 (Build 5069499 on May 21 2024)
    * Project:         fetching_ip
    * Solution:        hls (Vivado IP Flow Target)
    * Product family:  zynq
    * Target device:   xc7z020-clg400-1


================================================================
== Run Constraints & Options
================================================================
+ Design Constraints & Options:
    * RTL Synthesis target clock:  10 ns
    * C-Synthesis uncertainty:     27%

+ RTL Synthesis Options:
    * config_export -vivado_synth_strategy:     default
    * config_export -vivado_synth_design_args:  -directive sdx_optimization_effort_high

+ Reporting Options:
    * config_export -vivado_report_level:      2
    * config_export -vivado_max_timing_paths:  10


================================================================
== RTL Synthesis Resource Summary
================================================================
LUT:              284
FF:               218
DSP:              0
BRAM:             128
URAM:             0
SRL:              0


================================================================
== RTL Synthesis Timing Summary
================================================================
* Timing was met
+----------------+-------------+
| Timing         | Period (ns) |
+----------------+-------------+
| Target         | 10.000      |
| Post-Synthesis | 7.192       |
+----------------+-------------+


================================================================
== RTL Synthesis Resources
================================================================
+-------------------+-----+-----+-----+------+------+-----+--------+------+---------+----------+--------+
| Name              | LUT | FF  | DSP | BRAM | URAM | SRL | Pragma | Impl | Latency | Variable | Source |
+-------------------+-----+-----+-----+------+------+-----+--------+------+---------+----------+--------+
| inst              | 284 | 218 |     | 128  |      |     |        |      |         |          |        |
|   (inst)          |     | 84  |     |      |      |     |        |      |         |          |        |
|   control_s_axi_U | 243 | 100 |     | 128  |      |     |        |      |         |          |        |
|   grp_fetch_fu_66 | 41  | 34  |     |      |      |     |        |      |         |          |        |
+-------------------+-----+-----+-----+------+------+-----+--------+------+---------+----------+--------+


================================================================
== RTL Synthesis Fail Fast
================================================================
+-----------------------------------------------------------+-----------+--------+--------+
| Criteria                                                  | Guideline | Actual | Status |
+-----------------------------------------------------------+-----------+--------+--------+
| LUT                                                       | 70%       | 0.53%  | OK     |
| FD                                                        | 50%       | 0.20%  | OK     |
| LUTRAM+SRL                                                | 25%       | 0.00%  | OK     |
| MUXF7                                                     | 15%       | 0.00%  | OK     |
| DSP                                                       | 80%       | 0.00%  | OK     |
| RAMB/FIFO                                                 | 80%       | 45.71% | OK     |
| DSP+RAMB+URAM (Avg)                                       | 70%       | 45.71% | OK     |
| BUFGCE* + BUFGCTRL                                        | 24        | 0      | OK     |
| DONT_TOUCH (cells/nets)                                   | 0         | 0      | OK     |
| MARK_DEBUG (nets)                                         | 0         | 0      | OK     |
| Control Sets                                              | 998       | 6      | OK     |
| Average Fanout for modules > 100k cells                   | 4         | 5.57   | REVIEW |
| Max Average Fanout for modules > 100k cells               | 4         | 0      | OK     |
| Non-FD high fanout nets > 10k loads                       | 0         | 0      | OK     |
+-----------------------------------------------------------+-----------+--------+--------+
| TIMING-6 (No common primary clock between related clocks) | 0         | 0      | OK     |
| TIMING-7 (No common node between related clocks)          | 0         | 0      | OK     |
| TIMING-8 (No common period between related clocks)        | 0         | 0      | OK     |
| TIMING-14 (LUT on the clock tree)                         | 0         | 0      | OK     |
| TIMING-35 (No common node in paths with the same clock)   | 0         | 0      | OK     |
+-----------------------------------------------------------+-----------+--------+--------+
| Number of paths above max LUT budgeting (0.575ns)         | 0         | 0      | OK     |
| Number of paths above max Net budgeting (0.403ns)         | 0         | 0      | OK     |
+-----------------------------------------------------------+-----------+--------+--------+


================================================================
== RTL Synthesis Timing Paths
================================================================
* Timing was met
+-------+-------+------------------------------------------------------+------------------------------------+--------------+------------+----------------+----------------+--------------+
| Path  | SLACK | STARTPOINT PIN                                       | ENDPOINT PIN                       | LOGIC LEVELS | MAX FANOUT | DATAPATH DELAY | DATAPATH LOGIC | DATAPATH NET |
|       |       |                                                      |                                    |              |            |                |          DELAY |        DELAY |
+-------+-------+------------------------------------------------------+------------------------------------+--------------+------------+----------------+----------------+--------------+
| Path1 | 2.808 | control_s_axi_U/int_code_ram/mem_reg_0_0_1/CLKBWRCLK | ap_CS_fsm_reg[0]/D                 |            5 |          6 |          7.185 |          3.815 |        3.370 |
| Path2 | 2.808 | control_s_axi_U/int_code_ram/mem_reg_0_0_1/CLKBWRCLK | control_s_axi_U/int_ap_ready_reg/D |            5 |          6 |          7.185 |          3.815 |        3.370 |
| Path3 | 2.812 | control_s_axi_U/int_code_ram/mem_reg_0_0_1/CLKBWRCLK | control_s_axi_U/int_ap_start_reg/D |            5 |          6 |          7.181 |          3.841 |        3.340 |
| Path4 | 2.838 | control_s_axi_U/int_code_ram/mem_reg_0_0_1/CLKBWRCLK | control_s_axi_U/int_isr_reg[0]/D   |            5 |          6 |          7.155 |          3.815 |        3.340 |
| Path5 | 2.838 | control_s_axi_U/int_code_ram/mem_reg_0_0_1/CLKBWRCLK | control_s_axi_U/int_isr_reg[1]/D   |            5 |          6 |          7.155 |          3.815 |        3.340 |
+-------+-------+------------------------------------------------------+------------------------------------+--------------+------------+----------------+----------------+--------------+

    +--------------------------------------------+----------------------+
    | Path1 Cells                                | Primitive Type       |
    +--------------------------------------------+----------------------+
    | control_s_axi_U/int_code_ram/mem_reg_0_0_1 | BMEM.bram.RAMB36E1   |
    | control_s_axi_U/int_code_ram/mem_reg_0_1_1 | BMEM.bram.RAMB36E1   |
    | grp_fetch_fu_66/int_ap_start_i_11          | LUT.others.LUT5      |
    | grp_fetch_fu_66/int_ap_start_i_5           | LUT.others.LUT4      |
    | grp_fetch_fu_66/int_ap_start_i_2           | LUT.others.LUT6      |
    | control_s_axi_U/ap_CS_fsm[0]_i_1__0        | LUT.others.LUT4      |
    | ap_CS_fsm_reg[0]                           | FLOP_LATCH.flop.FDSE |
    | control_s_axi_U/int_code_ram/mem_reg_0_0_1 | BMEM.bram.RAMB36E1   |
    | control_s_axi_U/int_code_ram/mem_reg_0_1_1 | BMEM.bram.RAMB36E1   |
    | grp_fetch_fu_66/int_ap_start_i_11          | LUT.others.LUT5      |
    | grp_fetch_fu_66/int_ap_start_i_5           | LUT.others.LUT4      |
    | grp_fetch_fu_66/int_ap_start_i_2           | LUT.others.LUT6      |
    | control_s_axi_U/int_ap_ready_i_1           | LUT.others.LUT5      |
    | control_s_axi_U/int_ap_ready_reg           | FLOP_LATCH.flop.FDRE |
    | control_s_axi_U/int_code_ram/mem_reg_0_0_1 | BMEM.bram.RAMB36E1   |
    | control_s_axi_U/int_code_ram/mem_reg_0_1_1 | BMEM.bram.RAMB36E1   |
    | grp_fetch_fu_66/int_ap_start_i_11          | LUT.others.LUT5      |
    | grp_fetch_fu_66/int_ap_start_i_5           | LUT.others.LUT4      |
    | grp_fetch_fu_66/int_ap_start_i_2           | LUT.others.LUT6      |
    | control_s_axi_U/int_ap_start_i_1           | LUT.others.LUT4      |
    | control_s_axi_U/int_ap_start_reg           | FLOP_LATCH.flop.FDRE |
    | control_s_axi_U/int_code_ram/mem_reg_0_0_1 | BMEM.bram.RAMB36E1   |
    | control_s_axi_U/int_code_ram/mem_reg_0_1_1 | BMEM.bram.RAMB36E1   |
    | grp_fetch_fu_66/int_ap_start_i_11          | LUT.others.LUT5      |
    | grp_fetch_fu_66/int_ap_start_i_5           | LUT.others.LUT4      |
    | grp_fetch_fu_66/int_ap_start_i_2           | LUT.others.LUT6      |
    | control_s_axi_U/int_isr[0]_i_1             | LUT.others.LUT5      |
    | control_s_axi_U/int_isr_reg[0]             | FLOP_LATCH.flop.FDRE |
    | control_s_axi_U/int_code_ram/mem_reg_0_0_1 | BMEM.bram.RAMB36E1   |
    | control_s_axi_U/int_code_ram/mem_reg_0_1_1 | BMEM.bram.RAMB36E1   |
    | grp_fetch_fu_66/int_ap_start_i_11          | LUT.others.LUT5      |
    | grp_fetch_fu_66/int_ap_start_i_5           | LUT.others.LUT4      |
    | grp_fetch_fu_66/int_ap_start_i_2           | LUT.others.LUT6      |
    | control_s_axi_U/int_isr[1]_i_1             | LUT.others.LUT5      |
    | control_s_axi_U/int_isr_reg[1]             | FLOP_LATCH.flop.FDRE |
    +--------------------------------------------+----------------------+

    +--------------------------------------------+----------------------+
    | Path2 Cells                                | Primitive Type       |
    +--------------------------------------------+----------------------+
    | control_s_axi_U/int_code_ram/mem_reg_0_0_1 | BMEM.bram.RAMB36E1   |
    | control_s_axi_U/int_code_ram/mem_reg_0_1_1 | BMEM.bram.RAMB36E1   |
    | grp_fetch_fu_66/int_ap_start_i_11          | LUT.others.LUT5      |
    | grp_fetch_fu_66/int_ap_start_i_5           | LUT.others.LUT4      |
    | grp_fetch_fu_66/int_ap_start_i_2           | LUT.others.LUT6      |
    | control_s_axi_U/ap_CS_fsm[0]_i_1__0        | LUT.others.LUT4      |
    | ap_CS_fsm_reg[0]                           | FLOP_LATCH.flop.FDSE |
    | control_s_axi_U/int_code_ram/mem_reg_0_0_1 | BMEM.bram.RAMB36E1   |
    | control_s_axi_U/int_code_ram/mem_reg_0_1_1 | BMEM.bram.RAMB36E1   |
    | grp_fetch_fu_66/int_ap_start_i_11          | LUT.others.LUT5      |
    | grp_fetch_fu_66/int_ap_start_i_5           | LUT.others.LUT4      |
    | grp_fetch_fu_66/int_ap_start_i_2           | LUT.others.LUT6      |
    | control_s_axi_U/int_ap_ready_i_1           | LUT.others.LUT5      |
    | control_s_axi_U/int_ap_ready_reg           | FLOP_LATCH.flop.FDRE |
    | control_s_axi_U/int_code_ram/mem_reg_0_0_1 | BMEM.bram.RAMB36E1   |
    | control_s_axi_U/int_code_ram/mem_reg_0_1_1 | BMEM.bram.RAMB36E1   |
    | grp_fetch_fu_66/int_ap_start_i_11          | LUT.others.LUT5      |
    | grp_fetch_fu_66/int_ap_start_i_5           | LUT.others.LUT4      |
    | grp_fetch_fu_66/int_ap_start_i_2           | LUT.others.LUT6      |
    | control_s_axi_U/int_ap_start_i_1           | LUT.others.LUT4      |
    | control_s_axi_U/int_ap_start_reg           | FLOP_LATCH.flop.FDRE |
    | control_s_axi_U/int_code_ram/mem_reg_0_0_1 | BMEM.bram.RAMB36E1   |
    | control_s_axi_U/int_code_ram/mem_reg_0_1_1 | BMEM.bram.RAMB36E1   |
    | grp_fetch_fu_66/int_ap_start_i_11          | LUT.others.LUT5      |
    | grp_fetch_fu_66/int_ap_start_i_5           | LUT.others.LUT4      |
    | grp_fetch_fu_66/int_ap_start_i_2           | LUT.others.LUT6      |
    | control_s_axi_U/int_isr[0]_i_1             | LUT.others.LUT5      |
    | control_s_axi_U/int_isr_reg[0]             | FLOP_LATCH.flop.FDRE |
    | control_s_axi_U/int_code_ram/mem_reg_0_0_1 | BMEM.bram.RAMB36E1   |
    | control_s_axi_U/int_code_ram/mem_reg_0_1_1 | BMEM.bram.RAMB36E1   |
    | grp_fetch_fu_66/int_ap_start_i_11          | LUT.others.LUT5      |
    | grp_fetch_fu_66/int_ap_start_i_5           | LUT.others.LUT4      |
    | grp_fetch_fu_66/int_ap_start_i_2           | LUT.others.LUT6      |
    | control_s_axi_U/int_isr[1]_i_1             | LUT.others.LUT5      |
    | control_s_axi_U/int_isr_reg[1]             | FLOP_LATCH.flop.FDRE |
    +--------------------------------------------+----------------------+

    +--------------------------------------------+----------------------+
    | Path3 Cells                                | Primitive Type       |
    +--------------------------------------------+----------------------+
    | control_s_axi_U/int_code_ram/mem_reg_0_0_1 | BMEM.bram.RAMB36E1   |
    | control_s_axi_U/int_code_ram/mem_reg_0_1_1 | BMEM.bram.RAMB36E1   |
    | grp_fetch_fu_66/int_ap_start_i_11          | LUT.others.LUT5      |
    | grp_fetch_fu_66/int_ap_start_i_5           | LUT.others.LUT4      |
    | grp_fetch_fu_66/int_ap_start_i_2           | LUT.others.LUT6      |
    | control_s_axi_U/ap_CS_fsm[0]_i_1__0        | LUT.others.LUT4      |
    | ap_CS_fsm_reg[0]                           | FLOP_LATCH.flop.FDSE |
    | control_s_axi_U/int_code_ram/mem_reg_0_0_1 | BMEM.bram.RAMB36E1   |
    | control_s_axi_U/int_code_ram/mem_reg_0_1_1 | BMEM.bram.RAMB36E1   |
    | grp_fetch_fu_66/int_ap_start_i_11          | LUT.others.LUT5      |
    | grp_fetch_fu_66/int_ap_start_i_5           | LUT.others.LUT4      |
    | grp_fetch_fu_66/int_ap_start_i_2           | LUT.others.LUT6      |
    | control_s_axi_U/int_ap_ready_i_1           | LUT.others.LUT5      |
    | control_s_axi_U/int_ap_ready_reg           | FLOP_LATCH.flop.FDRE |
    | control_s_axi_U/int_code_ram/mem_reg_0_0_1 | BMEM.bram.RAMB36E1   |
    | control_s_axi_U/int_code_ram/mem_reg_0_1_1 | BMEM.bram.RAMB36E1   |
    | grp_fetch_fu_66/int_ap_start_i_11          | LUT.others.LUT5      |
    | grp_fetch_fu_66/int_ap_start_i_5           | LUT.others.LUT4      |
    | grp_fetch_fu_66/int_ap_start_i_2           | LUT.others.LUT6      |
    | control_s_axi_U/int_ap_start_i_1           | LUT.others.LUT4      |
    | control_s_axi_U/int_ap_start_reg           | FLOP_LATCH.flop.FDRE |
    | control_s_axi_U/int_code_ram/mem_reg_0_0_1 | BMEM.bram.RAMB36E1   |
    | control_s_axi_U/int_code_ram/mem_reg_0_1_1 | BMEM.bram.RAMB36E1   |
    | grp_fetch_fu_66/int_ap_start_i_11          | LUT.others.LUT5      |
    | grp_fetch_fu_66/int_ap_start_i_5           | LUT.others.LUT4      |
    | grp_fetch_fu_66/int_ap_start_i_2           | LUT.others.LUT6      |
    | control_s_axi_U/int_isr[0]_i_1             | LUT.others.LUT5      |
    | control_s_axi_U/int_isr_reg[0]             | FLOP_LATCH.flop.FDRE |
    | control_s_axi_U/int_code_ram/mem_reg_0_0_1 | BMEM.bram.RAMB36E1   |
    | control_s_axi_U/int_code_ram/mem_reg_0_1_1 | BMEM.bram.RAMB36E1   |
    | grp_fetch_fu_66/int_ap_start_i_11          | LUT.others.LUT5      |
    | grp_fetch_fu_66/int_ap_start_i_5           | LUT.others.LUT4      |
    | grp_fetch_fu_66/int_ap_start_i_2           | LUT.others.LUT6      |
    | control_s_axi_U/int_isr[1]_i_1             | LUT.others.LUT5      |
    | control_s_axi_U/int_isr_reg[1]             | FLOP_LATCH.flop.FDRE |
    +--------------------------------------------+----------------------+

    +--------------------------------------------+----------------------+
    | Path4 Cells                                | Primitive Type       |
    +--------------------------------------------+----------------------+
    | control_s_axi_U/int_code_ram/mem_reg_0_0_1 | BMEM.bram.RAMB36E1   |
    | control_s_axi_U/int_code_ram/mem_reg_0_1_1 | BMEM.bram.RAMB36E1   |
    | grp_fetch_fu_66/int_ap_start_i_11          | LUT.others.LUT5      |
    | grp_fetch_fu_66/int_ap_start_i_5           | LUT.others.LUT4      |
    | grp_fetch_fu_66/int_ap_start_i_2           | LUT.others.LUT6      |
    | control_s_axi_U/ap_CS_fsm[0]_i_1__0        | LUT.others.LUT4      |
    | ap_CS_fsm_reg[0]                           | FLOP_LATCH.flop.FDSE |
    | control_s_axi_U/int_code_ram/mem_reg_0_0_1 | BMEM.bram.RAMB36E1   |
    | control_s_axi_U/int_code_ram/mem_reg_0_1_1 | BMEM.bram.RAMB36E1   |
    | grp_fetch_fu_66/int_ap_start_i_11          | LUT.others.LUT5      |
    | grp_fetch_fu_66/int_ap_start_i_5           | LUT.others.LUT4      |
    | grp_fetch_fu_66/int_ap_start_i_2           | LUT.others.LUT6      |
    | control_s_axi_U/int_ap_ready_i_1           | LUT.others.LUT5      |
    | control_s_axi_U/int_ap_ready_reg           | FLOP_LATCH.flop.FDRE |
    | control_s_axi_U/int_code_ram/mem_reg_0_0_1 | BMEM.bram.RAMB36E1   |
    | control_s_axi_U/int_code_ram/mem_reg_0_1_1 | BMEM.bram.RAMB36E1   |
    | grp_fetch_fu_66/int_ap_start_i_11          | LUT.others.LUT5      |
    | grp_fetch_fu_66/int_ap_start_i_5           | LUT.others.LUT4      |
    | grp_fetch_fu_66/int_ap_start_i_2           | LUT.others.LUT6      |
    | control_s_axi_U/int_ap_start_i_1           | LUT.others.LUT4      |
    | control_s_axi_U/int_ap_start_reg           | FLOP_LATCH.flop.FDRE |
    | control_s_axi_U/int_code_ram/mem_reg_0_0_1 | BMEM.bram.RAMB36E1   |
    | control_s_axi_U/int_code_ram/mem_reg_0_1_1 | BMEM.bram.RAMB36E1   |
    | grp_fetch_fu_66/int_ap_start_i_11          | LUT.others.LUT5      |
    | grp_fetch_fu_66/int_ap_start_i_5           | LUT.others.LUT4      |
    | grp_fetch_fu_66/int_ap_start_i_2           | LUT.others.LUT6      |
    | control_s_axi_U/int_isr[0]_i_1             | LUT.others.LUT5      |
    | control_s_axi_U/int_isr_reg[0]             | FLOP_LATCH.flop.FDRE |
    | control_s_axi_U/int_code_ram/mem_reg_0_0_1 | BMEM.bram.RAMB36E1   |
    | control_s_axi_U/int_code_ram/mem_reg_0_1_1 | BMEM.bram.RAMB36E1   |
    | grp_fetch_fu_66/int_ap_start_i_11          | LUT.others.LUT5      |
    | grp_fetch_fu_66/int_ap_start_i_5           | LUT.others.LUT4      |
    | grp_fetch_fu_66/int_ap_start_i_2           | LUT.others.LUT6      |
    | control_s_axi_U/int_isr[1]_i_1             | LUT.others.LUT5      |
    | control_s_axi_U/int_isr_reg[1]             | FLOP_LATCH.flop.FDRE |
    +--------------------------------------------+----------------------+

    +--------------------------------------------+----------------------+
    | Path5 Cells                                | Primitive Type       |
    +--------------------------------------------+----------------------+
    | control_s_axi_U/int_code_ram/mem_reg_0_0_1 | BMEM.bram.RAMB36E1   |
    | control_s_axi_U/int_code_ram/mem_reg_0_1_1 | BMEM.bram.RAMB36E1   |
    | grp_fetch_fu_66/int_ap_start_i_11          | LUT.others.LUT5      |
    | grp_fetch_fu_66/int_ap_start_i_5           | LUT.others.LUT4      |
    | grp_fetch_fu_66/int_ap_start_i_2           | LUT.others.LUT6      |
    | control_s_axi_U/ap_CS_fsm[0]_i_1__0        | LUT.others.LUT4      |
    | ap_CS_fsm_reg[0]                           | FLOP_LATCH.flop.FDSE |
    | control_s_axi_U/int_code_ram/mem_reg_0_0_1 | BMEM.bram.RAMB36E1   |
    | control_s_axi_U/int_code_ram/mem_reg_0_1_1 | BMEM.bram.RAMB36E1   |
    | grp_fetch_fu_66/int_ap_start_i_11          | LUT.others.LUT5      |
    | grp_fetch_fu_66/int_ap_start_i_5           | LUT.others.LUT4      |
    | grp_fetch_fu_66/int_ap_start_i_2           | LUT.others.LUT6      |
    | control_s_axi_U/int_ap_ready_i_1           | LUT.others.LUT5      |
    | control_s_axi_U/int_ap_ready_reg           | FLOP_LATCH.flop.FDRE |
    | control_s_axi_U/int_code_ram/mem_reg_0_0_1 | BMEM.bram.RAMB36E1   |
    | control_s_axi_U/int_code_ram/mem_reg_0_1_1 | BMEM.bram.RAMB36E1   |
    | grp_fetch_fu_66/int_ap_start_i_11          | LUT.others.LUT5      |
    | grp_fetch_fu_66/int_ap_start_i_5           | LUT.others.LUT4      |
    | grp_fetch_fu_66/int_ap_start_i_2           | LUT.others.LUT6      |
    | control_s_axi_U/int_ap_start_i_1           | LUT.others.LUT4      |
    | control_s_axi_U/int_ap_start_reg           | FLOP_LATCH.flop.FDRE |
    | control_s_axi_U/int_code_ram/mem_reg_0_0_1 | BMEM.bram.RAMB36E1   |
    | control_s_axi_U/int_code_ram/mem_reg_0_1_1 | BMEM.bram.RAMB36E1   |
    | grp_fetch_fu_66/int_ap_start_i_11          | LUT.others.LUT5      |
    | grp_fetch_fu_66/int_ap_start_i_5           | LUT.others.LUT4      |
    | grp_fetch_fu_66/int_ap_start_i_2           | LUT.others.LUT6      |
    | control_s_axi_U/int_isr[0]_i_1             | LUT.others.LUT5      |
    | control_s_axi_U/int_isr_reg[0]             | FLOP_LATCH.flop.FDRE |
    | control_s_axi_U/int_code_ram/mem_reg_0_0_1 | BMEM.bram.RAMB36E1   |
    | control_s_axi_U/int_code_ram/mem_reg_0_1_1 | BMEM.bram.RAMB36E1   |
    | grp_fetch_fu_66/int_ap_start_i_11          | LUT.others.LUT5      |
    | grp_fetch_fu_66/int_ap_start_i_5           | LUT.others.LUT4      |
    | grp_fetch_fu_66/int_ap_start_i_2           | LUT.others.LUT6      |
    | control_s_axi_U/int_isr[1]_i_1             | LUT.others.LUT5      |
    | control_s_axi_U/int_isr_reg[1]             | FLOP_LATCH.flop.FDRE |
    +--------------------------------------------+----------------------+


================================================================
== RTL Synthesis Vivado Reports
================================================================
+--------------------------+--------------------------------------------------------------------+
| Report Type              | Report Location                                                    |
+--------------------------+--------------------------------------------------------------------+
| design_analysis          | impl/verilog/report/fetching_ip_design_analysis_synth.rpt          |
| failfast                 | impl/verilog/report/fetching_ip_failfast_synth.rpt                 |
| timing                   | impl/verilog/report/fetching_ip_timing_synth.rpt                   |
| timing_paths             | impl/verilog/report/fetching_ip_timing_paths_synth.rpt             |
| utilization              | impl/verilog/report/fetching_ip_utilization_synth.rpt              |
| utilization_hierarchical | impl/verilog/report/fetching_ip_utilization_hierarchical_synth.rpt |
+--------------------------+--------------------------------------------------------------------+


