

================================================================
== Vitis HLS Report for 'decode'
================================================================
* Date:           Wed Nov 22 20:46:35 2023

* Version:        2023.2 (Build 4023990 on Oct 11 2023)
* Project:        fde_ip
* Solution:       hls (Vivado IP Flow Target)
* Product family: zynq
* Target device:  xc7z020-clg400-1


================================================================
== Performance Estimates
================================================================
+ Timing: 
    * Summary: 
    +--------+----------+----------+------------+
    |  Clock |  Target  | Estimated| Uncertainty|
    +--------+----------+----------+------------+
    |ap_clk  |  10.00 ns|  4.369 ns|     2.70 ns|
    +--------+----------+----------+------------+

+ Latency: 
    * Summary: 
    +---------+---------+-----------+-----------+-----+-----+---------+
    |  Latency (cycles) |   Latency (absolute)  |  Interval | Pipeline|
    |   min   |   max   |    min    |    max    | min | max |   Type  |
    +---------+---------+-----------+-----------+-----+-----+---------+
    |        1|        1|  10.000 ns|  10.000 ns|    2|    2|      yes|
    +---------+---------+-----------+-----------+-----+-----+---------+

    + Detail: 
        * Instance: 
        N/A

        * Loop: 
        N/A



================================================================
== Utilization Estimates
================================================================
* Summary: 
+-----------------+---------+-----+--------+-------+-----+
|       Name      | BRAM_18K| DSP |   FF   |  LUT  | URAM|
+-----------------+---------+-----+--------+-------+-----+
|DSP              |        -|    -|       -|      -|    -|
|Expression       |        -|    -|       0|      2|    -|
|FIFO             |        -|    -|       -|      -|    -|
|Instance         |        -|    -|       -|      -|    -|
|Memory           |        -|    -|       -|      -|    -|
|Multiplexer      |        -|    -|       -|     88|    -|
|Register         |        -|    -|      75|      -|    -|
+-----------------+---------+-----+--------+-------+-----+
|Total            |        0|    0|      75|     90|    0|
+-----------------+---------+-----+--------+-------+-----+
|Available        |      280|  220|  106400|  53200|    0|
+-----------------+---------+-----+--------+-------+-----+
|Utilization (%)  |        0|    0|      ~0|     ~0|    0|
+-----------------+---------+-----+--------+-------+-----+

+ Detail: 
    * Instance: 
    N/A

    * DSP: 
    N/A

    * Memory: 
    N/A

    * FIFO: 
    N/A

    * Expression: 
    +------------------+----------+----+---+----+------------+------------+
    |   Variable Name  | Operation| DSP| FF| LUT| Bitwidth P0| Bitwidth P1|
    +------------------+----------+----+---+----+------------+------------+
    |ap_condition_148  |       and|   0|  0|   2|           1|           1|
    +------------------+----------+----+---+----+------------+------------+
    |Total             |          |   0|  0|   2|           1|           1|
    +------------------+----------+----+---+----+------------+------------+

    * Multiplexer: 
    +------------------------------------------------+----+-----------+-----+-----------+
    |                      Name                      | LUT| Input Size| Bits| Total Bits|
    +------------------------------------------------+----+-----------+-----+-----------+
    |ap_NS_fsm                                       |  14|          3|    1|          3|
    |ap_phi_mux_d_i_imm_write_assign_phi_fu_152_p12  |  37|          7|   20|        140|
    |d_i_type_write_assign_reg_98                    |  37|          7|    3|         21|
    +------------------------------------------------+----+-----------+-----+-----------+
    |Total                                           |  88|         17|   24|        164|
    +------------------------------------------------+----+-----------+-----+-----------+

    * Register: 
    +--------------------------------+----+----+-----+-----------+
    |              Name              | FF | LUT| Bits| Const Bits|
    +--------------------------------+----+----+-----+-----------+
    |ap_CS_fsm                       |   2|   0|    2|          0|
    |d_i_func3_write_assign_reg_439  |   3|   0|    3|          0|
    |d_i_func7_write_assign_reg_454  |   7|   0|    7|          0|
    |d_i_rd_write_assign_reg_428     |   5|   0|    5|          0|
    |d_i_rs1_write_assign_reg_444    |   5|   0|    5|          0|
    |d_i_rs2_write_assign_reg_449    |   5|   0|    5|          0|
    |d_i_type_write_assign_reg_98    |   3|   0|    3|          0|
    |d_imm_inst_19_12_reg_434        |   8|   0|    8|          0|
    |instruction_read_reg_411        |  32|   0|   32|          0|
    |opc_reg_423                     |   5|   0|    5|          0|
    +--------------------------------+----+----+-----+-----------+
    |Total                           |  75|   0|   75|          0|
    +--------------------------------+----+----+-----+-----------+



================================================================
== Interface
================================================================
* Summary: 
+-------------+-----+-----+------------+--------------+--------------+
|  RTL Ports  | Dir | Bits|  Protocol  | Source Object|    C Type    |
+-------------+-----+-----+------------+--------------+--------------+
|ap_clk       |   in|    1|  ap_ctrl_hs|        decode|  return value|
|ap_rst       |   in|    1|  ap_ctrl_hs|        decode|  return value|
|ap_start     |   in|    1|  ap_ctrl_hs|        decode|  return value|
|ap_done      |  out|    1|  ap_ctrl_hs|        decode|  return value|
|ap_idle      |  out|    1|  ap_ctrl_hs|        decode|  return value|
|ap_ready     |  out|    1|  ap_ctrl_hs|        decode|  return value|
|ap_return_0  |  out|    5|  ap_ctrl_hs|        decode|  return value|
|ap_return_1  |  out|    5|  ap_ctrl_hs|        decode|  return value|
|ap_return_2  |  out|    3|  ap_ctrl_hs|        decode|  return value|
|ap_return_3  |  out|    5|  ap_ctrl_hs|        decode|  return value|
|ap_return_4  |  out|    5|  ap_ctrl_hs|        decode|  return value|
|ap_return_5  |  out|    7|  ap_ctrl_hs|        decode|  return value|
|ap_return_6  |  out|    3|  ap_ctrl_hs|        decode|  return value|
|ap_return_7  |  out|   20|  ap_ctrl_hs|        decode|  return value|
|instruction  |   in|   32|     ap_none|   instruction|        scalar|
+-------------+-----+-----+------------+--------------+--------------+

