================================================================
== Vivado Place & Route Results
================================================================
+ General Information:
    * Date:            Sat May 27 20:08:27 +0800 2023
    * Version:         2022.2 (Build 3779808 on Feb 17 2023)
    * Project:         fetching_decoding_ip
    * Solution:        solution1 (Vivado IP Flow Target)
    * Product family:  zynq
    * Target device:   xc7z020-clg400-1


================================================================
== Run Constraints & Options
================================================================
+ Design Constraints & Options:
    * Place & Route target clock:  10 ns
    * C-Synthesis target clock:    10 ns
    * C-Synthesis uncertainty:     27%

+ RTL Synthesis Options:
    * config_export -vivado_synth_strategy:     default
    * config_export -vivado_synth_design_args:  -directive sdx_optimization_effort_high

+ Place & Route Options:
    * config_export -vivado_impl_strategy:  default
    * config_export -vivado_phys_opt:       none

+ Reporting Options:
    * config_export -vivado_report_level:      2
    * config_export -vivado_max_timing_paths:  10


================================================================
== Place & Route Resource Summary
================================================================
LUT:              918
FF:               357
DSP:              0
BRAM:             128
URAM:             0
SRL:              0


================================================================
== Place & Route Timing Summary
================================================================
* Timing was met
+----------------+-------------+
| Timing         | Period (ns) |
+----------------+-------------+
| Target         | 10.000      |
| Post-Synthesis | 5.978       |
| Post-Route     | 7.980       |
+----------------+-------------+


================================================================
== Place & Route Resources
================================================================
+-------------------------+-----+-----+-----+------+------+-----+--------+------+---------+----------+--------+
| Name                    | LUT | FF  | DSP | BRAM | URAM | SRL | Pragma | Impl | Latency | Variable | Source |
+-------------------------+-----+-----+-----+------+------+-----+--------+------+---------+----------+--------+
| inst                    | 918 | 357 |     | 128  |      |     |        |      |         |          |        |
|   (inst)                | 4   | 156 |     |      |      |     |        |      |         |          |        |
|   control_s_axi_U       | 858 | 199 |     | 128  |      |     |        |      |         |          |        |
|     (control_s_axi_U)   | 81  | 135 |     |      |      |     |        |      |         |          |        |
|   grp_fetch_fu_87       | 60  | 2   |     |      |      |     |        |      |         |          |        |
|   pc_V_1_execute_fu_106 | 8   |     |     |      |      |     |        |      |         |          |        |
+-------------------------+-----+-----+-----+------+------+-----+--------+------+---------+----------+--------+


================================================================
== Place & Route Fail Fast
================================================================
+-----------------------------------------------------------+-----------+--------+--------+
| Criteria                                                  | Guideline | Actual | Status |
+-----------------------------------------------------------+-----------+--------+--------+
| LUT                                                       | 70%       | 1.73%  | OK     |
| FD                                                        | 50%       | 0.34%  | OK     |
| LUTRAM+SRL                                                | 25%       | 0.00%  | OK     |
| MUXF7                                                     | 15%       | 0.00%  | OK     |
| DSP                                                       | 80%       | 0.00%  | OK     |
| RAMB/FIFO                                                 | 80%       | 45.71% | OK     |
| DSP+RAMB+URAM (Avg)                                       | 70%       | 45.71% | OK     |
| BUFGCE* + BUFGCTRL                                        | 24        | 0      | OK     |
| DONT_TOUCH (cells/nets)                                   | 0         | 0      | OK     |
| MARK_DEBUG (nets)                                         | 0         | 0      | OK     |
| Control Sets                                              | 998       | 12     | OK     |
| Average Fanout for modules > 100k cells                   | 4         | 0      | OK     |
| Non-FD high fanout nets > 10k loads                       | 0         | 0      | OK     |
+-----------------------------------------------------------+-----------+--------+--------+
| TIMING-6 (No common primary clock between related clocks) | 0         | 0      | OK     |
| TIMING-7 (No common node between related clocks)          | 0         | 0      | OK     |
| TIMING-8 (No common period between related clocks)        | 0         | 0      | OK     |
| TIMING-14 (LUT on the clock tree)                         | 0         | 0      | OK     |
| TIMING-35 (No common node in paths with the same clock)   | 0         | 0      | OK     |
+-----------------------------------------------------------+-----------+--------+--------+
| Number of paths above max LUT budgeting (0.575ns)         | 0         | 0      | OK     |
| Number of paths above max Net budgeting (0.403ns)         | 0         | 0      | OK     |
+-----------------------------------------------------------+-----------+--------+--------+


================================================================
== Place & Route Timing Paths
================================================================
* Timing was met
+-------+-------+------------------------------------------------------+------------------------------------------------------------+--------------+------------+----------------+----------------+--------------+
| Path  | SLACK | STARTPOINT PIN                                       | ENDPOINT PIN                                               | LOGIC LEVELS | MAX FANOUT | DATAPATH DELAY | DATAPATH LOGIC | DATAPATH NET |
|       |       |                                                      |                                                            |              |            |                |          DELAY |        DELAY |
+-------+-------+------------------------------------------------------+------------------------------------------------------------+--------------+------------+----------------+----------------+--------------+
| Path1 | 2.020 | control_s_axi_U/int_code_ram/mem_reg_3_0_6/CLKBWRCLK | is_running_V_reg_192_reg[0]/D                              |            3 |          3 |          7.973 |          3.545 |        4.428 |
| Path2 | 2.161 | control_s_axi_U/int_code_ram/mem_reg_3_0_6/CLKBWRCLK | ap_enable_reg_pp0_iter0_reg/D                              |            3 |          3 |          7.832 |          3.545 |        4.287 |
| Path3 | 2.190 | control_s_axi_U/FSM_onehot_wstate_reg[2]/C           | control_s_axi_U/int_code_ram/mem_reg_2_0_0/WEA[0]          |            1 |         68 |          7.194 |          0.642 |        6.552 |
| Path4 | 2.211 | pc_V_fu_66_reg[10]/C                                 | control_s_axi_U/int_code_ram/mem_reg_3_0_6/ADDRBWRADDR[10] |            0 |         22 |          7.139 |          0.518 |        6.621 |
| Path5 | 2.314 | pc_V_fu_66_reg[10]/C                                 | control_s_axi_U/int_code_ram/mem_reg_2_0_7/ADDRBWRADDR[10] |            0 |         22 |          7.036 |          0.518 |        6.518 |
+-------+-------+------------------------------------------------------+------------------------------------------------------------+--------------+------------+----------------+----------------+--------------+

    +----------------------------------------------------------+----------------------+
    | Path1 Cells                                              | Primitive Type       |
    +----------------------------------------------------------+----------------------+
    | control_s_axi_U/int_code_ram/mem_reg_3_0_6               | BMEM.bram.RAMB36E1   |
    | control_s_axi_U/int_code_ram/mem_reg_3_1_6               | BMEM.bram.RAMB36E1   |
    | control_s_axi_U/int_code_ram/is_running_V_reg_192[0]_i_3 | LUT.others.LUT6      |
    | control_s_axi_U/int_code_ram/is_running_V_reg_192[0]_i_1 | LUT.others.LUT6      |
    | is_running_V_reg_192_reg[0]                              | FLOP_LATCH.flop.FDRE |
    +----------------------------------------------------------+----------------------+

    +----------------------------------------------------------+----------------------+
    | Path2 Cells                                              | Primitive Type       |
    +----------------------------------------------------------+----------------------+
    | control_s_axi_U/int_code_ram/mem_reg_3_0_6               | BMEM.bram.RAMB36E1   |
    | control_s_axi_U/int_code_ram/mem_reg_3_1_6               | BMEM.bram.RAMB36E1   |
    | control_s_axi_U/int_code_ram/is_running_V_reg_192[0]_i_3 | LUT.others.LUT6      |
    | control_s_axi_U/int_code_ram/ap_enable_reg_pp0_iter0_i_1 | LUT.others.LUT6      |
    | ap_enable_reg_pp0_iter0_reg                              | FLOP_LATCH.flop.FDRE |
    +----------------------------------------------------------+----------------------+

    +-------------------------------------------------+----------------------+
    | Path3 Cells                                     | Primitive Type       |
    +-------------------------------------------------+----------------------+
    | control_s_axi_U/FSM_onehot_wstate_reg[2]        | FLOP_LATCH.flop.FDRE |
    | control_s_axi_U/int_code_ram/mem_reg_2_0_0_i_19 | LUT.others.LUT6      |
    | control_s_axi_U/int_code_ram/mem_reg_2_0_0      | BMEM.bram.RAMB36E1   |
    +-------------------------------------------------+----------------------+

    +--------------------------------------------+----------------------+
    | Path4 Cells                                | Primitive Type       |
    +--------------------------------------------+----------------------+
    | pc_V_fu_66_reg[10]                         | FLOP_LATCH.flop.FDRE |
    | control_s_axi_U/int_code_ram/mem_reg_3_0_6 | BMEM.bram.RAMB36E1   |
    +--------------------------------------------+----------------------+

    +--------------------------------------------+----------------------+
    | Path5 Cells                                | Primitive Type       |
    +--------------------------------------------+----------------------+
    | pc_V_fu_66_reg[10]                         | FLOP_LATCH.flop.FDRE |
    | control_s_axi_U/int_code_ram/mem_reg_2_0_7 | BMEM.bram.RAMB36E1   |
    +--------------------------------------------+----------------------+


================================================================
== Place & Route Vivado Reports
================================================================
+--------------------------+------------------------------------------------------------------------------+
| Report Type              | Report Location                                                              |
+--------------------------+------------------------------------------------------------------------------+
| design_analysis          | impl/verilog/report/fetching_decoding_ip_design_analysis_routed.rpt          |
| failfast                 | impl/verilog/report/fetching_decoding_ip_failfast_routed.rpt                 |
| status                   | impl/verilog/report/fetching_decoding_ip_status_routed.rpt                   |
| timing                   | impl/verilog/report/fetching_decoding_ip_timing_routed.rpt                   |
| timing_paths             | impl/verilog/report/fetching_decoding_ip_timing_paths_routed.rpt             |
| utilization              | impl/verilog/report/fetching_decoding_ip_utilization_routed.rpt              |
| utilization_hierarchical | impl/verilog/report/fetching_decoding_ip_utilization_hierarchical_routed.rpt |
+--------------------------+------------------------------------------------------------------------------+


