
*** Running vivado
    with args -log design_1_fetching_ip_0_0.vds -m64 -product Vivado -mode batch -messageDb vivado.pb -notrace -source design_1_fetching_ip_0_0.tcl



****** Vivado v2022.2.2 (64-bit)
  **** SW Build 3788238 on Tue Feb 21 20:00:34 MST 2023
  **** IP Build 3783773 on Tue Feb 21 23:41:56 MST 2023
    ** Copyright 1986-2023 Xilinx, Inc. All Rights Reserved.

source design_1_fetching_ip_0_0.tcl -notrace
create_project: Time (s): cpu = 00:00:04 ; elapsed = 00:00:17 . Memory (MB): peak = 376.332 ; gain = 65.742
INFO: [IP_Flow 19-234] Refreshing IP repositories
INFO: [IP_Flow 19-1700] Loaded user IP repository 'c:/Users/monde/Documents/GitHub/nasa-CPU/HLS'.
INFO: [IP_Flow 19-2313] Loaded Vivado IP repository 'C:/Xilinx/Vivado/2022.2/data/ip'.
INFO: [IP_Flow 19-6924] IPCACHE: Running cache check for IP inst: design_1_fetching_ip_0_0
Command: synth_design -top design_1_fetching_ip_0_0 -part xc7z020clg400-1 -incremental_mode off -mode out_of_context
Starting synth_design
Attempting to get a license for feature 'Synthesis' and/or device 'xc7z020'
INFO: [Common 17-349] Got license for feature 'Synthesis' and/or device 'xc7z020'
INFO: [Device 21-403] Loading part xc7z020clg400-1
INFO: [Synth 8-7079] Multithreading enabled for synth_design using a maximum of 2 processes.
INFO: [Synth 8-7078] Launching helper process for spawning children vivado processes
INFO: [Synth 8-7075] Helper process launched with PID 12084
INFO: [Synth 8-11241] undeclared symbol 'REGCCE', assumed default net type 'wire' [C:/Xilinx/Vivado/2022.2/data/verilog/src/unimacro/BRAM_SINGLE_MACRO.v:2170]
---------------------------------------------------------------------------------
Starting RTL Elaboration : Time (s): cpu = 00:00:12 ; elapsed = 00:00:25 . Memory (MB): peak = 1226.062 ; gain = 407.297
---------------------------------------------------------------------------------
INFO: [Synth 8-6157] synthesizing module 'design_1_fetching_ip_0_0' [c:/Users/monde/Documents/GitHub/nasa-CPU/z2_fetching_ip/z2_fetching_ip.gen/sources_1/bd/design_1/ip/design_1_fetching_ip_0_0/synth/design_1_fetching_ip_0_0.v:53]
INFO: [Synth 8-6157] synthesizing module 'fetching_ip' [c:/Users/monde/Documents/GitHub/nasa-CPU/z2_fetching_ip/z2_fetching_ip.gen/sources_1/bd/design_1/ipshared/0c6c/hdl/verilog/fetching_ip.v:10]
INFO: [Synth 8-6157] synthesizing module 'fetching_ip_fetch' [c:/Users/monde/Documents/GitHub/nasa-CPU/z2_fetching_ip/z2_fetching_ip.gen/sources_1/bd/design_1/ipshared/0c6c/hdl/verilog/fetching_ip_fetch.v:10]
INFO: [Synth 8-6155] done synthesizing module 'fetching_ip_fetch' (0#1) [c:/Users/monde/Documents/GitHub/nasa-CPU/z2_fetching_ip/z2_fetching_ip.gen/sources_1/bd/design_1/ipshared/0c6c/hdl/verilog/fetching_ip_fetch.v:10]
INFO: [Synth 8-6157] synthesizing module 'fetching_ip_execute' [c:/Users/monde/Documents/GitHub/nasa-CPU/z2_fetching_ip/z2_fetching_ip.gen/sources_1/bd/design_1/ipshared/0c6c/hdl/verilog/fetching_ip_execute.v:10]
INFO: [Synth 8-6155] done synthesizing module 'fetching_ip_execute' (0#1) [c:/Users/monde/Documents/GitHub/nasa-CPU/z2_fetching_ip/z2_fetching_ip.gen/sources_1/bd/design_1/ipshared/0c6c/hdl/verilog/fetching_ip_execute.v:10]
INFO: [Synth 8-6157] synthesizing module 'fetching_ip_running_cond_update' [c:/Users/monde/Documents/GitHub/nasa-CPU/z2_fetching_ip/z2_fetching_ip.gen/sources_1/bd/design_1/ipshared/0c6c/hdl/verilog/fetching_ip_running_cond_update.v:10]
INFO: [Synth 8-6155] done synthesizing module 'fetching_ip_running_cond_update' (0#1) [c:/Users/monde/Documents/GitHub/nasa-CPU/z2_fetching_ip/z2_fetching_ip.gen/sources_1/bd/design_1/ipshared/0c6c/hdl/verilog/fetching_ip_running_cond_update.v:10]
INFO: [Synth 8-6157] synthesizing module 'fetching_ip_control_s_axi' [c:/Users/monde/Documents/GitHub/nasa-CPU/z2_fetching_ip/z2_fetching_ip.gen/sources_1/bd/design_1/ipshared/0c6c/hdl/verilog/fetching_ip_control_s_axi.v:7]
INFO: [Synth 8-6157] synthesizing module 'fetching_ip_control_s_axi_ram' [c:/Users/monde/Documents/GitHub/nasa-CPU/z2_fetching_ip/z2_fetching_ip.gen/sources_1/bd/design_1/ipshared/0c6c/hdl/verilog/fetching_ip_control_s_axi.v:470]
INFO: [Synth 8-6155] done synthesizing module 'fetching_ip_control_s_axi_ram' (0#1) [c:/Users/monde/Documents/GitHub/nasa-CPU/z2_fetching_ip/z2_fetching_ip.gen/sources_1/bd/design_1/ipshared/0c6c/hdl/verilog/fetching_ip_control_s_axi.v:470]
INFO: [Synth 8-155] case statement is not full and has no default [c:/Users/monde/Documents/GitHub/nasa-CPU/z2_fetching_ip/z2_fetching_ip.gen/sources_1/bd/design_1/ipshared/0c6c/hdl/verilog/fetching_ip_control_s_axi.v:240]
INFO: [Synth 8-6155] done synthesizing module 'fetching_ip_control_s_axi' (0#1) [c:/Users/monde/Documents/GitHub/nasa-CPU/z2_fetching_ip/z2_fetching_ip.gen/sources_1/bd/design_1/ipshared/0c6c/hdl/verilog/fetching_ip_control_s_axi.v:7]
INFO: [Synth 8-6155] done synthesizing module 'fetching_ip' (0#1) [c:/Users/monde/Documents/GitHub/nasa-CPU/z2_fetching_ip/z2_fetching_ip.gen/sources_1/bd/design_1/ipshared/0c6c/hdl/verilog/fetching_ip.v:10]
INFO: [Synth 8-6155] done synthesizing module 'design_1_fetching_ip_0_0' (0#1) [c:/Users/monde/Documents/GitHub/nasa-CPU/z2_fetching_ip/z2_fetching_ip.gen/sources_1/bd/design_1/ip/design_1_fetching_ip_0_0/synth/design_1_fetching_ip_0_0.v:53]
WARNING: [Synth 8-6014] Unused sequential element int_ap_done_reg was removed.  [c:/Users/monde/Documents/GitHub/nasa-CPU/z2_fetching_ip/z2_fetching_ip.gen/sources_1/bd/design_1/ipshared/0c6c/hdl/verilog/fetching_ip_control_s_axi.v:304]
WARNING: [Synth 8-7129] Port we0[3] in module fetching_ip_control_s_axi_ram is either unconnected or has no load
WARNING: [Synth 8-7129] Port we0[2] in module fetching_ip_control_s_axi_ram is either unconnected or has no load
WARNING: [Synth 8-7129] Port we0[1] in module fetching_ip_control_s_axi_ram is either unconnected or has no load
WARNING: [Synth 8-7129] Port we0[0] in module fetching_ip_control_s_axi_ram is either unconnected or has no load
WARNING: [Synth 8-7129] Port d0[31] in module fetching_ip_control_s_axi_ram is either unconnected or has no load
WARNING: [Synth 8-7129] Port d0[30] in module fetching_ip_control_s_axi_ram is either unconnected or has no load
WARNING: [Synth 8-7129] Port d0[29] in module fetching_ip_control_s_axi_ram is either unconnected or has no load
WARNING: [Synth 8-7129] Port d0[28] in module fetching_ip_control_s_axi_ram is either unconnected or has no load
WARNING: [Synth 8-7129] Port d0[27] in module fetching_ip_control_s_axi_ram is either unconnected or has no load
WARNING: [Synth 8-7129] Port d0[26] in module fetching_ip_control_s_axi_ram is either unconnected or has no load
WARNING: [Synth 8-7129] Port d0[25] in module fetching_ip_control_s_axi_ram is either unconnected or has no load
WARNING: [Synth 8-7129] Port d0[24] in module fetching_ip_control_s_axi_ram is either unconnected or has no load
WARNING: [Synth 8-7129] Port d0[23] in module fetching_ip_control_s_axi_ram is either unconnected or has no load
WARNING: [Synth 8-7129] Port d0[22] in module fetching_ip_control_s_axi_ram is either unconnected or has no load
WARNING: [Synth 8-7129] Port d0[21] in module fetching_ip_control_s_axi_ram is either unconnected or has no load
WARNING: [Synth 8-7129] Port d0[20] in module fetching_ip_control_s_axi_ram is either unconnected or has no load
WARNING: [Synth 8-7129] Port d0[19] in module fetching_ip_control_s_axi_ram is either unconnected or has no load
WARNING: [Synth 8-7129] Port d0[18] in module fetching_ip_control_s_axi_ram is either unconnected or has no load
WARNING: [Synth 8-7129] Port d0[17] in module fetching_ip_control_s_axi_ram is either unconnected or has no load
WARNING: [Synth 8-7129] Port d0[16] in module fetching_ip_control_s_axi_ram is either unconnected or has no load
WARNING: [Synth 8-7129] Port d0[15] in module fetching_ip_control_s_axi_ram is either unconnected or has no load
WARNING: [Synth 8-7129] Port d0[14] in module fetching_ip_control_s_axi_ram is either unconnected or has no load
WARNING: [Synth 8-7129] Port d0[13] in module fetching_ip_control_s_axi_ram is either unconnected or has no load
WARNING: [Synth 8-7129] Port d0[12] in module fetching_ip_control_s_axi_ram is either unconnected or has no load
WARNING: [Synth 8-7129] Port d0[11] in module fetching_ip_control_s_axi_ram is either unconnected or has no load
WARNING: [Synth 8-7129] Port d0[10] in module fetching_ip_control_s_axi_ram is either unconnected or has no load
WARNING: [Synth 8-7129] Port d0[9] in module fetching_ip_control_s_axi_ram is either unconnected or has no load
WARNING: [Synth 8-7129] Port d0[8] in module fetching_ip_control_s_axi_ram is either unconnected or has no load
WARNING: [Synth 8-7129] Port d0[7] in module fetching_ip_control_s_axi_ram is either unconnected or has no load
WARNING: [Synth 8-7129] Port d0[6] in module fetching_ip_control_s_axi_ram is either unconnected or has no load
WARNING: [Synth 8-7129] Port d0[5] in module fetching_ip_control_s_axi_ram is either unconnected or has no load
WARNING: [Synth 8-7129] Port d0[4] in module fetching_ip_control_s_axi_ram is either unconnected or has no load
WARNING: [Synth 8-7129] Port d0[3] in module fetching_ip_control_s_axi_ram is either unconnected or has no load
WARNING: [Synth 8-7129] Port d0[2] in module fetching_ip_control_s_axi_ram is either unconnected or has no load
WARNING: [Synth 8-7129] Port d0[1] in module fetching_ip_control_s_axi_ram is either unconnected or has no load
WARNING: [Synth 8-7129] Port d0[0] in module fetching_ip_control_s_axi_ram is either unconnected or has no load
---------------------------------------------------------------------------------
Finished RTL Elaboration : Time (s): cpu = 00:00:13 ; elapsed = 00:00:34 . Memory (MB): peak = 1358.832 ; gain = 540.066
---------------------------------------------------------------------------------
---------------------------------------------------------------------------------
Start Handling Custom Attributes
---------------------------------------------------------------------------------
---------------------------------------------------------------------------------
Finished Handling Custom Attributes : Time (s): cpu = 00:00:13 ; elapsed = 00:00:34 . Memory (MB): peak = 1358.832 ; gain = 540.066
---------------------------------------------------------------------------------
---------------------------------------------------------------------------------
Finished RTL Optimization Phase 1 : Time (s): cpu = 00:00:13 ; elapsed = 00:00:34 . Memory (MB): peak = 1358.832 ; gain = 540.066
---------------------------------------------------------------------------------
Netlist sorting complete. Time (s): cpu = 00:00:00 ; elapsed = 00:00:00.126 . Memory (MB): peak = 1358.832 ; gain = 0.000
INFO: [Project 1-570] Preparing netlist for logic optimization

Processing XDC Constraints
Initializing timing engine
Parsing XDC File [c:/Users/monde/Documents/GitHub/nasa-CPU/z2_fetching_ip/z2_fetching_ip.gen/sources_1/bd/design_1/ip/design_1_fetching_ip_0_0/constraints/fetching_ip_ooc.xdc] for cell 'inst'
Finished Parsing XDC File [c:/Users/monde/Documents/GitHub/nasa-CPU/z2_fetching_ip/z2_fetching_ip.gen/sources_1/bd/design_1/ip/design_1_fetching_ip_0_0/constraints/fetching_ip_ooc.xdc] for cell 'inst'
Parsing XDC File [C:/Users/monde/Documents/GitHub/nasa-CPU/z2_fetching_ip/z2_fetching_ip.runs/design_1_fetching_ip_0_0_synth_1/dont_touch.xdc]
Finished Parsing XDC File [C:/Users/monde/Documents/GitHub/nasa-CPU/z2_fetching_ip/z2_fetching_ip.runs/design_1_fetching_ip_0_0_synth_1/dont_touch.xdc]
Completed Processing XDC Constraints

Netlist sorting complete. Time (s): cpu = 00:00:00 ; elapsed = 00:00:00 . Memory (MB): peak = 1375.688 ; gain = 0.000
INFO: [Project 1-111] Unisim Transformation Summary:
No Unisim elements were transformed.

Constraint Validation Runtime : Time (s): cpu = 00:00:00 ; elapsed = 00:00:00.112 . Memory (MB): peak = 1376.609 ; gain = 0.922
INFO: [Designutils 20-5008] Incremental synthesis strategy off
INFO: [Synth 8-11241] undeclared symbol 'REGCCE', assumed default net type 'wire' [C:/Xilinx/Vivado/2022.2/data/verilog/src/unimacro/BRAM_SINGLE_MACRO.v:2170]
---------------------------------------------------------------------------------
Finished Constraint Validation : Time (s): cpu = 00:00:21 ; elapsed = 00:01:08 . Memory (MB): peak = 1376.609 ; gain = 557.844
---------------------------------------------------------------------------------
---------------------------------------------------------------------------------
Start Loading Part and Timing Information
---------------------------------------------------------------------------------
Loading part: xc7z020clg400-1
---------------------------------------------------------------------------------
Finished Loading Part and Timing Information : Time (s): cpu = 00:00:21 ; elapsed = 00:01:08 . Memory (MB): peak = 1376.609 ; gain = 557.844
---------------------------------------------------------------------------------
---------------------------------------------------------------------------------
Start Applying 'set_property' XDC Constraints
---------------------------------------------------------------------------------
Applied set_property KEEP_HIERARCHY = SOFT for inst. (constraint file  C:/Users/monde/Documents/GitHub/nasa-CPU/z2_fetching_ip/z2_fetching_ip.runs/design_1_fetching_ip_0_0_synth_1/dont_touch.xdc, line 9).
---------------------------------------------------------------------------------
Finished applying 'set_property' XDC Constraints : Time (s): cpu = 00:00:21 ; elapsed = 00:01:08 . Memory (MB): peak = 1376.609 ; gain = 557.844
---------------------------------------------------------------------------------
INFO: [Synth 8-4490] FSM extraction disabled for register 'ap_CS_fsm_reg' through user attribute
INFO: [Synth 8-4490] FSM extraction disabled for register 'ap_CS_fsm_reg' through user attribute
INFO: [Synth 8-802] inferred FSM for state register 'wstate_reg' in module 'fetching_ip_control_s_axi'
INFO: [Synth 8-802] inferred FSM for state register 'rstate_reg' in module 'fetching_ip_control_s_axi'
INFO: [Synth 8-4490] FSM extraction disabled for register 'ap_CS_fsm_reg' through user attribute
WARNING: [Synth 8-6841] Block RAM (mem_reg) originally specified as a Byte Wide Write Enable RAM cannot take advantage of ByteWide feature and is implemented with single write enable per RAM due to following reason.
(address width (16) is more than optimal threshold of 12. Implementing using BWWE will require more logic and timing would be suboptimal. Please use attribute ram_decomp = power if BWWE is desired.)
---------------------------------------------------------------------------------------------------
                   State |                     New Encoding |                Previous Encoding 
---------------------------------------------------------------------------------------------------
                  iSTATE |                              001 |                               10
*
                  RDIDLE |                              010 |                               00
                  RDDATA |                              100 |                               01
---------------------------------------------------------------------------------------------------
INFO: [Synth 8-3354] encoded FSM with state register 'rstate_reg' using encoding 'one-hot' in module 'fetching_ip_control_s_axi'
---------------------------------------------------------------------------------------------------
                   State |                     New Encoding |                Previous Encoding 
---------------------------------------------------------------------------------------------------
                  iSTATE |                             0001 |                               11
*
                  WRIDLE |                             0010 |                               00
                  WRDATA |                             0100 |                               01
                  WRRESP |                             1000 |                               10
---------------------------------------------------------------------------------------------------
INFO: [Synth 8-3354] encoded FSM with state register 'wstate_reg' using encoding 'one-hot' in module 'fetching_ip_control_s_axi'
---------------------------------------------------------------------------------
Finished RTL Optimization Phase 2 : Time (s): cpu = 00:00:22 ; elapsed = 00:01:10 . Memory (MB): peak = 1376.609 ; gain = 557.844
---------------------------------------------------------------------------------
---------------------------------------------------------------------------------
Start RTL Component Statistics 
---------------------------------------------------------------------------------
Detailed RTL Component Info : 
+---Adders : 
	   2 Input   16 Bit       Adders := 1     
+---XORs : 
	   2 Input      1 Bit         XORs := 2     
+---Registers : 
	               32 Bit    Registers := 5     
	               19 Bit    Registers := 1     
	               16 Bit    Registers := 2     
	                4 Bit    Registers := 1     
	                2 Bit    Registers := 2     
	                1 Bit    Registers := 13    
+---RAMs : 
	            2048K Bit	(65536 X 32 bit)          RAMs := 1     
+---Muxes : 
	   2 Input   32 Bit        Muxes := 10    
	   2 Input   16 Bit        Muxes := 2     
	   2 Input    8 Bit        Muxes := 1     
	   4 Input    4 Bit        Muxes := 1     
	   2 Input    4 Bit        Muxes := 4     
	   7 Input    4 Bit        Muxes := 1     
	   3 Input    3 Bit        Muxes := 1     
	   2 Input    3 Bit        Muxes := 2     
	   4 Input    2 Bit        Muxes := 1     
	   2 Input    2 Bit        Muxes := 1     
	   2 Input    1 Bit        Muxes := 7     
---------------------------------------------------------------------------------
Finished RTL Component Statistics 
---------------------------------------------------------------------------------
---------------------------------------------------------------------------------
Start Part Resource Summary
---------------------------------------------------------------------------------
Part Resources:
DSPs: 220 (col length:60)
BRAMs: 280 (col length: RAMB18 60 RAMB36 30)
---------------------------------------------------------------------------------
Finished Part Resource Summary
---------------------------------------------------------------------------------
---------------------------------------------------------------------------------
Start Cross Boundary and Area Optimization
---------------------------------------------------------------------------------
WARNING: [Synth 8-7080] Parallel synthesis criteria is not met
WARNING: [Synth 8-6841] Block RAM (control_s_axi_U/int_code_ram/mem_reg) originally specified as a Byte Wide Write Enable RAM cannot take advantage of ByteWide feature and is implemented with single write enable per RAM due to following reason.
(address width (16) is more than optimal threshold of 12. Implementing using BWWE will require more logic and timing would be suboptimal. Please use attribute ram_decomp = power if BWWE is desired.)
WARNING: [Synth 8-3332] Sequential element (control_s_axi_U/FSM_onehot_rstate_reg[0]) is unused and will be removed from module fetching_ip.
WARNING: [Synth 8-3332] Sequential element (control_s_axi_U/FSM_onehot_wstate_reg[0]) is unused and will be removed from module fetching_ip.
---------------------------------------------------------------------------------
Finished Cross Boundary and Area Optimization : Time (s): cpu = 00:00:27 ; elapsed = 00:01:23 . Memory (MB): peak = 1376.609 ; gain = 557.844
---------------------------------------------------------------------------------
---------------------------------------------------------------------------------
Start ROM, RAM, DSP, Shift Register and Retiming Reporting
---------------------------------------------------------------------------------

Block RAM: Preliminary Mapping Report (see note below)
+------------+--------------------------------------+------------------------+---+---+------------------------+---+---+------------------+--------+--------+
|Module Name | RTL Object                           | PORT A (Depth x Width) | W | R | PORT B (Depth x Width) | W | R | Ports driving FF | RAMB18 | RAMB36 | 
+------------+--------------------------------------+------------------------+---+---+------------------------+---+---+------------------+--------+--------+
|inst        | control_s_axi_U/int_code_ram/mem_reg | 64 K x 32(READ_FIRST)  | W | R | 64 K x 32(WRITE_FIRST) |   | R | Port A and B     | 0      | 64     | 
+------------+--------------------------------------+------------------------+---+---+------------------------+---+---+------------------+--------+--------+

Note: The table above is a preliminary report that shows the Block RAMs at the current stage of the synthesis flow. Some Block RAMs may be reimplemented as non Block RAM primitives later in the synthesis flow. Multiple instantiated Block RAMs are reported only once. 
---------------------------------------------------------------------------------
Finished ROM, RAM, DSP, Shift Register and Retiming Reporting
---------------------------------------------------------------------------------
---------------------------------------------------------------------------------
Start Applying XDC Timing Constraints
---------------------------------------------------------------------------------
---------------------------------------------------------------------------------
Finished Applying XDC Timing Constraints : Time (s): cpu = 00:00:34 ; elapsed = 00:01:50 . Memory (MB): peak = 1376.609 ; gain = 557.844
---------------------------------------------------------------------------------
---------------------------------------------------------------------------------
Start Timing Optimization
---------------------------------------------------------------------------------
---------------------------------------------------------------------------------
Finished Timing Optimization : Time (s): cpu = 00:00:35 ; elapsed = 00:01:54 . Memory (MB): peak = 1376.609 ; gain = 557.844
---------------------------------------------------------------------------------
---------------------------------------------------------------------------------
Start ROM, RAM, DSP, Shift Register and Retiming Reporting
---------------------------------------------------------------------------------

Block RAM: Final Mapping Report
+------------+--------------------------------------+------------------------+---+---+------------------------+---+---+------------------+--------+--------+
|Module Name | RTL Object                           | PORT A (Depth x Width) | W | R | PORT B (Depth x Width) | W | R | Ports driving FF | RAMB18 | RAMB36 | 
+------------+--------------------------------------+------------------------+---+---+------------------------+---+---+------------------+--------+--------+
|inst        | control_s_axi_U/int_code_ram/mem_reg | 64 K x 32(READ_FIRST)  | W | R | 64 K x 32(WRITE_FIRST) |   | R | Port A and B     | 0      | 64     | 
+------------+--------------------------------------+------------------------+---+---+------------------------+---+---+------------------+--------+--------+

---------------------------------------------------------------------------------
Finished ROM, RAM, DSP, Shift Register and Retiming Reporting
---------------------------------------------------------------------------------
---------------------------------------------------------------------------------
Start Technology Mapping
---------------------------------------------------------------------------------
INFO: [Synth 8-7052] The timing for the instance inst/control_s_axi_U/int_code_ram/mem_reg_0_1_0 (implemented as a Block RAM) might be sub-optimal as no optional output register could be merged into the ram block. Providing additional output register may help in improving timing.
INFO: [Synth 8-7052] The timing for the instance inst/control_s_axi_U/int_code_ram/mem_reg_0_1_0 (implemented as a Block RAM) might be sub-optimal as no optional output register could be merged into the ram block. Providing additional output register may help in improving timing.
INFO: [Synth 8-7052] The timing for the instance inst/control_s_axi_U/int_code_ram/mem_reg_0_1_1 (implemented as a Block RAM) might be sub-optimal as no optional output register could be merged into the ram block. Providing additional output register may help in improving timing.
INFO: [Synth 8-7052] The timing for the instance inst/control_s_axi_U/int_code_ram/mem_reg_0_1_1 (implemented as a Block RAM) might be sub-optimal as no optional output register could be merged into the ram block. Providing additional output register may help in improving timing.
INFO: [Synth 8-7052] The timing for the instance inst/control_s_axi_U/int_code_ram/mem_reg_0_1_2 (implemented as a Block RAM) might be sub-optimal as no optional output register could be merged into the ram block. Providing additional output register may help in improving timing.
INFO: [Synth 8-7052] The timing for the instance inst/control_s_axi_U/int_code_ram/mem_reg_0_1_2 (implemented as a Block RAM) might be sub-optimal as no optional output register could be merged into the ram block. Providing additional output register may help in improving timing.
INFO: [Synth 8-7052] The timing for the instance inst/control_s_axi_U/int_code_ram/mem_reg_0_1_3 (implemented as a Block RAM) might be sub-optimal as no optional output register could be merged into the ram block. Providing additional output register may help in improving timing.
INFO: [Synth 8-7052] The timing for the instance inst/control_s_axi_U/int_code_ram/mem_reg_0_1_3 (implemented as a Block RAM) might be sub-optimal as no optional output register could be merged into the ram block. Providing additional output register may help in improving timing.
INFO: [Synth 8-7052] The timing for the instance inst/control_s_axi_U/int_code_ram/mem_reg_0_1_4 (implemented as a Block RAM) might be sub-optimal as no optional output register could be merged into the ram block. Providing additional output register may help in improving timing.
INFO: [Synth 8-7052] The timing for the instance inst/control_s_axi_U/int_code_ram/mem_reg_0_1_4 (implemented as a Block RAM) might be sub-optimal as no optional output register could be merged into the ram block. Providing additional output register may help in improving timing.
INFO: [Synth 8-7052] The timing for the instance inst/control_s_axi_U/int_code_ram/mem_reg_0_1_5 (implemented as a Block RAM) might be sub-optimal as no optional output register could be merged into the ram block. Providing additional output register may help in improving timing.
INFO: [Synth 8-7052] The timing for the instance inst/control_s_axi_U/int_code_ram/mem_reg_0_1_5 (implemented as a Block RAM) might be sub-optimal as no optional output register could be merged into the ram block. Providing additional output register may help in improving timing.
INFO: [Synth 8-7052] The timing for the instance inst/control_s_axi_U/int_code_ram/mem_reg_0_1_6 (implemented as a Block RAM) might be sub-optimal as no optional output register could be merged into the ram block. Providing additional output register may help in improving timing.
INFO: [Synth 8-7052] The timing for the instance inst/control_s_axi_U/int_code_ram/mem_reg_0_1_6 (implemented as a Block RAM) might be sub-optimal as no optional output register could be merged into the ram block. Providing additional output register may help in improving timing.
INFO: [Synth 8-7052] The timing for the instance inst/control_s_axi_U/int_code_ram/mem_reg_0_1_7 (implemented as a Block RAM) might be sub-optimal as no optional output register could be merged into the ram block. Providing additional output register may help in improving timing.
INFO: [Synth 8-7052] The timing for the instance inst/control_s_axi_U/int_code_ram/mem_reg_0_1_7 (implemented as a Block RAM) might be sub-optimal as no optional output register could be merged into the ram block. Providing additional output register may help in improving timing.
INFO: [Synth 8-7052] The timing for the instance inst/control_s_axi_U/int_code_ram/mem_reg_1_1_0 (implemented as a Block RAM) might be sub-optimal as no optional output register could be merged into the ram block. Providing additional output register may help in improving timing.
INFO: [Synth 8-7052] The timing for the instance inst/control_s_axi_U/int_code_ram/mem_reg_1_1_0 (implemented as a Block RAM) might be sub-optimal as no optional output register could be merged into the ram block. Providing additional output register may help in improving timing.
INFO: [Synth 8-7052] The timing for the instance inst/control_s_axi_U/int_code_ram/mem_reg_1_1_1 (implemented as a Block RAM) might be sub-optimal as no optional output register could be merged into the ram block. Providing additional output register may help in improving timing.
INFO: [Synth 8-7052] The timing for the instance inst/control_s_axi_U/int_code_ram/mem_reg_1_1_1 (implemented as a Block RAM) might be sub-optimal as no optional output register could be merged into the ram block. Providing additional output register may help in improving timing.
INFO: [Synth 8-7052] The timing for the instance inst/control_s_axi_U/int_code_ram/mem_reg_1_1_2 (implemented as a Block RAM) might be sub-optimal as no optional output register could be merged into the ram block. Providing additional output register may help in improving timing.
INFO: [Synth 8-7052] The timing for the instance inst/control_s_axi_U/int_code_ram/mem_reg_1_1_2 (implemented as a Block RAM) might be sub-optimal as no optional output register could be merged into the ram block. Providing additional output register may help in improving timing.
INFO: [Synth 8-7052] The timing for the instance inst/control_s_axi_U/int_code_ram/mem_reg_1_1_3 (implemented as a Block RAM) might be sub-optimal as no optional output register could be merged into the ram block. Providing additional output register may help in improving timing.
INFO: [Synth 8-7052] The timing for the instance inst/control_s_axi_U/int_code_ram/mem_reg_1_1_3 (implemented as a Block RAM) might be sub-optimal as no optional output register could be merged into the ram block. Providing additional output register may help in improving timing.
INFO: [Synth 8-7052] The timing for the instance inst/control_s_axi_U/int_code_ram/mem_reg_1_1_4 (implemented as a Block RAM) might be sub-optimal as no optional output register could be merged into the ram block. Providing additional output register may help in improving timing.
INFO: [Synth 8-7052] The timing for the instance inst/control_s_axi_U/int_code_ram/mem_reg_1_1_4 (implemented as a Block RAM) might be sub-optimal as no optional output register could be merged into the ram block. Providing additional output register may help in improving timing.
INFO: [Synth 8-7052] The timing for the instance inst/control_s_axi_U/int_code_ram/mem_reg_1_1_5 (implemented as a Block RAM) might be sub-optimal as no optional output register could be merged into the ram block. Providing additional output register may help in improving timing.
INFO: [Synth 8-7052] The timing for the instance inst/control_s_axi_U/int_code_ram/mem_reg_1_1_5 (implemented as a Block RAM) might be sub-optimal as no optional output register could be merged into the ram block. Providing additional output register may help in improving timing.
INFO: [Synth 8-7052] The timing for the instance inst/control_s_axi_U/int_code_ram/mem_reg_1_1_6 (implemented as a Block RAM) might be sub-optimal as no optional output register could be merged into the ram block. Providing additional output register may help in improving timing.
INFO: [Synth 8-7052] The timing for the instance inst/control_s_axi_U/int_code_ram/mem_reg_1_1_6 (implemented as a Block RAM) might be sub-optimal as no optional output register could be merged into the ram block. Providing additional output register may help in improving timing.
INFO: [Synth 8-7052] The timing for the instance inst/control_s_axi_U/int_code_ram/mem_reg_1_1_7 (implemented as a Block RAM) might be sub-optimal as no optional output register could be merged into the ram block. Providing additional output register may help in improving timing.
INFO: [Synth 8-7052] The timing for the instance inst/control_s_axi_U/int_code_ram/mem_reg_1_1_7 (implemented as a Block RAM) might be sub-optimal as no optional output register could be merged into the ram block. Providing additional output register may help in improving timing.
INFO: [Synth 8-7052] The timing for the instance inst/control_s_axi_U/int_code_ram/mem_reg_2_1_0 (implemented as a Block RAM) might be sub-optimal as no optional output register could be merged into the ram block. Providing additional output register may help in improving timing.
INFO: [Synth 8-7052] The timing for the instance inst/control_s_axi_U/int_code_ram/mem_reg_2_1_0 (implemented as a Block RAM) might be sub-optimal as no optional output register could be merged into the ram block. Providing additional output register may help in improving timing.
INFO: [Synth 8-7052] The timing for the instance inst/control_s_axi_U/int_code_ram/mem_reg_2_1_1 (implemented as a Block RAM) might be sub-optimal as no optional output register could be merged into the ram block. Providing additional output register may help in improving timing.
INFO: [Synth 8-7052] The timing for the instance inst/control_s_axi_U/int_code_ram/mem_reg_2_1_1 (implemented as a Block RAM) might be sub-optimal as no optional output register could be merged into the ram block. Providing additional output register may help in improving timing.
INFO: [Synth 8-7052] The timing for the instance inst/control_s_axi_U/int_code_ram/mem_reg_2_1_2 (implemented as a Block RAM) might be sub-optimal as no optional output register could be merged into the ram block. Providing additional output register may help in improving timing.
INFO: [Synth 8-7052] The timing for the instance inst/control_s_axi_U/int_code_ram/mem_reg_2_1_2 (implemented as a Block RAM) might be sub-optimal as no optional output register could be merged into the ram block. Providing additional output register may help in improving timing.
INFO: [Synth 8-7052] The timing for the instance inst/control_s_axi_U/int_code_ram/mem_reg_2_1_3 (implemented as a Block RAM) might be sub-optimal as no optional output register could be merged into the ram block. Providing additional output register may help in improving timing.
INFO: [Synth 8-7052] The timing for the instance inst/control_s_axi_U/int_code_ram/mem_reg_2_1_3 (implemented as a Block RAM) might be sub-optimal as no optional output register could be merged into the ram block. Providing additional output register may help in improving timing.
INFO: [Synth 8-7052] The timing for the instance inst/control_s_axi_U/int_code_ram/mem_reg_2_1_4 (implemented as a Block RAM) might be sub-optimal as no optional output register could be merged into the ram block. Providing additional output register may help in improving timing.
INFO: [Synth 8-7052] The timing for the instance inst/control_s_axi_U/int_code_ram/mem_reg_2_1_4 (implemented as a Block RAM) might be sub-optimal as no optional output register could be merged into the ram block. Providing additional output register may help in improving timing.
INFO: [Synth 8-7052] The timing for the instance inst/control_s_axi_U/int_code_ram/mem_reg_2_1_5 (implemented as a Block RAM) might be sub-optimal as no optional output register could be merged into the ram block. Providing additional output register may help in improving timing.
INFO: [Synth 8-7052] The timing for the instance inst/control_s_axi_U/int_code_ram/mem_reg_2_1_5 (implemented as a Block RAM) might be sub-optimal as no optional output register could be merged into the ram block. Providing additional output register may help in improving timing.
INFO: [Synth 8-7052] The timing for the instance inst/control_s_axi_U/int_code_ram/mem_reg_2_1_6 (implemented as a Block RAM) might be sub-optimal as no optional output register could be merged into the ram block. Providing additional output register may help in improving timing.
INFO: [Synth 8-7052] The timing for the instance inst/control_s_axi_U/int_code_ram/mem_reg_2_1_6 (implemented as a Block RAM) might be sub-optimal as no optional output register could be merged into the ram block. Providing additional output register may help in improving timing.
INFO: [Synth 8-7052] The timing for the instance inst/control_s_axi_U/int_code_ram/mem_reg_2_1_7 (implemented as a Block RAM) might be sub-optimal as no optional output register could be merged into the ram block. Providing additional output register may help in improving timing.
INFO: [Synth 8-7052] The timing for the instance inst/control_s_axi_U/int_code_ram/mem_reg_2_1_7 (implemented as a Block RAM) might be sub-optimal as no optional output register could be merged into the ram block. Providing additional output register may help in improving timing.
INFO: [Synth 8-7052] The timing for the instance inst/control_s_axi_U/int_code_ram/mem_reg_3_1_0 (implemented as a Block RAM) might be sub-optimal as no optional output register could be merged into the ram block. Providing additional output register may help in improving timing.
INFO: [Synth 8-7052] The timing for the instance inst/control_s_axi_U/int_code_ram/mem_reg_3_1_0 (implemented as a Block RAM) might be sub-optimal as no optional output register could be merged into the ram block. Providing additional output register may help in improving timing.
INFO: [Synth 8-7052] The timing for the instance inst/control_s_axi_U/int_code_ram/mem_reg_3_1_1 (implemented as a Block RAM) might be sub-optimal as no optional output register could be merged into the ram block. Providing additional output register may help in improving timing.
INFO: [Synth 8-7052] The timing for the instance inst/control_s_axi_U/int_code_ram/mem_reg_3_1_1 (implemented as a Block RAM) might be sub-optimal as no optional output register could be merged into the ram block. Providing additional output register may help in improving timing.
INFO: [Synth 8-7052] The timing for the instance inst/control_s_axi_U/int_code_ram/mem_reg_3_1_2 (implemented as a Block RAM) might be sub-optimal as no optional output register could be merged into the ram block. Providing additional output register may help in improving timing.
INFO: [Synth 8-7052] The timing for the instance inst/control_s_axi_U/int_code_ram/mem_reg_3_1_2 (implemented as a Block RAM) might be sub-optimal as no optional output register could be merged into the ram block. Providing additional output register may help in improving timing.
INFO: [Synth 8-7052] The timing for the instance inst/control_s_axi_U/int_code_ram/mem_reg_3_1_3 (implemented as a Block RAM) might be sub-optimal as no optional output register could be merged into the ram block. Providing additional output register may help in improving timing.
INFO: [Synth 8-7052] The timing for the instance inst/control_s_axi_U/int_code_ram/mem_reg_3_1_3 (implemented as a Block RAM) might be sub-optimal as no optional output register could be merged into the ram block. Providing additional output register may help in improving timing.
INFO: [Synth 8-7052] The timing for the instance inst/control_s_axi_U/int_code_ram/mem_reg_3_1_4 (implemented as a Block RAM) might be sub-optimal as no optional output register could be merged into the ram block. Providing additional output register may help in improving timing.
INFO: [Synth 8-7052] The timing for the instance inst/control_s_axi_U/int_code_ram/mem_reg_3_1_4 (implemented as a Block RAM) might be sub-optimal as no optional output register could be merged into the ram block. Providing additional output register may help in improving timing.
INFO: [Synth 8-7052] The timing for the instance inst/control_s_axi_U/int_code_ram/mem_reg_3_1_5 (implemented as a Block RAM) might be sub-optimal as no optional output register could be merged into the ram block. Providing additional output register may help in improving timing.
INFO: [Synth 8-7052] The timing for the instance inst/control_s_axi_U/int_code_ram/mem_reg_3_1_5 (implemented as a Block RAM) might be sub-optimal as no optional output register could be merged into the ram block. Providing additional output register may help in improving timing.
INFO: [Synth 8-7052] The timing for the instance inst/control_s_axi_U/int_code_ram/mem_reg_3_1_6 (implemented as a Block RAM) might be sub-optimal as no optional output register could be merged into the ram block. Providing additional output register may help in improving timing.
INFO: [Synth 8-7052] The timing for the instance inst/control_s_axi_U/int_code_ram/mem_reg_3_1_6 (implemented as a Block RAM) might be sub-optimal as no optional output register could be merged into the ram block. Providing additional output register may help in improving timing.
INFO: [Synth 8-7052] The timing for the instance inst/control_s_axi_U/int_code_ram/mem_reg_3_1_7 (implemented as a Block RAM) might be sub-optimal as no optional output register could be merged into the ram block. Providing additional output register may help in improving timing.
INFO: [Synth 8-7052] The timing for the instance inst/control_s_axi_U/int_code_ram/mem_reg_3_1_7 (implemented as a Block RAM) might be sub-optimal as no optional output register could be merged into the ram block. Providing additional output register may help in improving timing.
---------------------------------------------------------------------------------
Finished Technology Mapping : Time (s): cpu = 00:00:35 ; elapsed = 00:01:55 . Memory (MB): peak = 1376.609 ; gain = 557.844
---------------------------------------------------------------------------------
---------------------------------------------------------------------------------
Start IO Insertion
---------------------------------------------------------------------------------
---------------------------------------------------------------------------------
Start Flattening Before IO Insertion
---------------------------------------------------------------------------------
---------------------------------------------------------------------------------
Finished Flattening Before IO Insertion
---------------------------------------------------------------------------------
---------------------------------------------------------------------------------
Start Final Netlist Cleanup
---------------------------------------------------------------------------------
---------------------------------------------------------------------------------
Finished Final Netlist Cleanup
---------------------------------------------------------------------------------
---------------------------------------------------------------------------------
Finished IO Insertion : Time (s): cpu = 00:00:43 ; elapsed = 00:02:19 . Memory (MB): peak = 1376.609 ; gain = 557.844
---------------------------------------------------------------------------------
---------------------------------------------------------------------------------
Start Renaming Generated Instances
---------------------------------------------------------------------------------
---------------------------------------------------------------------------------
Finished Renaming Generated Instances : Time (s): cpu = 00:00:43 ; elapsed = 00:02:19 . Memory (MB): peak = 1376.609 ; gain = 557.844
---------------------------------------------------------------------------------
---------------------------------------------------------------------------------
Start Rebuilding User Hierarchy
---------------------------------------------------------------------------------
---------------------------------------------------------------------------------
Finished Rebuilding User Hierarchy : Time (s): cpu = 00:00:43 ; elapsed = 00:02:20 . Memory (MB): peak = 1376.609 ; gain = 557.844
---------------------------------------------------------------------------------
---------------------------------------------------------------------------------
Start Renaming Generated Ports
---------------------------------------------------------------------------------
---------------------------------------------------------------------------------
Finished Renaming Generated Ports : Time (s): cpu = 00:00:43 ; elapsed = 00:02:20 . Memory (MB): peak = 1376.609 ; gain = 557.844
---------------------------------------------------------------------------------
---------------------------------------------------------------------------------
Start Handling Custom Attributes
---------------------------------------------------------------------------------
---------------------------------------------------------------------------------
Finished Handling Custom Attributes : Time (s): cpu = 00:00:43 ; elapsed = 00:02:20 . Memory (MB): peak = 1376.609 ; gain = 557.844
---------------------------------------------------------------------------------
---------------------------------------------------------------------------------
Start Renaming Generated Nets
---------------------------------------------------------------------------------
---------------------------------------------------------------------------------
Finished Renaming Generated Nets : Time (s): cpu = 00:00:43 ; elapsed = 00:02:20 . Memory (MB): peak = 1376.609 ; gain = 557.844
---------------------------------------------------------------------------------
---------------------------------------------------------------------------------
Start Writing Synthesis Report
---------------------------------------------------------------------------------

Report BlackBoxes: 
+-+--------------+----------+
| |BlackBox name |Instances |
+-+--------------+----------+
+-+--------------+----------+

Report Cell Usage: 
+------+---------+------+
|      |Cell     |Count |
+------+---------+------+
|1     |CARRY4   |     4|
|2     |LUT1     |     2|
|3     |LUT2     |    19|
|4     |LUT3     |    72|
|5     |LUT4     |   937|
|6     |LUT5     |    30|
|7     |LUT6     |   116|
|8     |RAMB36E1 |    64|
|10    |FDRE     |  1012|
|11    |FDSE     |     2|
+------+---------+------+
---------------------------------------------------------------------------------
Finished Writing Synthesis Report : Time (s): cpu = 00:00:43 ; elapsed = 00:02:20 . Memory (MB): peak = 1376.609 ; gain = 557.844
---------------------------------------------------------------------------------
Synthesis finished with 0 errors, 0 critical warnings and 5 warnings.
Synthesis Optimization Runtime : Time (s): cpu = 00:00:28 ; elapsed = 00:02:11 . Memory (MB): peak = 1376.609 ; gain = 540.066
Synthesis Optimization Complete : Time (s): cpu = 00:00:44 ; elapsed = 00:02:21 . Memory (MB): peak = 1376.609 ; gain = 557.844
INFO: [Project 1-571] Translating synthesized netlist
Netlist sorting complete. Time (s): cpu = 00:00:00 ; elapsed = 00:00:00.335 . Memory (MB): peak = 1384.035 ; gain = 0.000
INFO: [Netlist 29-17] Analyzing 68 Unisim elements for replacement
INFO: [Netlist 29-28] Unisim Transformation completed in 0 CPU seconds
INFO: [Project 1-570] Preparing netlist for logic optimization
INFO: [Opt 31-138] Pushed 0 inverter(s) to 0 load pin(s).
Netlist sorting complete. Time (s): cpu = 00:00:00 ; elapsed = 00:00:00.001 . Memory (MB): peak = 1389.656 ; gain = 0.000
INFO: [Project 1-111] Unisim Transformation Summary:
No Unisim elements were transformed.

Synth Design complete, checksum: 90ee90a3
INFO: [Common 17-83] Releasing license: Synthesis
107 Infos, 42 Warnings, 0 Critical Warnings and 0 Errors encountered.
synth_design completed successfully
synth_design: Time (s): cpu = 00:00:52 ; elapsed = 00:02:48 . Memory (MB): peak = 1389.656 ; gain = 976.906
INFO: [Common 17-1381] The checkpoint 'C:/Users/monde/Documents/GitHub/nasa-CPU/z2_fetching_ip/z2_fetching_ip.runs/design_1_fetching_ip_0_0_synth_1/design_1_fetching_ip_0_0.dcp' has been generated.
INFO: [Coretcl 2-1648] Added synthesis output to IP cache for IP design_1_fetching_ip_0_0, cache-ID = fbeb99b4d26714a9
INFO: [Coretcl 2-1174] Renamed 5 cell refs.
INFO: [Common 17-1381] The checkpoint 'C:/Users/monde/Documents/GitHub/nasa-CPU/z2_fetching_ip/z2_fetching_ip.runs/design_1_fetching_ip_0_0_synth_1/design_1_fetching_ip_0_0.dcp' has been generated.
INFO: [runtcl-4] Executing : report_utilization -file design_1_fetching_ip_0_0_utilization_synth.rpt -pb design_1_fetching_ip_0_0_utilization_synth.pb
INFO: [Common 17-206] Exiting Vivado at Sun May 21 20:06:14 2023...
