Copyright 1986-2022 Xilinx, Inc. All Rights Reserved. Copyright 2022-2023 Advanced Micro Devices, Inc. All Rights Reserved.
---------------------------------------------------------------------------------------------------------------------------------------------
| Tool Version : Vivado v.2023.2 (win64) Build 4029153 Fri Oct 13 20:14:34 MDT 2023
| Date         : Thu Nov 23 19:18:46 2023
| Host         : Naboo running 64-bit major release  (build 9200)
| Command      : report_timing_summary -file ./report/rv32i_npp_ip_timing_synth.rpt
| Design       : bd_0_wrapper
| Device       : 7z020-clg400
| Speed File   : -1  PRODUCTION 1.12 2019-11-22
| Design State : Synthesized
---------------------------------------------------------------------------------------------------------------------------------------------

Timing Summary Report

------------------------------------------------------------------------------------------------
| Timer Settings
| --------------
------------------------------------------------------------------------------------------------

  Enable Multi Corner Analysis               :  Yes
  Enable Pessimism Removal                   :  Yes
  Pessimism Removal Resolution               :  Nearest Common Node
  Enable Input Delay Default Clock           :  No
  Enable Preset / Clear Arcs                 :  No
  Disable Flight Delays                      :  No
  Ignore I/O Paths                           :  No
  Timing Early Launch at Borrowing Latches   :  No
  Borrow Time for Max Delay Exceptions       :  Yes
  Merge Timing Exceptions                    :  Yes
  Inter-SLR Compensation                     :  Conservative

  Corner  Analyze    Analyze    
  Name    Max Paths  Min Paths  
  ------  ---------  ---------  
  Slow    Yes        Yes        
  Fast    Yes        Yes        


------------------------------------------------------------------------------------------------
| Report Methodology
| ------------------
------------------------------------------------------------------------------------------------

No report available as report_methodology has not been run prior. Run report_methodology on the current design for the summary of methodology violations.



check_timing report

Table of Contents
-----------------
1. checking no_clock (0)
2. checking constant_clock (0)
3. checking pulse_width_clock (0)
4. checking unconstrained_internal_endpoints (0)
5. checking no_input_delay (82)
6. checking no_output_delay (38)
7. checking multiple_clock (0)
8. checking generated_clocks (0)
9. checking loops (0)
10. checking partial_input_delay (0)
11. checking partial_output_delay (0)
12. checking latch_loops (0)

1. checking no_clock (0)
------------------------
 There are 0 register/latch pins with no clock.


2. checking constant_clock (0)
------------------------------
 There are 0 register/latch pins with constant_clock.


3. checking pulse_width_clock (0)
---------------------------------
 There are 0 register/latch pins which need pulse_width check


4. checking unconstrained_internal_endpoints (0)
------------------------------------------------
 There are 0 pins that are not constrained for maximum delay.

 There are 0 pins that are not constrained for maximum delay due to constant clock.


5. checking no_input_delay (82)
-------------------------------
 There are 82 input ports with no input delay specified. (HIGH)

 There are 0 input ports with no input delay but user has a false path constraint.


6. checking no_output_delay (38)
--------------------------------
 There are 38 ports with no output delay specified. (HIGH)

 There are 0 ports with no output delay but user has a false path constraint

 There are 0 ports with no output delay but with a timing clock defined on it or propagating through it


7. checking multiple_clock (0)
------------------------------
 There are 0 register/latch pins with multiple clocks.


8. checking generated_clocks (0)
--------------------------------
 There are 0 generated clocks that are not connected to a clock source.


9. checking loops (0)
---------------------
 There are 0 combinational loops in the design.


10. checking partial_input_delay (0)
------------------------------------
 There are 0 input ports with partial input delay specified.


11. checking partial_output_delay (0)
-------------------------------------
 There are 0 ports with partial output delay specified.


12. checking latch_loops (0)
----------------------------
 There are 0 combinational latch loops in the design through latch input



------------------------------------------------------------------------------------------------
| Design Timing Summary
| ---------------------
------------------------------------------------------------------------------------------------

    WNS(ns)      TNS(ns)  TNS Failing Endpoints  TNS Total Endpoints      WHS(ns)      THS(ns)  THS Failing Endpoints  THS Total Endpoints     WPWS(ns)     TPWS(ns)  TPWS Failing Endpoints  TPWS Total Endpoints  
    -------      -------  ---------------------  -------------------      -------      -------  ---------------------  -------------------     --------     --------  ----------------------  --------------------  
      2.557        0.000                      0                11426        0.256        0.000                      0                11426        4.500        0.000                       0                  3150  


All user specified timing constraints are met.


------------------------------------------------------------------------------------------------
| Clock Summary
| -------------
------------------------------------------------------------------------------------------------

Clock   Waveform(ns)       Period(ns)      Frequency(MHz)
-----   ------------       ----------      --------------
ap_clk  {0.000 5.000}      10.000          100.000         


------------------------------------------------------------------------------------------------
| Intra Clock Table
| -----------------
------------------------------------------------------------------------------------------------

Clock             WNS(ns)      TNS(ns)  TNS Failing Endpoints  TNS Total Endpoints      WHS(ns)      THS(ns)  THS Failing Endpoints  THS Total Endpoints     WPWS(ns)     TPWS(ns)  TPWS Failing Endpoints  TPWS Total Endpoints  
-----             -------      -------  ---------------------  -------------------      -------      -------  ---------------------  -------------------     --------     --------  ----------------------  --------------------  
ap_clk              2.557        0.000                      0                11426        0.256        0.000                      0                11426        4.500        0.000                       0                  3150  


------------------------------------------------------------------------------------------------
| Inter Clock Table
| -----------------
------------------------------------------------------------------------------------------------

From Clock    To Clock          WNS(ns)      TNS(ns)  TNS Failing Endpoints  TNS Total Endpoints      WHS(ns)      THS(ns)  THS Failing Endpoints  THS Total Endpoints  
----------    --------          -------      -------  ---------------------  -------------------      -------      -------  ---------------------  -------------------  


------------------------------------------------------------------------------------------------
| Other Path Groups Table
| -----------------------
------------------------------------------------------------------------------------------------

Path Group    From Clock    To Clock          WNS(ns)      TNS(ns)  TNS Failing Endpoints  TNS Total Endpoints      WHS(ns)      THS(ns)  THS Failing Endpoints  THS Total Endpoints  
----------    ----------    --------          -------      -------  ---------------------  -------------------      -------      -------  ---------------------  -------------------  


------------------------------------------------------------------------------------------------
| Timing Details
| --------------
------------------------------------------------------------------------------------------------


---------------------------------------------------------------------------------------------------
From Clock:  ap_clk
  To Clock:  ap_clk

Setup :            0  Failing Endpoints,  Worst Slack        2.557ns,  Total Violation        0.000ns
Hold  :            0  Failing Endpoints,  Worst Slack        0.256ns,  Total Violation        0.000ns
PW    :            0  Failing Endpoints,  Worst Slack        4.500ns,  Total Violation        0.000ns
---------------------------------------------------------------------------------------------------


Max Delay Paths
--------------------------------------------------------------------------------------
Slack (MET) :             2.557ns  (required time - arrival time)
  Source:                 bd_0_i/hls_inst/inst/control_s_axi_U/int_code_ram/mem_reg_1_0_5/CLKBWRCLK
                            (rising edge-triggered cell RAMB36E1 clocked by ap_clk  {rise@0.000ns fall@5.000ns period=10.000ns})
  Destination:            bd_0_i/hls_inst/inst/pc_fu_270_reg[15]/D
                            (rising edge-triggered cell FDRE clocked by ap_clk  {rise@0.000ns fall@5.000ns period=10.000ns})
  Path Group:             ap_clk
  Path Type:              Setup (Max at Slow Process Corner)
  Requirement:            10.000ns  (ap_clk rise@10.000ns - ap_clk rise@0.000ns)
  Data Path Delay:        7.436ns  (logic 3.478ns (46.774%)  route 3.958ns (53.226%))
  Logic Levels:           11  (CARRY4=4 LUT5=2 LUT6=4 RAMB36E1=1)
  Clock Path Skew:        -0.049ns (DCD - SCD + CPR)
    Destination Clock Delay (DCD):    0.924ns = ( 10.924 - 10.000 ) 
    Source Clock Delay      (SCD):    0.973ns
    Clock Pessimism Removal (CPR):    0.000ns
  Clock Uncertainty:      0.035ns  ((TSJ^2 + TIJ^2)^1/2 + DJ) / 2 + PE
    Total System Jitter     (TSJ):    0.071ns
    Total Input Jitter      (TIJ):    0.000ns
    Discrete Jitter          (DJ):    0.000ns
    Phase Error              (PE):    0.000ns

    Location             Delay type                Incr(ns)  Path(ns)    Netlist Resource(s)
  -------------------------------------------------------------------    -------------------
                         (clock ap_clk rise edge)     0.000     0.000 r  
                                                      0.000     0.000 r  ap_clk (IN)
                         net (fo=3149, unset)         0.973     0.973    bd_0_i/hls_inst/inst/control_s_axi_U/int_code_ram/ap_clk
                         RAMB36E1                                     r  bd_0_i/hls_inst/inst/control_s_axi_U/int_code_ram/mem_reg_1_0_5/CLKBWRCLK
  -------------------------------------------------------------------    -------------------
                         RAMB36E1 (Prop_ramb36e1_CLKBWRCLK_CASCADEOUTB)
                                                      1.028     2.001 r  bd_0_i/hls_inst/inst/control_s_axi_U/int_code_ram/mem_reg_1_0_5/CASCADEOUTB
                         net (fo=1, unplaced)         0.065     2.066    bd_0_i/hls_inst/inst/control_s_axi_U/int_code_ram/mem_reg_1_0_5_n_1
                         RAMB36E1 (Prop_ramb36e1_CASCADEINB_DOBDO[0])
                                                      0.425     2.491 f  bd_0_i/hls_inst/inst/control_s_axi_U/int_code_ram/mem_reg_1_1_5/DOBDO[0]
                         net (fo=42, unplaced)        0.800     3.291    bd_0_i/hls_inst/inst/control_s_axi_U/int_code_ram/q0[6]
                         LUT5 (Prop_lut5_I4_O)        0.124     3.415 r  bd_0_i/hls_inst/inst/control_s_axi_U/int_code_ram/reg_file_1_fu_278[31]_i_11/O
                         net (fo=32, unplaced)        0.973     4.388    bd_0_i/hls_inst/inst/control_s_axi_U/int_code_ram/reg_file_1_fu_278[31]_i_11_n_0
                         LUT6 (Prop_lut6_I3_O)        0.124     4.512 r  bd_0_i/hls_inst/inst/control_s_axi_U/int_code_ram/reg_file_1_fu_278[0]_i_3/O
                         net (fo=1, unplaced)         0.449     4.961    bd_0_i/hls_inst/inst/control_s_axi_U/int_code_ram/reg_file_1_fu_278[0]_i_3_n_0
                         LUT6 (Prop_lut6_I5_O)        0.124     5.085 r  bd_0_i/hls_inst/inst/control_s_axi_U/int_code_ram/reg_file_1_fu_278[0]_i_2/O
                         net (fo=18, unplaced)        0.506     5.591    bd_0_i/hls_inst/inst/control_s_axi_U/int_code_ram/reg_file_1_fu_278[0]_i_2_n_0
                         LUT6 (Prop_lut6_I1_O)        0.124     5.715 r  bd_0_i/hls_inst/inst/control_s_axi_U/int_code_ram/pc_fu_270[3]_i_12/O
                         net (fo=1, unplaced)         0.000     5.715    bd_0_i/hls_inst/inst/control_s_axi_U/int_code_ram/pc_fu_270[3]_i_12_n_0
                         CARRY4 (Prop_carry4_S[1]_CO[3])
                                                      0.533     6.248 r  bd_0_i/hls_inst/inst/control_s_axi_U/int_code_ram/pc_fu_270_reg[3]_i_5/CO[3]
                         net (fo=1, unplaced)         0.009     6.257    bd_0_i/hls_inst/inst/control_s_axi_U/int_code_ram/pc_fu_270_reg[3]_i_5_n_0
                         CARRY4 (Prop_carry4_CI_CO[3])
                                                      0.117     6.374 r  bd_0_i/hls_inst/inst/control_s_axi_U/int_code_ram/pc_fu_270_reg[7]_i_5/CO[3]
                         net (fo=1, unplaced)         0.000     6.374    bd_0_i/hls_inst/inst/control_s_axi_U/int_code_ram/pc_fu_270_reg[7]_i_5_n_0
                         CARRY4 (Prop_carry4_CI_CO[3])
                                                      0.117     6.491 r  bd_0_i/hls_inst/inst/control_s_axi_U/int_code_ram/pc_fu_270_reg[11]_i_5/CO[3]
                         net (fo=1, unplaced)         0.000     6.491    bd_0_i/hls_inst/inst/control_s_axi_U/int_code_ram/pc_fu_270_reg[11]_i_5_n_0
                         CARRY4 (Prop_carry4_CI_O[3])
                                                      0.331     6.822 r  bd_0_i/hls_inst/inst/control_s_axi_U/int_code_ram/pc_fu_270_reg[15]_i_10/O[3]
                         net (fo=1, unplaced)         0.618     7.440    bd_0_i/hls_inst/inst/control_s_axi_U/int_code_ram/pc_fu_270_reg[15]_i_10_n_4
                         LUT5 (Prop_lut5_I4_O)        0.307     7.747 r  bd_0_i/hls_inst/inst/control_s_axi_U/int_code_ram/pc_fu_270[15]_i_3/O
                         net (fo=65, unplaced)        0.538     8.285    bd_0_i/hls_inst/inst/control_s_axi_U/int_code_ram/pc_fu_270[15]_i_3_n_0
                         LUT6 (Prop_lut6_I2_O)        0.124     8.409 r  bd_0_i/hls_inst/inst/control_s_axi_U/int_code_ram/pc_fu_270[15]_i_2/O
                         net (fo=1, unplaced)         0.000     8.409    bd_0_i/hls_inst/inst/control_s_axi_U_n_467
                         FDRE                                         r  bd_0_i/hls_inst/inst/pc_fu_270_reg[15]/D
  -------------------------------------------------------------------    -------------------

                         (clock ap_clk rise edge)    10.000    10.000 r  
                                                      0.000    10.000 r  ap_clk (IN)
                         net (fo=3149, unset)         0.924    10.924    bd_0_i/hls_inst/inst/ap_clk
                         FDRE                                         r  bd_0_i/hls_inst/inst/pc_fu_270_reg[15]/C
                         clock pessimism              0.000    10.924    
                         clock uncertainty           -0.035    10.889    
                         FDRE (Setup_fdre_C_D)        0.077    10.966    bd_0_i/hls_inst/inst/pc_fu_270_reg[15]
  -------------------------------------------------------------------
                         required time                         10.966    
                         arrival time                          -8.409    
  -------------------------------------------------------------------
                         slack                                  2.557    





Min Delay Paths
--------------------------------------------------------------------------------------
Slack (MET) :             0.256ns  (arrival time - required time)
  Source:                 bd_0_i/hls_inst/inst/control_s_axi_U/FSM_onehot_wstate_reg[3]/C
                            (rising edge-triggered cell FDRE clocked by ap_clk  {rise@0.000ns fall@5.000ns period=10.000ns})
  Destination:            bd_0_i/hls_inst/inst/control_s_axi_U/FSM_onehot_wstate_reg[3]/D
                            (rising edge-triggered cell FDRE clocked by ap_clk  {rise@0.000ns fall@5.000ns period=10.000ns})
  Path Group:             ap_clk
  Path Type:              Hold (Min at Fast Process Corner)
  Requirement:            0.000ns  (ap_clk rise@0.000ns - ap_clk rise@0.000ns)
  Data Path Delay:        0.398ns  (logic 0.262ns (65.874%)  route 0.136ns (34.126%))
  Logic Levels:           1  (LUT6=1)
  Clock Path Skew:        0.022ns (DCD - SCD - CPR)
    Destination Clock Delay (DCD):    0.432ns
    Source Clock Delay      (SCD):    0.410ns
    Clock Pessimism Removal (CPR):    -0.000ns

    Location             Delay type                Incr(ns)  Path(ns)    Netlist Resource(s)
  -------------------------------------------------------------------    -------------------
                         (clock ap_clk rise edge)     0.000     0.000 r  
                                                      0.000     0.000 r  ap_clk (IN)
                         net (fo=3149, unset)         0.410     0.410    bd_0_i/hls_inst/inst/control_s_axi_U/ap_clk
                         FDRE                                         r  bd_0_i/hls_inst/inst/control_s_axi_U/FSM_onehot_wstate_reg[3]/C
  -------------------------------------------------------------------    -------------------
                         FDRE (Prop_fdre_C_Q)         0.164     0.574 r  bd_0_i/hls_inst/inst/control_s_axi_U/FSM_onehot_wstate_reg[3]/Q
                         net (fo=2, unplaced)         0.136     0.710    bd_0_i/hls_inst/inst/control_s_axi_U/s_axi_control_BVALID
                         LUT6 (Prop_lut6_I5_O)        0.098     0.808 r  bd_0_i/hls_inst/inst/control_s_axi_U/FSM_onehot_wstate[3]_i_1/O
                         net (fo=1, unplaced)         0.000     0.808    bd_0_i/hls_inst/inst/control_s_axi_U/FSM_onehot_wstate[3]_i_1_n_0
                         FDRE                                         r  bd_0_i/hls_inst/inst/control_s_axi_U/FSM_onehot_wstate_reg[3]/D
  -------------------------------------------------------------------    -------------------

                         (clock ap_clk rise edge)     0.000     0.000 r  
                                                      0.000     0.000 r  ap_clk (IN)
                         net (fo=3149, unset)         0.432     0.432    bd_0_i/hls_inst/inst/control_s_axi_U/ap_clk
                         FDRE                                         r  bd_0_i/hls_inst/inst/control_s_axi_U/FSM_onehot_wstate_reg[3]/C
                         clock pessimism              0.000     0.432    
                         FDRE (Hold_fdre_C_D)         0.120     0.552    bd_0_i/hls_inst/inst/control_s_axi_U/FSM_onehot_wstate_reg[3]
  -------------------------------------------------------------------
                         required time                         -0.552    
                         arrival time                           0.808    
  -------------------------------------------------------------------
                         slack                                  0.256    





Pulse Width Checks
--------------------------------------------------------------------------------------
Clock Name:         ap_clk
Waveform(ns):       { 0.000 5.000 }
Period(ns):         10.000
Sources:            { ap_clk }

Check Type        Corner  Lib Pin             Reference Pin  Required(ns)  Actual(ns)  Slack(ns)  Location  Pin
Min Period        n/a     RAMB36E1/CLKARDCLK  n/a            3.363         10.000      6.637                bd_0_i/hls_inst/inst/control_s_axi_U/int_code_ram/mem_reg_0_0_0/CLKARDCLK
Low Pulse Width   Slow    FDRE/C              n/a            0.500         5.000       4.500                bd_0_i/hls_inst/inst/a01_reg_2870_reg[0]/C
High Pulse Width  Slow    FDRE/C              n/a            0.500         5.000       4.500                bd_0_i/hls_inst/inst/a01_reg_2870_reg[0]/C



